nohup: ignoring input
/opt/pytorch/lib64/python3.13/site-packages/torch/cuda/__init__.py:65: FutureWarning: The pynvml package is deprecated. Please install nvidia-ml-py instead. If you did not install pynvml directly, please report this to the maintainers of the package that installed pynvml for you.
  import pynvml  # type: ignore[import]
/home/ssm-user/efs/eacs/train_teachers.py:84: FutureWarning: `torch.cuda.amp.GradScaler(args...)` is deprecated. Please use `torch.amp.GradScaler('cuda', args...)` instead.
  scaler = torch.cuda.amp.GradScaler() if use_amp else None

===== α=0.1, seed=42 =====
  Proxy:   10,000
  Client 0: 21,313장
  Client 1: 25,808장
  Client 2: 21,060장
  Client 3: 28,281장
  Client 4: 20,227장
  Loading parquet: /home/ssm-user/efs/workspace/extract_imagenet_100/data/imagenet100/train.parquet
  Loading parquet: /home/ssm-user/efs/workspace/extract_imagenet_100/data/imagenet100/validation.parquet

--- Teacher 0 학습 ---
/home/ssm-user/efs/eacs/common.py:364: FutureWarning: `torch.cuda.amp.autocast(args...)` is deprecated. Please use `torch.amp.autocast('cuda', args...)` instead.
  with torch.cuda.amp.autocast():
[teacher_k0_a0.1_s42] epoch   0 |    44.8s
  [T0] epoch   0 | tr_acc=0.1323 | val_acc=0.0456 | macro_f1=0.0164
[teacher_k0_a0.1_s42] epoch   1 |    29.3s
[teacher_k0_a0.1_s42] epoch   2 |    29.3s
[teacher_k0_a0.1_s42] epoch   3 |    29.3s
[teacher_k0_a0.1_s42] epoch   4 |    25.6s
[teacher_k0_a0.1_s42] epoch   5 |    25.5s
[teacher_k0_a0.1_s42] epoch   6 |    25.6s
[teacher_k0_a0.1_s42] epoch   7 |    25.9s
[teacher_k0_a0.1_s42] epoch   8 |    25.7s
[teacher_k0_a0.1_s42] epoch   9 |    25.7s
[teacher_k0_a0.1_s42] epoch  10 |    25.7s
  [T0] epoch  10 | tr_acc=0.5806 | val_acc=0.1424 | macro_f1=0.0814
[teacher_k0_a0.1_s42] epoch  11 |    25.8s
[teacher_k0_a0.1_s42] epoch  12 |    25.6s
[teacher_k0_a0.1_s42] epoch  13 |    26.0s
[teacher_k0_a0.1_s42] epoch  14 |    25.5s
[teacher_k0_a0.1_s42] epoch  15 |    25.6s
[teacher_k0_a0.1_s42] epoch  16 |    25.6s
[teacher_k0_a0.1_s42] epoch  17 |    25.8s
[teacher_k0_a0.1_s42] epoch  18 |    25.6s
[teacher_k0_a0.1_s42] epoch  19 |    25.8s
[teacher_k0_a0.1_s42] epoch  20 |    25.9s
  [T0] epoch  20 | tr_acc=0.6899 | val_acc=0.2052 | macro_f1=0.1226
[teacher_k0_a0.1_s42] epoch  21 |    25.4s
[teacher_k0_a0.1_s42] epoch  22 |    25.6s
[teacher_k0_a0.1_s42] epoch  23 |    25.9s
[teacher_k0_a0.1_s42] epoch  24 |    25.5s
[teacher_k0_a0.1_s42] epoch  25 |    25.6s
[teacher_k0_a0.1_s42] epoch  26 |    25.7s
[teacher_k0_a0.1_s42] epoch  27 |    25.5s
[teacher_k0_a0.1_s42] epoch  28 |    25.7s
[teacher_k0_a0.1_s42] epoch  29 |    25.6s
[teacher_k0_a0.1_s42] epoch  30 |    25.9s
  [T0] epoch  30 | tr_acc=0.7551 | val_acc=0.2348 | macro_f1=0.1423
[teacher_k0_a0.1_s42] epoch  31 |    25.7s
[teacher_k0_a0.1_s42] epoch  32 |    25.7s
[teacher_k0_a0.1_s42] epoch  33 |    25.9s
[teacher_k0_a0.1_s42] epoch  34 |    25.6s
[teacher_k0_a0.1_s42] epoch  35 |    25.7s
[teacher_k0_a0.1_s42] epoch  36 |    25.6s
[teacher_k0_a0.1_s42] epoch  37 |    25.9s
[teacher_k0_a0.1_s42] epoch  38 |    25.7s
[teacher_k0_a0.1_s42] epoch  39 |    25.6s
[teacher_k0_a0.1_s42] epoch  40 |    25.8s
  [T0] epoch  40 | tr_acc=0.8289 | val_acc=0.2724 | macro_f1=0.1626
[teacher_k0_a0.1_s42] epoch  41 |    25.6s
[teacher_k0_a0.1_s42] epoch  42 |    25.7s
[teacher_k0_a0.1_s42] epoch  43 |    25.8s
[teacher_k0_a0.1_s42] epoch  44 |    25.7s
[teacher_k0_a0.1_s42] epoch  45 |    25.8s
[teacher_k0_a0.1_s42] epoch  46 |    25.9s
[teacher_k0_a0.1_s42] epoch  47 |    25.6s
[teacher_k0_a0.1_s42] epoch  48 |    25.6s
[teacher_k0_a0.1_s42] epoch  49 |    25.6s
[teacher_k0_a0.1_s42] epoch  50 |    25.7s
  [T0] epoch  50 | tr_acc=0.9029 | val_acc=0.2862 | macro_f1=0.1753
[teacher_k0_a0.1_s42] epoch  51 |    25.7s
[teacher_k0_a0.1_s42] epoch  52 |    26.0s
[teacher_k0_a0.1_s42] epoch  53 |    25.6s
[teacher_k0_a0.1_s42] epoch  54 |    25.6s
[teacher_k0_a0.1_s42] epoch  55 |    25.6s
[teacher_k0_a0.1_s42] epoch  56 |    25.7s
[teacher_k0_a0.1_s42] epoch  57 |    25.7s
[teacher_k0_a0.1_s42] epoch  58 |    25.7s
[teacher_k0_a0.1_s42] epoch  59 |    25.6s
  [T0] epoch  59 | tr_acc=0.9258 | val_acc=0.2916 | macro_f1=0.1794
[teacher_k0_a0.1_s42] SUMMARY | n=60 total=1571s mean=26.2s (min=25.4, max=44.8)
[teacher_k0_a0.1_s42] SUMMARY | n=60 total=1571s mean=26.2s (min=25.4, max=44.8)

--- Teacher 1 학습 ---
[teacher_k1_a0.1_s42] epoch   0 |    29.7s
  [T1] epoch   0 | tr_acc=0.1061 | val_acc=0.0428 | macro_f1=0.0125
[teacher_k1_a0.1_s42] epoch   1 |    29.9s
[teacher_k1_a0.1_s42] epoch   2 |    30.2s
[teacher_k1_a0.1_s42] epoch   3 |    30.0s
[teacher_k1_a0.1_s42] epoch   4 |    30.1s
[teacher_k1_a0.1_s42] epoch   5 |    29.9s
[teacher_k1_a0.1_s42] epoch   6 |    30.1s
[teacher_k1_a0.1_s42] epoch   7 |    30.0s
[teacher_k1_a0.1_s42] epoch   8 |    30.0s
[teacher_k1_a0.1_s42] epoch   9 |    30.2s
[teacher_k1_a0.1_s42] epoch  10 |    29.9s
  [T1] epoch  10 | tr_acc=0.4808 | val_acc=0.1484 | macro_f1=0.0842
[teacher_k1_a0.1_s42] epoch  11 |    29.7s
[teacher_k1_a0.1_s42] epoch  12 |    29.8s
[teacher_k1_a0.1_s42] epoch  13 |    30.0s
[teacher_k1_a0.1_s42] epoch  14 |    30.3s
[teacher_k1_a0.1_s42] epoch  15 |    30.1s
[teacher_k1_a0.1_s42] epoch  16 |    30.0s
[teacher_k1_a0.1_s42] epoch  17 |    30.0s
[teacher_k1_a0.1_s42] epoch  18 |    30.2s
[teacher_k1_a0.1_s42] epoch  19 |    30.0s
[teacher_k1_a0.1_s42] epoch  20 |    30.0s
  [T1] epoch  20 | tr_acc=0.6065 | val_acc=0.1948 | macro_f1=0.1254
[teacher_k1_a0.1_s42] epoch  21 |    30.0s
[teacher_k1_a0.1_s42] epoch  22 |    29.9s
[teacher_k1_a0.1_s42] epoch  23 |    30.1s
[teacher_k1_a0.1_s42] epoch  24 |    30.1s
[teacher_k1_a0.1_s42] epoch  25 |    29.9s
[teacher_k1_a0.1_s42] epoch  26 |    30.2s
[teacher_k1_a0.1_s42] epoch  27 |    29.9s
[teacher_k1_a0.1_s42] epoch  28 |    30.0s
[teacher_k1_a0.1_s42] epoch  29 |    29.8s
[teacher_k1_a0.1_s42] epoch  30 |    29.9s
  [T1] epoch  30 | tr_acc=0.6930 | val_acc=0.2526 | macro_f1=0.1764
[teacher_k1_a0.1_s42] epoch  31 |    30.0s
[teacher_k1_a0.1_s42] epoch  32 |    29.8s
[teacher_k1_a0.1_s42] epoch  33 |    30.1s
[teacher_k1_a0.1_s42] epoch  34 |    29.9s
[teacher_k1_a0.1_s42] epoch  35 |    30.1s
[teacher_k1_a0.1_s42] epoch  36 |    30.1s
[teacher_k1_a0.1_s42] epoch  37 |    29.9s
[teacher_k1_a0.1_s42] epoch  38 |    29.9s
[teacher_k1_a0.1_s42] epoch  39 |    30.0s
[teacher_k1_a0.1_s42] epoch  40 |    29.9s
  [T1] epoch  40 | tr_acc=0.7708 | val_acc=0.2928 | macro_f1=0.2046
[teacher_k1_a0.1_s42] epoch  41 |    30.1s
[teacher_k1_a0.1_s42] epoch  42 |    30.1s
[teacher_k1_a0.1_s42] epoch  43 |    29.9s
[teacher_k1_a0.1_s42] epoch  44 |    30.3s
[teacher_k1_a0.1_s42] epoch  45 |    29.8s
[teacher_k1_a0.1_s42] epoch  46 |    30.1s
[teacher_k1_a0.1_s42] epoch  47 |    30.0s
[teacher_k1_a0.1_s42] epoch  48 |    30.0s
[teacher_k1_a0.1_s42] epoch  49 |    29.6s
[teacher_k1_a0.1_s42] epoch  50 |    30.0s
  [T1] epoch  50 | tr_acc=0.8604 | val_acc=0.3264 | macro_f1=0.2281
[teacher_k1_a0.1_s42] epoch  51 |    30.0s
[teacher_k1_a0.1_s42] epoch  52 |    29.9s
[teacher_k1_a0.1_s42] epoch  53 |    29.9s
[teacher_k1_a0.1_s42] epoch  54 |    29.9s
[teacher_k1_a0.1_s42] epoch  55 |    30.2s
[teacher_k1_a0.1_s42] epoch  56 |    30.0s
[teacher_k1_a0.1_s42] epoch  57 |    29.9s
[teacher_k1_a0.1_s42] epoch  58 |    30.0s
[teacher_k1_a0.1_s42] epoch  59 |    29.9s
  [T1] epoch  59 | tr_acc=0.8934 | val_acc=0.3344 | macro_f1=0.2351
[teacher_k1_a0.1_s42] SUMMARY | n=60 total=1799s mean=30.0s (min=29.6, max=30.3)
[teacher_k1_a0.1_s42] SUMMARY | n=60 total=1799s mean=30.0s (min=29.6, max=30.3)

--- Teacher 2 학습 ---
[teacher_k2_a0.1_s42] epoch   0 |    25.2s
  [T2] epoch   0 | tr_acc=0.1692 | val_acc=0.0342 | macro_f1=0.0148
[teacher_k2_a0.1_s42] epoch   1 |    25.1s
[teacher_k2_a0.1_s42] epoch   2 |    25.1s
[teacher_k2_a0.1_s42] epoch   3 |    25.2s
[teacher_k2_a0.1_s42] epoch   4 |    24.9s
[teacher_k2_a0.1_s42] epoch   5 |    25.0s
[teacher_k2_a0.1_s42] epoch   6 |    25.0s
[teacher_k2_a0.1_s42] epoch   7 |    25.2s
[teacher_k2_a0.1_s42] epoch   8 |    25.1s
[teacher_k2_a0.1_s42] epoch   9 |    25.0s
[teacher_k2_a0.1_s42] epoch  10 |    25.2s
  [T2] epoch  10 | tr_acc=0.5584 | val_acc=0.1446 | macro_f1=0.0839
[teacher_k2_a0.1_s42] epoch  11 |    25.1s
[teacher_k2_a0.1_s42] epoch  12 |    24.9s
[teacher_k2_a0.1_s42] epoch  13 |    25.2s
[teacher_k2_a0.1_s42] epoch  14 |    25.1s
[teacher_k2_a0.1_s42] epoch  15 |    25.1s
[teacher_k2_a0.1_s42] epoch  16 |    25.2s
[teacher_k2_a0.1_s42] epoch  17 |    25.1s
[teacher_k2_a0.1_s42] epoch  18 |    25.2s
[teacher_k2_a0.1_s42] epoch  19 |    24.8s
[teacher_k2_a0.1_s42] epoch  20 |    25.1s
  [T2] epoch  20 | tr_acc=0.6763 | val_acc=0.1856 | macro_f1=0.1234
[teacher_k2_a0.1_s42] epoch  21 |    25.0s
[teacher_k2_a0.1_s42] epoch  22 |    25.3s
[teacher_k2_a0.1_s42] epoch  23 |    25.1s
[teacher_k2_a0.1_s42] epoch  24 |    25.2s
[teacher_k2_a0.1_s42] epoch  25 |    24.8s
[teacher_k2_a0.1_s42] epoch  26 |    24.8s
[teacher_k2_a0.1_s42] epoch  27 |    25.1s
[teacher_k2_a0.1_s42] epoch  28 |    25.2s
[teacher_k2_a0.1_s42] epoch  29 |    25.1s
[teacher_k2_a0.1_s42] epoch  30 |    24.9s
  [T2] epoch  30 | tr_acc=0.7416 | val_acc=0.2442 | macro_f1=0.1653
[teacher_k2_a0.1_s42] epoch  31 |    25.1s
[teacher_k2_a0.1_s42] epoch  32 |    25.4s
[teacher_k2_a0.1_s42] epoch  33 |    25.1s
[teacher_k2_a0.1_s42] epoch  34 |    25.1s
[teacher_k2_a0.1_s42] epoch  35 |    25.1s
[teacher_k2_a0.1_s42] epoch  36 |    25.2s
[teacher_k2_a0.1_s42] epoch  37 |    25.1s
[teacher_k2_a0.1_s42] epoch  38 |    25.2s
[teacher_k2_a0.1_s42] epoch  39 |    25.1s
[teacher_k2_a0.1_s42] epoch  40 |    25.0s
  [T2] epoch  40 | tr_acc=0.8146 | val_acc=0.2862 | macro_f1=0.1931
[teacher_k2_a0.1_s42] epoch  41 |    25.2s
[teacher_k2_a0.1_s42] epoch  42 |    25.0s
[teacher_k2_a0.1_s42] epoch  43 |    25.1s
[teacher_k2_a0.1_s42] epoch  44 |    24.9s
[teacher_k2_a0.1_s42] epoch  45 |    25.2s
[teacher_k2_a0.1_s42] epoch  46 |    25.1s
[teacher_k2_a0.1_s42] epoch  47 |    25.2s
[teacher_k2_a0.1_s42] epoch  48 |    25.1s
[teacher_k2_a0.1_s42] epoch  49 |    25.0s
[teacher_k2_a0.1_s42] epoch  50 |    24.9s
  [T2] epoch  50 | tr_acc=0.8871 | val_acc=0.3162 | macro_f1=0.2108
[teacher_k2_a0.1_s42] epoch  51 |    25.1s
[teacher_k2_a0.1_s42] epoch  52 |    25.1s
[teacher_k2_a0.1_s42] epoch  53 |    25.0s
[teacher_k2_a0.1_s42] epoch  54 |    25.2s
[teacher_k2_a0.1_s42] epoch  55 |    25.2s
[teacher_k2_a0.1_s42] epoch  56 |    25.2s
[teacher_k2_a0.1_s42] epoch  57 |    25.2s
[teacher_k2_a0.1_s42] epoch  58 |    25.2s
[teacher_k2_a0.1_s42] epoch  59 |    25.1s
  [T2] epoch  59 | tr_acc=0.9165 | val_acc=0.3208 | macro_f1=0.2161
[teacher_k2_a0.1_s42] SUMMARY | n=60 total=1506s mean=25.1s (min=24.8, max=25.4)
[teacher_k2_a0.1_s42] SUMMARY | n=60 total=1506s mean=25.1s (min=24.8, max=25.4)

--- Teacher 3 학습 ---
[teacher_k3_a0.1_s42] epoch   0 |    32.4s
  [T3] epoch   0 | tr_acc=0.0785 | val_acc=0.0430 | macro_f1=0.0127
[teacher_k3_a0.1_s42] epoch   1 |    32.3s
[teacher_k3_a0.1_s42] epoch   2 |    32.3s
[teacher_k3_a0.1_s42] epoch   3 |    32.2s
[teacher_k3_a0.1_s42] epoch   4 |    32.7s
[teacher_k3_a0.1_s42] epoch   5 |    32.5s
[teacher_k3_a0.1_s42] epoch   6 |    32.2s
[teacher_k3_a0.1_s42] epoch   7 |    32.4s
[teacher_k3_a0.1_s42] epoch   8 |    32.5s
[teacher_k3_a0.1_s42] epoch   9 |    32.2s
[teacher_k3_a0.1_s42] epoch  10 |    32.3s
  [T3] epoch  10 | tr_acc=0.5111 | val_acc=0.1694 | macro_f1=0.0973
[teacher_k3_a0.1_s42] epoch  11 |    32.4s
[teacher_k3_a0.1_s42] epoch  12 |    32.1s
[teacher_k3_a0.1_s42] epoch  13 |    32.3s
[teacher_k3_a0.1_s42] epoch  14 |    32.2s
[teacher_k3_a0.1_s42] epoch  15 |    32.3s
[teacher_k3_a0.1_s42] epoch  16 |    32.3s
[teacher_k3_a0.1_s42] epoch  17 |    32.4s
[teacher_k3_a0.1_s42] epoch  18 |    32.3s
[teacher_k3_a0.1_s42] epoch  19 |    32.3s
[teacher_k3_a0.1_s42] epoch  20 |    32.2s
  [T3] epoch  20 | tr_acc=0.6393 | val_acc=0.2090 | macro_f1=0.1277
[teacher_k3_a0.1_s42] epoch  21 |    32.6s
[teacher_k3_a0.1_s42] epoch  22 |    32.1s
[teacher_k3_a0.1_s42] epoch  23 |    32.4s
[teacher_k3_a0.1_s42] epoch  24 |    32.3s
[teacher_k3_a0.1_s42] epoch  25 |    32.3s
[teacher_k3_a0.1_s42] epoch  26 |    32.3s
[teacher_k3_a0.1_s42] epoch  27 |    32.4s
[teacher_k3_a0.1_s42] epoch  28 |    32.2s
[teacher_k3_a0.1_s42] epoch  29 |    32.4s
[teacher_k3_a0.1_s42] epoch  30 |    32.5s
  [T3] epoch  30 | tr_acc=0.7140 | val_acc=0.2544 | macro_f1=0.1647
[teacher_k3_a0.1_s42] epoch  31 |    32.3s
[teacher_k3_a0.1_s42] epoch  32 |    32.2s
[teacher_k3_a0.1_s42] epoch  33 |    32.2s
[teacher_k3_a0.1_s42] epoch  34 |    32.3s
[teacher_k3_a0.1_s42] epoch  35 |    32.3s
[teacher_k3_a0.1_s42] epoch  36 |    32.2s
[teacher_k3_a0.1_s42] epoch  37 |    32.4s
[teacher_k3_a0.1_s42] epoch  38 |    32.1s
[teacher_k3_a0.1_s42] epoch  39 |    32.3s
[teacher_k3_a0.1_s42] epoch  40 |    32.3s
  [T3] epoch  40 | tr_acc=0.7933 | val_acc=0.2874 | macro_f1=0.1925
[teacher_k3_a0.1_s42] epoch  41 |    32.5s
[teacher_k3_a0.1_s42] epoch  42 |    32.3s
[teacher_k3_a0.1_s42] epoch  43 |    32.5s
[teacher_k3_a0.1_s42] epoch  44 |    32.5s
[teacher_k3_a0.1_s42] epoch  45 |    32.3s
[teacher_k3_a0.1_s42] epoch  46 |    32.1s
[teacher_k3_a0.1_s42] epoch  47 |    32.4s
[teacher_k3_a0.1_s42] epoch  48 |    32.4s
[teacher_k3_a0.1_s42] epoch  49 |    32.2s
[teacher_k3_a0.1_s42] epoch  50 |    32.2s
  [T3] epoch  50 | tr_acc=0.8701 | val_acc=0.3118 | macro_f1=0.2052
[teacher_k3_a0.1_s42] epoch  51 |    32.6s
[teacher_k3_a0.1_s42] epoch  52 |    32.3s
[teacher_k3_a0.1_s42] epoch  53 |    32.7s
[teacher_k3_a0.1_s42] epoch  54 |    32.4s
[teacher_k3_a0.1_s42] epoch  55 |    32.2s
[teacher_k3_a0.1_s42] epoch  56 |    32.4s
[teacher_k3_a0.1_s42] epoch  57 |    32.4s
[teacher_k3_a0.1_s42] epoch  58 |    32.6s
[teacher_k3_a0.1_s42] epoch  59 |    32.4s
  [T3] epoch  59 | tr_acc=0.9017 | val_acc=0.3200 | macro_f1=0.2119
[teacher_k3_a0.1_s42] SUMMARY | n=60 total=1940s mean=32.3s (min=32.1, max=32.7)
[teacher_k3_a0.1_s42] SUMMARY | n=60 total=1940s mean=32.3s (min=32.1, max=32.7)

--- Teacher 4 학습 ---
[teacher_k4_a0.1_s42] epoch   0 |    24.1s
  [T4] epoch   0 | tr_acc=0.1128 | val_acc=0.0320 | macro_f1=0.0071
[teacher_k4_a0.1_s42] epoch   1 |    24.0s
[teacher_k4_a0.1_s42] epoch   2 |    23.9s
[teacher_k4_a0.1_s42] epoch   3 |    23.8s
[teacher_k4_a0.1_s42] epoch   4 |    24.0s
[teacher_k4_a0.1_s42] epoch   5 |    23.9s
[teacher_k4_a0.1_s42] epoch   6 |    23.9s
[teacher_k4_a0.1_s42] epoch   7 |    24.2s
[teacher_k4_a0.1_s42] epoch   8 |    23.7s
[teacher_k4_a0.1_s42] epoch   9 |    23.8s
[teacher_k4_a0.1_s42] epoch  10 |    23.8s
  [T4] epoch  10 | tr_acc=0.4825 | val_acc=0.1320 | macro_f1=0.0687
[teacher_k4_a0.1_s42] epoch  11 |    23.9s
[teacher_k4_a0.1_s42] epoch  12 |    23.9s
[teacher_k4_a0.1_s42] epoch  13 |    24.0s
[teacher_k4_a0.1_s42] epoch  14 |    23.9s
[teacher_k4_a0.1_s42] epoch  15 |    23.9s
[teacher_k4_a0.1_s42] epoch  16 |    23.8s
[teacher_k4_a0.1_s42] epoch  17 |    23.9s
[teacher_k4_a0.1_s42] epoch  18 |    23.9s
[teacher_k4_a0.1_s42] epoch  19 |    23.9s
[teacher_k4_a0.1_s42] epoch  20 |    23.9s
  [T4] epoch  20 | tr_acc=0.6179 | val_acc=0.1774 | macro_f1=0.1056
[teacher_k4_a0.1_s42] epoch  21 |    24.0s
[teacher_k4_a0.1_s42] epoch  22 |    23.9s
[teacher_k4_a0.1_s42] epoch  23 |    23.8s
[teacher_k4_a0.1_s42] epoch  24 |    24.0s
[teacher_k4_a0.1_s42] epoch  25 |    23.8s
[teacher_k4_a0.1_s42] epoch  26 |    23.9s
[teacher_k4_a0.1_s42] epoch  27 |    24.1s
[teacher_k4_a0.1_s42] epoch  28 |    23.9s
[teacher_k4_a0.1_s42] epoch  29 |    23.8s
[teacher_k4_a0.1_s42] epoch  30 |    23.8s
  [T4] epoch  30 | tr_acc=0.6940 | val_acc=0.1904 | macro_f1=0.1194
[teacher_k4_a0.1_s42] epoch  31 |    23.7s
[teacher_k4_a0.1_s42] epoch  32 |    24.1s
[teacher_k4_a0.1_s42] epoch  33 |    23.9s
[teacher_k4_a0.1_s42] epoch  34 |    24.0s
[teacher_k4_a0.1_s42] epoch  35 |    24.2s
[teacher_k4_a0.1_s42] epoch  36 |    24.1s
[teacher_k4_a0.1_s42] epoch  37 |    23.8s
[teacher_k4_a0.1_s42] epoch  38 |    24.0s
[teacher_k4_a0.1_s42] epoch  39 |    24.1s
[teacher_k4_a0.1_s42] epoch  40 |    23.8s
  [T4] epoch  40 | tr_acc=0.7746 | val_acc=0.2434 | macro_f1=0.1524
[teacher_k4_a0.1_s42] epoch  41 |    23.7s
[teacher_k4_a0.1_s42] epoch  42 |    23.7s
[teacher_k4_a0.1_s42] epoch  43 |    23.9s
[teacher_k4_a0.1_s42] epoch  44 |    23.9s
[teacher_k4_a0.1_s42] epoch  45 |    23.9s
[teacher_k4_a0.1_s42] epoch  46 |    23.9s
[teacher_k4_a0.1_s42] epoch  47 |    24.1s
[teacher_k4_a0.1_s42] epoch  48 |    24.0s
[teacher_k4_a0.1_s42] epoch  49 |    23.9s
[teacher_k4_a0.1_s42] epoch  50 |    24.0s
  [T4] epoch  50 | tr_acc=0.8561 | val_acc=0.2716 | macro_f1=0.1829
[teacher_k4_a0.1_s42] epoch  51 |    23.8s
[teacher_k4_a0.1_s42] epoch  52 |    24.0s
[teacher_k4_a0.1_s42] epoch  53 |    23.8s
[teacher_k4_a0.1_s42] epoch  54 |    24.0s
[teacher_k4_a0.1_s42] epoch  55 |    23.9s
[teacher_k4_a0.1_s42] epoch  56 |    23.9s
[teacher_k4_a0.1_s42] epoch  57 |    23.9s
[teacher_k4_a0.1_s42] epoch  58 |    23.9s
[teacher_k4_a0.1_s42] epoch  59 |    23.9s
  [T4] epoch  59 | tr_acc=0.8895 | val_acc=0.2790 | macro_f1=0.1851
[teacher_k4_a0.1_s42] SUMMARY | n=60 total=1435s mean=23.9s (min=23.7, max=24.2)
[teacher_k4_a0.1_s42] SUMMARY | n=60 total=1435s mean=23.9s (min=23.7, max=24.2)

--- Proxy logit 수집 (Teachers → proxy) ---
  T0: logits shape=(10000, 100), top-1 on proxy=0.3081
  T1: logits shape=(10000, 100), top-1 on proxy=0.3495
  T2: logits shape=(10000, 100), top-1 on proxy=0.3231
  T3: logits shape=(10000, 100), top-1 on proxy=0.3309
  T4: logits shape=(10000, 100), top-1 on proxy=0.2831

--- Expertise Matrix 계산 ---
  Teacher      F1>0.5    best F1    mean F1  proxy acc
  -------------------------------------------------------
  T0            17개      71.9%     19.1%      30.8%
  T1            23개      81.0%     25.1%      35.0%
  T2            22개      82.1%     21.8%      32.3%
  T3            19개      82.7%     22.0%      33.1%
  T4            16개      68.2%     18.5%      28.3%

  커버리지 (F1>0.3인 Teacher 수):
    전문가 0명: 9개 클래스
    전문가 1명: 27개 클래스
    전문가 2명+: 64개 클래스

--- Logit Quality 지표 (Layer 2) ---
  T0: entropy=1.083 top1_conf=0.684 top2_gap=0.560 | expert_ent=0.682 nonexp_ent=1.165
  T1: entropy=1.075 top1_conf=0.692 top2_gap=0.570 | expert_ent=0.659 nonexp_ent=1.200
  T2: entropy=1.116 top1_conf=0.682 top2_gap=0.560 | expert_ent=0.655 nonexp_ent=1.246
  T3: entropy=1.090 top1_conf=0.691 top2_gap=0.575 | expert_ent=0.647 nonexp_ent=1.193
  T4: entropy=1.170 top1_conf=0.671 top2_gap=0.546 | expert_ent=0.660 nonexp_ent=1.267

===== α=0.1, seed=42 완료 =====
  teachers.pt       → /home/ssm-user/efs/eacs_results/teachers/alpha0.1_seed42/teachers.pt
  teacher_logits.pt → /home/ssm-user/efs/eacs_results/teachers/alpha0.1_seed42/teacher_logits.pt
  expertise.npz     → /home/ssm-user/efs/eacs_results/teachers/alpha0.1_seed42/expertise.npz
  metadata.json     → /home/ssm-user/efs/eacs_results/teachers/alpha0.1_seed42/metadata.json
/opt/pytorch/lib64/python3.13/site-packages/torch/cuda/__init__.py:65: FutureWarning: The pynvml package is deprecated. Please install nvidia-ml-py instead. If you did not install pynvml directly, please report this to the maintainers of the package that installed pynvml for you.
  import pynvml  # type: ignore[import]
/home/ssm-user/efs/eacs/run_kd.py:141: FutureWarning: `torch.cuda.amp.GradScaler(args...)` is deprecated. Please use `torch.amp.GradScaler('cuda', args...)` instead.
  scaler = torch.cuda.amp.GradScaler() if use_amp else None

===== α=0.1, seed=42, weighting=uniform =====
  Fused logit shape: (10000, 100)
  클래스당 기여 Teacher 수 분포: min=5, max=5, mean=5.00
  Loading parquet: /home/ssm-user/efs/workspace/extract_imagenet_100/data/imagenet100/train.parquet
  Loading parquet: /home/ssm-user/efs/workspace/extract_imagenet_100/data/imagenet100/validation.parquet
/home/ssm-user/efs/eacs/run_kd.py:166: FutureWarning: `torch.cuda.amp.autocast(args...)` is deprecated. Please use `torch.amp.autocast('cuda', args...)` instead.
  with torch.cuda.amp.autocast():
[kd_a0.1_s42_uniform] epoch   0 |    25.0s
  [kd_a0.1_s42_uniform] epoch   0 | loss=3.061 (ce=4.448, kd=1.673) | tr_acc=0.0413 | val_acc=0.0612
[kd_a0.1_s42_uniform] epoch   1 |    15.4s
[kd_a0.1_s42_uniform] epoch   2 |    15.4s
  [kd_a0.1_s42_uniform] epoch   2 | loss=2.622 (ce=3.875, kd=1.369) | tr_acc=0.1048 | val_acc=0.0992
[kd_a0.1_s42_uniform] epoch   3 |    13.7s
[kd_a0.1_s42_uniform] epoch   4 |    13.2s
  [kd_a0.1_s42_uniform] epoch   4 | loss=2.416 (ce=3.591, kd=1.241) | tr_acc=0.1498 | val_acc=0.1442
[kd_a0.1_s42_uniform] epoch   5 |    13.2s
[kd_a0.1_s42_uniform] epoch   6 |    13.4s
  [kd_a0.1_s42_uniform] epoch   6 | loss=2.258 (ce=3.372, kd=1.144) | tr_acc=0.1917 | val_acc=0.1152
[kd_a0.1_s42_uniform] epoch   7 |    13.1s
[kd_a0.1_s42_uniform] epoch   8 |    13.3s
  [kd_a0.1_s42_uniform] epoch   8 | loss=2.147 (ce=3.207, kd=1.087) | tr_acc=0.2298 | val_acc=0.2096
[kd_a0.1_s42_uniform] epoch   9 |    13.1s
[kd_a0.1_s42_uniform] epoch  10 |    13.1s
  [kd_a0.1_s42_uniform] epoch  10 | loss=2.029 (ce=3.043, kd=1.016) | tr_acc=0.2640 | val_acc=0.1954
[kd_a0.1_s42_uniform] epoch  11 |    13.2s
[kd_a0.1_s42_uniform] epoch  12 |    13.3s
  [kd_a0.1_s42_uniform] epoch  12 | loss=1.909 (ce=2.873, kd=0.946) | tr_acc=0.2976 | val_acc=0.2558
[kd_a0.1_s42_uniform] epoch  13 |    13.4s
[kd_a0.1_s42_uniform] epoch  14 |    13.1s
  [kd_a0.1_s42_uniform] epoch  14 | loss=1.839 (ce=2.763, kd=0.914) | tr_acc=0.3205 | val_acc=0.2872
[kd_a0.1_s42_uniform] epoch  15 |    13.3s
[kd_a0.1_s42_uniform] epoch  16 |    13.4s
  [kd_a0.1_s42_uniform] epoch  16 | loss=1.740 (ce=2.628, kd=0.851) | tr_acc=0.3531 | val_acc=0.2872
[kd_a0.1_s42_uniform] epoch  17 |    13.2s
[kd_a0.1_s42_uniform] epoch  18 |    13.2s
  [kd_a0.1_s42_uniform] epoch  18 | loss=1.663 (ce=2.506, kd=0.820) | tr_acc=0.3849 | val_acc=0.3568
[kd_a0.1_s42_uniform] epoch  19 |    13.1s
[kd_a0.1_s42_uniform] epoch  20 |    13.2s
  [kd_a0.1_s42_uniform] epoch  20 | loss=1.589 (ce=2.391, kd=0.787) | tr_acc=0.4061 | val_acc=0.3426
[kd_a0.1_s42_uniform] epoch  21 |    13.1s
[kd_a0.1_s42_uniform] epoch  22 |    13.4s
  [kd_a0.1_s42_uniform] epoch  22 | loss=1.525 (ce=2.293, kd=0.756) | tr_acc=0.4289 | val_acc=0.3766
[kd_a0.1_s42_uniform] epoch  23 |    13.5s
[kd_a0.1_s42_uniform] epoch  24 |    13.3s
  [kd_a0.1_s42_uniform] epoch  24 | loss=1.457 (ce=2.182, kd=0.732) | tr_acc=0.4604 | val_acc=0.3570
[kd_a0.1_s42_uniform] epoch  25 |    13.3s
[kd_a0.1_s42_uniform] epoch  26 |    13.2s
  [kd_a0.1_s42_uniform] epoch  26 | loss=1.420 (ce=2.119, kd=0.720) | tr_acc=0.4773 | val_acc=0.3830
[kd_a0.1_s42_uniform] epoch  27 |    13.3s
[kd_a0.1_s42_uniform] epoch  28 |    13.2s
  [kd_a0.1_s42_uniform] epoch  28 | loss=1.359 (ce=2.022, kd=0.695) | tr_acc=0.4990 | val_acc=0.4140
[kd_a0.1_s42_uniform] epoch  29 |    13.2s
[kd_a0.1_s42_uniform] epoch  30 |    13.2s
  [kd_a0.1_s42_uniform] epoch  30 | loss=1.310 (ce=1.936, kd=0.685) | tr_acc=0.5274 | val_acc=0.4052
[kd_a0.1_s42_uniform] epoch  31 |    13.2s
[kd_a0.1_s42_uniform] epoch  32 |    13.2s
  [kd_a0.1_s42_uniform] epoch  32 | loss=1.258 (ce=1.848, kd=0.668) | tr_acc=0.5486 | val_acc=0.4378
[kd_a0.1_s42_uniform] epoch  33 |    13.1s
[kd_a0.1_s42_uniform] epoch  34 |    13.3s
  [kd_a0.1_s42_uniform] epoch  34 | loss=1.211 (ce=1.774, kd=0.648) | tr_acc=0.5655 | val_acc=0.4214
[kd_a0.1_s42_uniform] epoch  35 |    13.2s
[kd_a0.1_s42_uniform] epoch  36 |    13.0s
  [kd_a0.1_s42_uniform] epoch  36 | loss=1.164 (ce=1.685, kd=0.642) | tr_acc=0.5933 | val_acc=0.4436
[kd_a0.1_s42_uniform] epoch  37 |    13.2s
[kd_a0.1_s42_uniform] epoch  38 |    13.3s
  [kd_a0.1_s42_uniform] epoch  38 | loss=1.117 (ce=1.604, kd=0.630) | tr_acc=0.6113 | val_acc=0.4706
[kd_a0.1_s42_uniform] epoch  39 |    13.0s
[kd_a0.1_s42_uniform] epoch  40 |    13.2s
  [kd_a0.1_s42_uniform] epoch  40 | loss=1.077 (ce=1.532, kd=0.622) | tr_acc=0.6337 | val_acc=0.4512
[kd_a0.1_s42_uniform] epoch  41 |    13.1s
[kd_a0.1_s42_uniform] epoch  42 |    13.3s
  [kd_a0.1_s42_uniform] epoch  42 | loss=1.040 (ce=1.462, kd=0.617) | tr_acc=0.6515 | val_acc=0.4650
[kd_a0.1_s42_uniform] epoch  43 |    13.1s
[kd_a0.1_s42_uniform] epoch  44 |    13.1s
  [kd_a0.1_s42_uniform] epoch  44 | loss=0.993 (ce=1.385, kd=0.601) | tr_acc=0.6717 | val_acc=0.4990
[kd_a0.1_s42_uniform] epoch  45 |    13.2s
[kd_a0.1_s42_uniform] epoch  46 |    13.2s
  [kd_a0.1_s42_uniform] epoch  46 | loss=0.959 (ce=1.316, kd=0.602) | tr_acc=0.6932 | val_acc=0.4890
[kd_a0.1_s42_uniform] epoch  47 |    13.2s
[kd_a0.1_s42_uniform] epoch  48 |    13.3s
  [kd_a0.1_s42_uniform] epoch  48 | loss=0.900 (ce=1.206, kd=0.595) | tr_acc=0.7240 | val_acc=0.4942
[kd_a0.1_s42_uniform] epoch  49 |    13.2s
[kd_a0.1_s42_uniform] epoch  50 |    13.2s
  [kd_a0.1_s42_uniform] epoch  50 | loss=0.878 (ce=1.165, kd=0.590) | tr_acc=0.7394 | val_acc=0.5048
[kd_a0.1_s42_uniform] epoch  51 |    13.1s
[kd_a0.1_s42_uniform] epoch  52 |    13.3s
  [kd_a0.1_s42_uniform] epoch  52 | loss=0.836 (ce=1.081, kd=0.591) | tr_acc=0.7586 | val_acc=0.5238
[kd_a0.1_s42_uniform] epoch  53 |    13.2s
[kd_a0.1_s42_uniform] epoch  54 |    13.2s
  [kd_a0.1_s42_uniform] epoch  54 | loss=0.806 (ce=1.028, kd=0.585) | tr_acc=0.7783 | val_acc=0.5228
[kd_a0.1_s42_uniform] epoch  55 |    13.1s
[kd_a0.1_s42_uniform] epoch  56 |    13.0s
  [kd_a0.1_s42_uniform] epoch  56 | loss=0.758 (ce=0.944, kd=0.571) | tr_acc=0.7994 | val_acc=0.5448
[kd_a0.1_s42_uniform] epoch  57 |    13.3s
[kd_a0.1_s42_uniform] epoch  58 |    13.3s
  [kd_a0.1_s42_uniform] epoch  58 | loss=0.739 (ce=0.911, kd=0.568) | tr_acc=0.8136 | val_acc=0.5414
[kd_a0.1_s42_uniform] epoch  59 |    13.2s
[kd_a0.1_s42_uniform] epoch  60 |    13.3s
  [kd_a0.1_s42_uniform] epoch  60 | loss=0.706 (ce=0.852, kd=0.560) | tr_acc=0.8321 | val_acc=0.5506
[kd_a0.1_s42_uniform] epoch  61 |    13.3s
[kd_a0.1_s42_uniform] epoch  62 |    13.2s
  [kd_a0.1_s42_uniform] epoch  62 | loss=0.672 (ce=0.797, kd=0.548) | tr_acc=0.8470 | val_acc=0.5666
[kd_a0.1_s42_uniform] epoch  63 |    13.4s
[kd_a0.1_s42_uniform] epoch  64 |    13.3s
  [kd_a0.1_s42_uniform] epoch  64 | loss=0.643 (ce=0.736, kd=0.550) | tr_acc=0.8651 | val_acc=0.5610
[kd_a0.1_s42_uniform] epoch  65 |    13.2s
[kd_a0.1_s42_uniform] epoch  66 |    13.5s
  [kd_a0.1_s42_uniform] epoch  66 | loss=0.625 (ce=0.712, kd=0.539) | tr_acc=0.8712 | val_acc=0.5692
[kd_a0.1_s42_uniform] epoch  67 |    13.1s
[kd_a0.1_s42_uniform] epoch  68 |    13.3s
  [kd_a0.1_s42_uniform] epoch  68 | loss=0.600 (ce=0.667, kd=0.532) | tr_acc=0.8797 | val_acc=0.5652
[kd_a0.1_s42_uniform] epoch  69 |    13.1s
[kd_a0.1_s42_uniform] epoch  70 |    13.2s
  [kd_a0.1_s42_uniform] epoch  70 | loss=0.595 (ce=0.658, kd=0.532) | tr_acc=0.8838 | val_acc=0.5712
[kd_a0.1_s42_uniform] epoch  71 |    13.2s
  [kd_a0.1_s42_uniform] epoch  71 | loss=0.593 (ce=0.657, kd=0.528) | tr_acc=0.8821 | val_acc=0.5740
[kd_a0.1_s42_uniform] epoch  72 |    13.1s
  [kd_a0.1_s42_uniform] epoch  72 | loss=0.581 (ce=0.636, kd=0.526) | tr_acc=0.8932 | val_acc=0.5708
[kd_a0.1_s42_uniform] epoch  73 |    13.1s
  [kd_a0.1_s42_uniform] epoch  73 | loss=0.578 (ce=0.631, kd=0.525) | tr_acc=0.8908 | val_acc=0.5752
[kd_a0.1_s42_uniform] epoch  74 |    13.1s
  [kd_a0.1_s42_uniform] epoch  74 | loss=0.581 (ce=0.629, kd=0.532) | tr_acc=0.8913 | val_acc=0.5712
[kd_a0.1_s42_uniform] epoch  75 |    13.1s
  [kd_a0.1_s42_uniform] epoch  75 | loss=0.569 (ce=0.614, kd=0.524) | tr_acc=0.8940 | val_acc=0.5754
[kd_a0.1_s42_uniform] epoch  76 |    13.1s
  [kd_a0.1_s42_uniform] epoch  76 | loss=0.568 (ce=0.612, kd=0.524) | tr_acc=0.8959 | val_acc=0.5764
[kd_a0.1_s42_uniform] epoch  77 |    13.2s
  [kd_a0.1_s42_uniform] epoch  77 | loss=0.565 (ce=0.607, kd=0.522) | tr_acc=0.8964 | val_acc=0.5734
[kd_a0.1_s42_uniform] epoch  78 |    13.2s
  [kd_a0.1_s42_uniform] epoch  78 | loss=0.565 (ce=0.610, kd=0.520) | tr_acc=0.8966 | val_acc=0.5736
[kd_a0.1_s42_uniform] epoch  79 |    13.1s
  [kd_a0.1_s42_uniform] epoch  79 | loss=0.562 (ce=0.605, kd=0.519) | tr_acc=0.8957 | val_acc=0.5752
[kd_a0.1_s42_uniform] SUMMARY | n=80 total=1074s mean=13.4s (min=13.0, max=25.0)
[kd_a0.1_s42_uniform] SUMMARY | n=80 total=1074s mean=13.4s (min=13.0, max=25.0)

  Lower=0.5212, Upper=0.8448, Gap=0.3236
  Student=0.5764 → Gap Recovery = 17.1%

===== DONE =====
  Final acc    : 0.5764
  Best epoch   : 76
  Gap Recovery : 17.1%
  saved        → /home/ssm-user/efs/eacs_results/kd_runs/alpha0.1_seed42_uniform
/opt/pytorch/lib64/python3.13/site-packages/torch/cuda/__init__.py:65: FutureWarning: The pynvml package is deprecated. Please install nvidia-ml-py instead. If you did not install pynvml directly, please report this to the maintainers of the package that installed pynvml for you.
  import pynvml  # type: ignore[import]
/home/ssm-user/efs/eacs/run_kd.py:141: FutureWarning: `torch.cuda.amp.GradScaler(args...)` is deprecated. Please use `torch.amp.GradScaler('cuda', args...)` instead.
  scaler = torch.cuda.amp.GradScaler() if use_amp else None

===== α=0.1, seed=42, weighting=top_1 =====
  Fused logit shape: (10000, 100)
  클래스당 기여 Teacher 수 분포: min=1, max=1, mean=1.00
  Loading parquet: /home/ssm-user/efs/workspace/extract_imagenet_100/data/imagenet100/train.parquet
  Loading parquet: /home/ssm-user/efs/workspace/extract_imagenet_100/data/imagenet100/validation.parquet
/home/ssm-user/efs/eacs/run_kd.py:166: FutureWarning: `torch.cuda.amp.autocast(args...)` is deprecated. Please use `torch.amp.autocast('cuda', args...)` instead.
  with torch.cuda.amp.autocast():
[kd_a0.1_s42_top_1] epoch   0 |    24.8s
  [kd_a0.1_s42_top_1] epoch   0 | loss=6.794 (ce=4.570, kd=9.017) | tr_acc=0.0369 | val_acc=0.0444
[kd_a0.1_s42_top_1] epoch   1 |    15.1s
[kd_a0.1_s42_top_1] epoch   2 |    15.4s
  [kd_a0.1_s42_top_1] epoch   2 | loss=5.895 (ce=4.017, kd=7.773) | tr_acc=0.0909 | val_acc=0.0922
[kd_a0.1_s42_top_1] epoch   3 |    14.9s
[kd_a0.1_s42_top_1] epoch   4 |    13.0s
  [kd_a0.1_s42_top_1] epoch   4 | loss=5.421 (ce=3.732, kd=7.110) | tr_acc=0.1353 | val_acc=0.1276
[kd_a0.1_s42_top_1] epoch   5 |    13.2s
[kd_a0.1_s42_top_1] epoch   6 |    13.2s
  [kd_a0.1_s42_top_1] epoch   6 | loss=5.019 (ce=3.484, kd=6.554) | tr_acc=0.1782 | val_acc=0.1210
[kd_a0.1_s42_top_1] epoch   7 |    13.2s
[kd_a0.1_s42_top_1] epoch   8 |    13.2s
  [kd_a0.1_s42_top_1] epoch   8 | loss=4.737 (ce=3.303, kd=6.171) | tr_acc=0.2195 | val_acc=0.2048
[kd_a0.1_s42_top_1] epoch   9 |    13.3s
[kd_a0.1_s42_top_1] epoch  10 |    13.1s
  [kd_a0.1_s42_top_1] epoch  10 | loss=4.408 (ce=3.104, kd=5.711) | tr_acc=0.2524 | val_acc=0.2034
[kd_a0.1_s42_top_1] epoch  11 |    13.2s
[kd_a0.1_s42_top_1] epoch  12 |    13.2s
  [kd_a0.1_s42_top_1] epoch  12 | loss=4.122 (ce=2.934, kd=5.310) | tr_acc=0.2850 | val_acc=0.2730
[kd_a0.1_s42_top_1] epoch  13 |    13.1s
[kd_a0.1_s42_top_1] epoch  14 |    13.0s
  [kd_a0.1_s42_top_1] epoch  14 | loss=3.951 (ce=2.823, kd=5.079) | tr_acc=0.3075 | val_acc=0.2634
[kd_a0.1_s42_top_1] epoch  15 |    13.1s
[kd_a0.1_s42_top_1] epoch  16 |    13.1s
  [kd_a0.1_s42_top_1] epoch  16 | loss=3.706 (ce=2.687, kd=4.725) | tr_acc=0.3434 | val_acc=0.2926
[kd_a0.1_s42_top_1] epoch  17 |    13.3s
[kd_a0.1_s42_top_1] epoch  18 |    13.2s
  [kd_a0.1_s42_top_1] epoch  18 | loss=3.524 (ce=2.552, kd=4.496) | tr_acc=0.3702 | val_acc=0.3018
[kd_a0.1_s42_top_1] epoch  19 |    13.2s
[kd_a0.1_s42_top_1] epoch  20 |    13.1s
  [kd_a0.1_s42_top_1] epoch  20 | loss=3.296 (ce=2.419, kd=4.173) | tr_acc=0.4012 | val_acc=0.3274
[kd_a0.1_s42_top_1] epoch  21 |    13.3s
[kd_a0.1_s42_top_1] epoch  22 |    13.3s
  [kd_a0.1_s42_top_1] epoch  22 | loss=3.152 (ce=2.301, kd=4.002) | tr_acc=0.4289 | val_acc=0.3098
[kd_a0.1_s42_top_1] epoch  23 |    13.2s
[kd_a0.1_s42_top_1] epoch  24 |    13.1s
  [kd_a0.1_s42_top_1] epoch  24 | loss=2.997 (ce=2.190, kd=3.805) | tr_acc=0.4468 | val_acc=0.3952
[kd_a0.1_s42_top_1] epoch  25 |    13.2s
[kd_a0.1_s42_top_1] epoch  26 |    13.1s
  [kd_a0.1_s42_top_1] epoch  26 | loss=2.889 (ce=2.127, kd=3.652) | tr_acc=0.4584 | val_acc=0.3544
[kd_a0.1_s42_top_1] epoch  27 |    13.1s
[kd_a0.1_s42_top_1] epoch  28 |    13.0s
  [kd_a0.1_s42_top_1] epoch  28 | loss=2.723 (ce=1.993, kd=3.453) | tr_acc=0.4904 | val_acc=0.4002
[kd_a0.1_s42_top_1] epoch  29 |    13.3s
[kd_a0.1_s42_top_1] epoch  30 |    13.1s
  [kd_a0.1_s42_top_1] epoch  30 | loss=2.618 (ce=1.919, kd=3.317) | tr_acc=0.5092 | val_acc=0.4114
[kd_a0.1_s42_top_1] epoch  31 |    13.4s
[kd_a0.1_s42_top_1] epoch  32 |    13.4s
  [kd_a0.1_s42_top_1] epoch  32 | loss=2.497 (ce=1.835, kd=3.159) | tr_acc=0.5243 | val_acc=0.4530
[kd_a0.1_s42_top_1] epoch  33 |    13.2s
[kd_a0.1_s42_top_1] epoch  34 |    13.3s
  [kd_a0.1_s42_top_1] epoch  34 | loss=2.385 (ce=1.737, kd=3.034) | tr_acc=0.5492 | val_acc=0.4036
[kd_a0.1_s42_top_1] epoch  35 |    13.3s
[kd_a0.1_s42_top_1] epoch  36 |    13.2s
  [kd_a0.1_s42_top_1] epoch  36 | loss=2.279 (ce=1.663, kd=2.895) | tr_acc=0.5668 | val_acc=0.4500
[kd_a0.1_s42_top_1] epoch  37 |    13.3s
[kd_a0.1_s42_top_1] epoch  38 |    13.2s
  [kd_a0.1_s42_top_1] epoch  38 | loss=2.212 (ce=1.596, kd=2.829) | tr_acc=0.5872 | val_acc=0.4700
[kd_a0.1_s42_top_1] epoch  39 |    13.3s
[kd_a0.1_s42_top_1] epoch  40 |    13.3s
  [kd_a0.1_s42_top_1] epoch  40 | loss=2.135 (ce=1.519, kd=2.752) | tr_acc=0.6005 | val_acc=0.4940
[kd_a0.1_s42_top_1] epoch  41 |    13.2s
[kd_a0.1_s42_top_1] epoch  42 |    13.4s
  [kd_a0.1_s42_top_1] epoch  42 | loss=2.063 (ce=1.466, kd=2.660) | tr_acc=0.6157 | val_acc=0.5010
[kd_a0.1_s42_top_1] epoch  43 |    13.4s
[kd_a0.1_s42_top_1] epoch  44 |    13.3s
  [kd_a0.1_s42_top_1] epoch  44 | loss=1.962 (ce=1.389, kd=2.535) | tr_acc=0.6339 | val_acc=0.4934
[kd_a0.1_s42_top_1] epoch  45 |    13.2s
[kd_a0.1_s42_top_1] epoch  46 |    13.1s
  [kd_a0.1_s42_top_1] epoch  46 | loss=1.909 (ce=1.340, kd=2.478) | tr_acc=0.6475 | val_acc=0.5200
[kd_a0.1_s42_top_1] epoch  47 |    13.1s
[kd_a0.1_s42_top_1] epoch  48 |    13.3s
  [kd_a0.1_s42_top_1] epoch  48 | loss=1.809 (ce=1.222, kd=2.397) | tr_acc=0.6751 | val_acc=0.5112
[kd_a0.1_s42_top_1] epoch  49 |    13.1s
[kd_a0.1_s42_top_1] epoch  50 |    13.1s
  [kd_a0.1_s42_top_1] epoch  50 | loss=1.772 (ce=1.192, kd=2.352) | tr_acc=0.6834 | val_acc=0.5300
[kd_a0.1_s42_top_1] epoch  51 |    13.1s
[kd_a0.1_s42_top_1] epoch  52 |    13.3s
  [kd_a0.1_s42_top_1] epoch  52 | loss=1.713 (ce=1.121, kd=2.305) | tr_acc=0.7030 | val_acc=0.5298
[kd_a0.1_s42_top_1] epoch  53 |    13.1s
[kd_a0.1_s42_top_1] epoch  54 |    13.2s
  [kd_a0.1_s42_top_1] epoch  54 | loss=1.662 (ce=1.070, kd=2.254) | tr_acc=0.7184 | val_acc=0.5452
[kd_a0.1_s42_top_1] epoch  55 |    13.2s
[kd_a0.1_s42_top_1] epoch  56 |    13.3s
  [kd_a0.1_s42_top_1] epoch  56 | loss=1.571 (ce=0.999, kd=2.143) | tr_acc=0.7404 | val_acc=0.5580
[kd_a0.1_s42_top_1] epoch  57 |    13.1s
[kd_a0.1_s42_top_1] epoch  58 |    13.2s
  [kd_a0.1_s42_top_1] epoch  58 | loss=1.541 (ce=0.974, kd=2.107) | tr_acc=0.7468 | val_acc=0.5544
[kd_a0.1_s42_top_1] epoch  59 |    13.1s
[kd_a0.1_s42_top_1] epoch  60 |    13.3s
  [kd_a0.1_s42_top_1] epoch  60 | loss=1.490 (ce=0.915, kd=2.065) | tr_acc=0.7606 | val_acc=0.5692
[kd_a0.1_s42_top_1] epoch  61 |    13.2s
[kd_a0.1_s42_top_1] epoch  62 |    13.3s
  [kd_a0.1_s42_top_1] epoch  62 | loss=1.435 (ce=0.859, kd=2.010) | tr_acc=0.7800 | val_acc=0.5682
[kd_a0.1_s42_top_1] epoch  63 |    13.1s
[kd_a0.1_s42_top_1] epoch  64 |    13.1s
  [kd_a0.1_s42_top_1] epoch  64 | loss=1.360 (ce=0.795, kd=1.925) | tr_acc=0.7933 | val_acc=0.5808
[kd_a0.1_s42_top_1] epoch  65 |    13.4s
[kd_a0.1_s42_top_1] epoch  66 |    13.4s
  [kd_a0.1_s42_top_1] epoch  66 | loss=1.336 (ce=0.782, kd=1.890) | tr_acc=0.7983 | val_acc=0.5840
[kd_a0.1_s42_top_1] epoch  67 |    13.2s
[kd_a0.1_s42_top_1] epoch  68 |    13.1s
  [kd_a0.1_s42_top_1] epoch  68 | loss=1.298 (ce=0.738, kd=1.858) | tr_acc=0.8149 | val_acc=0.5898
[kd_a0.1_s42_top_1] epoch  69 |    13.1s
[kd_a0.1_s42_top_1] epoch  70 |    13.2s
  [kd_a0.1_s42_top_1] epoch  70 | loss=1.280 (ce=0.725, kd=1.835) | tr_acc=0.8245 | val_acc=0.5922
[kd_a0.1_s42_top_1] epoch  71 |    13.2s
  [kd_a0.1_s42_top_1] epoch  71 | loss=1.279 (ce=0.725, kd=1.833) | tr_acc=0.8208 | val_acc=0.5870
[kd_a0.1_s42_top_1] epoch  72 |    13.2s
  [kd_a0.1_s42_top_1] epoch  72 | loss=1.253 (ce=0.715, kd=1.791) | tr_acc=0.8240 | val_acc=0.5892
[kd_a0.1_s42_top_1] epoch  73 |    13.1s
  [kd_a0.1_s42_top_1] epoch  73 | loss=1.258 (ce=0.701, kd=1.816) | tr_acc=0.8275 | val_acc=0.5892
[kd_a0.1_s42_top_1] epoch  74 |    13.1s
  [kd_a0.1_s42_top_1] epoch  74 | loss=1.253 (ce=0.696, kd=1.810) | tr_acc=0.8254 | val_acc=0.5904
[kd_a0.1_s42_top_1] epoch  75 |    13.3s
  [kd_a0.1_s42_top_1] epoch  75 | loss=1.251 (ce=0.691, kd=1.812) | tr_acc=0.8306 | val_acc=0.5908
[kd_a0.1_s42_top_1] epoch  76 |    13.3s
  [kd_a0.1_s42_top_1] epoch  76 | loss=1.240 (ce=0.685, kd=1.795) | tr_acc=0.8324 | val_acc=0.5912
[kd_a0.1_s42_top_1] epoch  77 |    13.2s
  [kd_a0.1_s42_top_1] epoch  77 | loss=1.234 (ce=0.681, kd=1.787) | tr_acc=0.8312 | val_acc=0.5922
[kd_a0.1_s42_top_1] epoch  78 |    13.0s
  [kd_a0.1_s42_top_1] epoch  78 | loss=1.232 (ce=0.691, kd=1.773) | tr_acc=0.8330 | val_acc=0.5922
[kd_a0.1_s42_top_1] epoch  79 |    13.0s
  [kd_a0.1_s42_top_1] epoch  79 | loss=1.212 (ce=0.675, kd=1.748) | tr_acc=0.8352 | val_acc=0.5904
[kd_a0.1_s42_top_1] SUMMARY | n=80 total=1073s mean=13.4s (min=13.0, max=24.8)
[kd_a0.1_s42_top_1] SUMMARY | n=80 total=1073s mean=13.4s (min=13.0, max=24.8)

  Lower=0.5212, Upper=0.8448, Gap=0.3236
  Student=0.5922 → Gap Recovery = 21.9%

===== DONE =====
  Final acc    : 0.5922
  Best epoch   : 70
  Gap Recovery : 21.9%
  saved        → /home/ssm-user/efs/eacs_results/kd_runs/alpha0.1_seed42_top_1
/opt/pytorch/lib64/python3.13/site-packages/torch/cuda/__init__.py:65: FutureWarning: The pynvml package is deprecated. Please install nvidia-ml-py instead. If you did not install pynvml directly, please report this to the maintainers of the package that installed pynvml for you.
  import pynvml  # type: ignore[import]
/home/ssm-user/efs/eacs/run_kd.py:141: FutureWarning: `torch.cuda.amp.GradScaler(args...)` is deprecated. Please use `torch.amp.GradScaler('cuda', args...)` instead.
  scaler = torch.cuda.amp.GradScaler() if use_amp else None

===== α=0.1, seed=42, weighting=top_3 =====
  Fused logit shape: (10000, 100)
  클래스당 기여 Teacher 수 분포: min=1, max=3, mean=2.22
  Loading parquet: /home/ssm-user/efs/workspace/extract_imagenet_100/data/imagenet100/train.parquet
  Loading parquet: /home/ssm-user/efs/workspace/extract_imagenet_100/data/imagenet100/validation.parquet
/home/ssm-user/efs/eacs/run_kd.py:166: FutureWarning: `torch.cuda.amp.autocast(args...)` is deprecated. Please use `torch.amp.autocast('cuda', args...)` instead.
  with torch.cuda.amp.autocast():
[kd_a0.1_s42_top_3] epoch   0 |    25.0s
  [kd_a0.1_s42_top_3] epoch   0 | loss=6.133 (ce=4.505, kd=7.760) | tr_acc=0.0412 | val_acc=0.0678
[kd_a0.1_s42_top_3] epoch   1 |    15.3s
[kd_a0.1_s42_top_3] epoch   2 |    15.2s
  [kd_a0.1_s42_top_3] epoch   2 | loss=5.305 (ce=3.964, kd=6.645) | tr_acc=0.0954 | val_acc=0.0864
[kd_a0.1_s42_top_3] epoch   3 |    13.6s
[kd_a0.1_s42_top_3] epoch   4 |    13.1s
  [kd_a0.1_s42_top_3] epoch   4 | loss=4.844 (ce=3.679, kd=6.009) | tr_acc=0.1458 | val_acc=0.1282
[kd_a0.1_s42_top_3] epoch   5 |    13.2s
[kd_a0.1_s42_top_3] epoch   6 |    13.2s
  [kd_a0.1_s42_top_3] epoch   6 | loss=4.456 (ce=3.425, kd=5.487) | tr_acc=0.1820 | val_acc=0.1126
[kd_a0.1_s42_top_3] epoch   7 |    13.3s
[kd_a0.1_s42_top_3] epoch   8 |    13.1s
  [kd_a0.1_s42_top_3] epoch   8 | loss=4.185 (ce=3.229, kd=5.140) | tr_acc=0.2168 | val_acc=0.1886
[kd_a0.1_s42_top_3] epoch   9 |    13.0s
[kd_a0.1_s42_top_3] epoch  10 |    13.1s
  [kd_a0.1_s42_top_3] epoch  10 | loss=3.868 (ce=3.030, kd=4.706) | tr_acc=0.2606 | val_acc=0.2382
[kd_a0.1_s42_top_3] epoch  11 |    13.0s
[kd_a0.1_s42_top_3] epoch  12 |    13.1s
  [kd_a0.1_s42_top_3] epoch  12 | loss=3.609 (ce=2.857, kd=4.361) | tr_acc=0.2987 | val_acc=0.2448
[kd_a0.1_s42_top_3] epoch  13 |    13.2s
[kd_a0.1_s42_top_3] epoch  14 |    13.0s
  [kd_a0.1_s42_top_3] epoch  14 | loss=3.426 (ce=2.727, kd=4.124) | tr_acc=0.3225 | val_acc=0.2604
[kd_a0.1_s42_top_3] epoch  15 |    13.2s
[kd_a0.1_s42_top_3] epoch  16 |    13.2s
  [kd_a0.1_s42_top_3] epoch  16 | loss=3.185 (ce=2.567, kd=3.803) | tr_acc=0.3551 | val_acc=0.2972
[kd_a0.1_s42_top_3] epoch  17 |    13.1s
[kd_a0.1_s42_top_3] epoch  18 |    13.1s
  [kd_a0.1_s42_top_3] epoch  18 | loss=2.966 (ce=2.398, kd=3.534) | tr_acc=0.3903 | val_acc=0.3138
[kd_a0.1_s42_top_3] epoch  19 |    13.1s
[kd_a0.1_s42_top_3] epoch  20 |    13.2s
  [kd_a0.1_s42_top_3] epoch  20 | loss=2.795 (ce=2.290, kd=3.299) | tr_acc=0.4203 | val_acc=0.3598
[kd_a0.1_s42_top_3] epoch  21 |    13.1s
[kd_a0.1_s42_top_3] epoch  22 |    13.1s
  [kd_a0.1_s42_top_3] epoch  22 | loss=2.670 (ce=2.181, kd=3.160) | tr_acc=0.4432 | val_acc=0.3806
[kd_a0.1_s42_top_3] epoch  23 |    13.1s
[kd_a0.1_s42_top_3] epoch  24 |    13.1s
  [kd_a0.1_s42_top_3] epoch  24 | loss=2.528 (ce=2.057, kd=2.999) | tr_acc=0.4656 | val_acc=0.3890
[kd_a0.1_s42_top_3] epoch  25 |    13.2s
[kd_a0.1_s42_top_3] epoch  26 |    13.1s
  [kd_a0.1_s42_top_3] epoch  26 | loss=2.430 (ce=1.998, kd=2.863) | tr_acc=0.4851 | val_acc=0.3838
[kd_a0.1_s42_top_3] epoch  27 |    13.4s
[kd_a0.1_s42_top_3] epoch  28 |    13.3s
  [kd_a0.1_s42_top_3] epoch  28 | loss=2.303 (ce=1.886, kd=2.721) | tr_acc=0.5082 | val_acc=0.4140
[kd_a0.1_s42_top_3] epoch  29 |    13.2s
[kd_a0.1_s42_top_3] epoch  30 |    13.2s
  [kd_a0.1_s42_top_3] epoch  30 | loss=2.188 (ce=1.795, kd=2.581) | tr_acc=0.5295 | val_acc=0.4370
[kd_a0.1_s42_top_3] epoch  31 |    13.1s
[kd_a0.1_s42_top_3] epoch  32 |    13.2s
  [kd_a0.1_s42_top_3] epoch  32 | loss=2.099 (ce=1.714, kd=2.485) | tr_acc=0.5496 | val_acc=0.4576
[kd_a0.1_s42_top_3] epoch  33 |    13.2s
[kd_a0.1_s42_top_3] epoch  34 |    13.1s
  [kd_a0.1_s42_top_3] epoch  34 | loss=2.008 (ce=1.629, kd=2.387) | tr_acc=0.5695 | val_acc=0.4606
[kd_a0.1_s42_top_3] epoch  35 |    13.2s
[kd_a0.1_s42_top_3] epoch  36 |    13.1s
  [kd_a0.1_s42_top_3] epoch  36 | loss=1.913 (ce=1.552, kd=2.273) | tr_acc=0.5903 | val_acc=0.4848
[kd_a0.1_s42_top_3] epoch  37 |    13.2s
[kd_a0.1_s42_top_3] epoch  38 |    13.1s
  [kd_a0.1_s42_top_3] epoch  38 | loss=1.851 (ce=1.479, kd=2.223) | tr_acc=0.6128 | val_acc=0.4778
[kd_a0.1_s42_top_3] epoch  39 |    13.2s
[kd_a0.1_s42_top_3] epoch  40 |    13.1s
  [kd_a0.1_s42_top_3] epoch  40 | loss=1.792 (ce=1.424, kd=2.161) | tr_acc=0.6240 | val_acc=0.4966
[kd_a0.1_s42_top_3] epoch  41 |    13.3s
[kd_a0.1_s42_top_3] epoch  42 |    13.1s
  [kd_a0.1_s42_top_3] epoch  42 | loss=1.727 (ce=1.362, kd=2.093) | tr_acc=0.6341 | val_acc=0.5052
[kd_a0.1_s42_top_3] epoch  43 |    13.1s
[kd_a0.1_s42_top_3] epoch  44 |    13.2s
  [kd_a0.1_s42_top_3] epoch  44 | loss=1.638 (ce=1.277, kd=2.000) | tr_acc=0.6576 | val_acc=0.4984
[kd_a0.1_s42_top_3] epoch  45 |    13.1s
[kd_a0.1_s42_top_3] epoch  46 |    13.1s
  [kd_a0.1_s42_top_3] epoch  46 | loss=1.578 (ce=1.222, kd=1.935) | tr_acc=0.6784 | val_acc=0.5174
[kd_a0.1_s42_top_3] epoch  47 |    13.2s
[kd_a0.1_s42_top_3] epoch  48 |    13.2s
  [kd_a0.1_s42_top_3] epoch  48 | loss=1.516 (ce=1.138, kd=1.894) | tr_acc=0.6985 | val_acc=0.5370
[kd_a0.1_s42_top_3] epoch  49 |    13.2s
[kd_a0.1_s42_top_3] epoch  50 |    13.3s
  [kd_a0.1_s42_top_3] epoch  50 | loss=1.477 (ce=1.107, kd=1.846) | tr_acc=0.7056 | val_acc=0.5092
[kd_a0.1_s42_top_3] epoch  51 |    13.1s
[kd_a0.1_s42_top_3] epoch  52 |    13.2s
  [kd_a0.1_s42_top_3] epoch  52 | loss=1.415 (ce=1.029, kd=1.802) | tr_acc=0.7289 | val_acc=0.5472
[kd_a0.1_s42_top_3] epoch  53 |    13.1s
[kd_a0.1_s42_top_3] epoch  54 |    13.3s
  [kd_a0.1_s42_top_3] epoch  54 | loss=1.372 (ce=0.988, kd=1.757) | tr_acc=0.7417 | val_acc=0.5426
[kd_a0.1_s42_top_3] epoch  55 |    13.0s
[kd_a0.1_s42_top_3] epoch  56 |    13.2s
  [kd_a0.1_s42_top_3] epoch  56 | loss=1.299 (ce=0.925, kd=1.674) | tr_acc=0.7566 | val_acc=0.5658
[kd_a0.1_s42_top_3] epoch  57 |    13.2s
[kd_a0.1_s42_top_3] epoch  58 |    13.4s
  [kd_a0.1_s42_top_3] epoch  58 | loss=1.282 (ce=0.894, kd=1.669) | tr_acc=0.7702 | val_acc=0.5580
[kd_a0.1_s42_top_3] epoch  59 |    13.2s
[kd_a0.1_s42_top_3] epoch  60 |    13.0s
  [kd_a0.1_s42_top_3] epoch  60 | loss=1.221 (ce=0.834, kd=1.608) | tr_acc=0.7901 | val_acc=0.5776
[kd_a0.1_s42_top_3] epoch  61 |    13.3s
[kd_a0.1_s42_top_3] epoch  62 |    13.3s
  [kd_a0.1_s42_top_3] epoch  62 | loss=1.185 (ce=0.789, kd=1.582) | tr_acc=0.8009 | val_acc=0.5738
[kd_a0.1_s42_top_3] epoch  63 |    13.2s
[kd_a0.1_s42_top_3] epoch  64 |    13.2s
  [kd_a0.1_s42_top_3] epoch  64 | loss=1.123 (ce=0.730, kd=1.515) | tr_acc=0.8157 | val_acc=0.5844
[kd_a0.1_s42_top_3] epoch  65 |    13.2s
[kd_a0.1_s42_top_3] epoch  66 |    13.2s
  [kd_a0.1_s42_top_3] epoch  66 | loss=1.098 (ce=0.708, kd=1.489) | tr_acc=0.8279 | val_acc=0.5802
[kd_a0.1_s42_top_3] epoch  67 |    13.1s
[kd_a0.1_s42_top_3] epoch  68 |    13.1s
  [kd_a0.1_s42_top_3] epoch  68 | loss=1.061 (ce=0.676, kd=1.447) | tr_acc=0.8339 | val_acc=0.5920
[kd_a0.1_s42_top_3] epoch  69 |    13.2s
[kd_a0.1_s42_top_3] epoch  70 |    13.1s
  [kd_a0.1_s42_top_3] epoch  70 | loss=1.050 (ce=0.660, kd=1.441) | tr_acc=0.8440 | val_acc=0.5908
[kd_a0.1_s42_top_3] epoch  71 |    13.1s
  [kd_a0.1_s42_top_3] epoch  71 | loss=1.053 (ce=0.671, kd=1.436) | tr_acc=0.8380 | val_acc=0.5944
[kd_a0.1_s42_top_3] epoch  72 |    13.1s
  [kd_a0.1_s42_top_3] epoch  72 | loss=1.023 (ce=0.644, kd=1.402) | tr_acc=0.8479 | val_acc=0.6000
[kd_a0.1_s42_top_3] epoch  73 |    13.2s
  [kd_a0.1_s42_top_3] epoch  73 | loss=1.030 (ce=0.638, kd=1.421) | tr_acc=0.8469 | val_acc=0.5994
[kd_a0.1_s42_top_3] epoch  74 |    13.2s
  [kd_a0.1_s42_top_3] epoch  74 | loss=1.030 (ce=0.635, kd=1.426) | tr_acc=0.8508 | val_acc=0.5974
[kd_a0.1_s42_top_3] epoch  75 |    13.3s
  [kd_a0.1_s42_top_3] epoch  75 | loss=1.026 (ce=0.626, kd=1.425) | tr_acc=0.8521 | val_acc=0.6006
[kd_a0.1_s42_top_3] epoch  76 |    13.2s
  [kd_a0.1_s42_top_3] epoch  76 | loss=1.014 (ce=0.619, kd=1.410) | tr_acc=0.8543 | val_acc=0.5978
[kd_a0.1_s42_top_3] epoch  77 |    13.3s
  [kd_a0.1_s42_top_3] epoch  77 | loss=1.007 (ce=0.614, kd=1.399) | tr_acc=0.8518 | val_acc=0.5978
[kd_a0.1_s42_top_3] epoch  78 |    13.2s
  [kd_a0.1_s42_top_3] epoch  78 | loss=1.006 (ce=0.632, kd=1.381) | tr_acc=0.8504 | val_acc=0.5988
[kd_a0.1_s42_top_3] epoch  79 |    13.3s
  [kd_a0.1_s42_top_3] epoch  79 | loss=0.989 (ce=0.608, kd=1.369) | tr_acc=0.8550 | val_acc=0.5966
[kd_a0.1_s42_top_3] SUMMARY | n=80 total=1070s mean=13.4s (min=13.0, max=25.0)
[kd_a0.1_s42_top_3] SUMMARY | n=80 total=1070s mean=13.4s (min=13.0, max=25.0)

  Lower=0.5212, Upper=0.8448, Gap=0.3236
  Student=0.6006 → Gap Recovery = 24.5%

===== DONE =====
  Final acc    : 0.6006
  Best epoch   : 75
  Gap Recovery : 24.5%
  saved        → /home/ssm-user/efs/eacs_results/kd_runs/alpha0.1_seed42_top_3
