nohup: ignoring input
/opt/pytorch/lib64/python3.13/site-packages/torch/cuda/__init__.py:65: FutureWarning: The pynvml package is deprecated. Please install nvidia-ml-py instead. If you did not install pynvml directly, please report this to the maintainers of the package that installed pynvml for you.
  import pynvml  # type: ignore[import]
/home/ssm-user/efs/eacs/train_teachers.py:84: FutureWarning: `torch.cuda.amp.GradScaler(args...)` is deprecated. Please use `torch.amp.GradScaler('cuda', args...)` instead.
  scaler = torch.cuda.amp.GradScaler() if use_amp else None

===== α=0.5, seed=42 =====
  Proxy:   10,000
  Client 0: 26,726장
  Client 1: 26,352장
  Client 2: 21,815장
  Client 3: 21,478장
  Client 4: 20,318장
  Loading parquet: /home/ssm-user/efs/workspace/extract_imagenet_100/data/imagenet100/train.parquet
  Loading parquet: /home/ssm-user/efs/workspace/extract_imagenet_100/data/imagenet100/validation.parquet

--- Teacher 0 학습 ---
/home/ssm-user/efs/eacs/common.py:364: FutureWarning: `torch.cuda.amp.autocast(args...)` is deprecated. Please use `torch.amp.autocast('cuda', args...)` instead.
  with torch.cuda.amp.autocast():
[teacher_k0_a0.5_s42] epoch   0 |    82.6s
  [T0] epoch   0 | tr_acc=0.0787 | val_acc=0.0388 | macro_f1=0.0167
[teacher_k0_a0.5_s42] epoch   1 |    35.3s
[teacher_k0_a0.5_s42] epoch   2 |    35.7s
[teacher_k0_a0.5_s42] epoch   3 |    31.0s
[teacher_k0_a0.5_s42] epoch   4 |    31.1s
[teacher_k0_a0.5_s42] epoch   5 |    30.9s
[teacher_k0_a0.5_s42] epoch   6 |    31.2s
[teacher_k0_a0.5_s42] epoch   7 |    31.1s
[teacher_k0_a0.5_s42] epoch   8 |    31.0s
[teacher_k0_a0.5_s42] epoch   9 |    31.3s
[teacher_k0_a0.5_s42] epoch  10 |    30.9s
  [T0] epoch  10 | tr_acc=0.4340 | val_acc=0.1744 | macro_f1=0.1240
[teacher_k0_a0.5_s42] epoch  11 |    31.2s
[teacher_k0_a0.5_s42] epoch  12 |    31.0s
[teacher_k0_a0.5_s42] epoch  13 |    31.2s
[teacher_k0_a0.5_s42] epoch  14 |    31.0s
[teacher_k0_a0.5_s42] epoch  15 |    31.0s
[teacher_k0_a0.5_s42] epoch  16 |    30.9s
[teacher_k0_a0.5_s42] epoch  17 |    31.1s
[teacher_k0_a0.5_s42] epoch  18 |    30.9s
[teacher_k0_a0.5_s42] epoch  19 |    31.0s
[teacher_k0_a0.5_s42] epoch  20 |    31.1s
  [T0] epoch  20 | tr_acc=0.5566 | val_acc=0.2484 | macro_f1=0.1990
[teacher_k0_a0.5_s42] epoch  21 |    31.0s
[teacher_k0_a0.5_s42] epoch  22 |    31.0s
[teacher_k0_a0.5_s42] epoch  23 |    31.1s
[teacher_k0_a0.5_s42] epoch  24 |    31.0s
[teacher_k0_a0.5_s42] epoch  25 |    31.1s
[teacher_k0_a0.5_s42] epoch  26 |    31.2s
[teacher_k0_a0.5_s42] epoch  27 |    31.5s
[teacher_k0_a0.5_s42] epoch  28 |    31.2s
[teacher_k0_a0.5_s42] epoch  29 |    30.8s
[teacher_k0_a0.5_s42] epoch  30 |    31.0s
  [T0] epoch  30 | tr_acc=0.6427 | val_acc=0.3534 | macro_f1=0.2971
[teacher_k0_a0.5_s42] epoch  31 |    31.0s
[teacher_k0_a0.5_s42] epoch  32 |    31.0s
[teacher_k0_a0.5_s42] epoch  33 |    31.2s
[teacher_k0_a0.5_s42] epoch  34 |    30.8s
[teacher_k0_a0.5_s42] epoch  35 |    31.2s
[teacher_k0_a0.5_s42] epoch  36 |    31.1s
[teacher_k0_a0.5_s42] epoch  37 |    31.0s
[teacher_k0_a0.5_s42] epoch  38 |    31.1s
[teacher_k0_a0.5_s42] epoch  39 |    30.9s
[teacher_k0_a0.5_s42] epoch  40 |    30.9s
  [T0] epoch  40 | tr_acc=0.7336 | val_acc=0.4192 | macro_f1=0.3626
[teacher_k0_a0.5_s42] epoch  41 |    30.9s
[teacher_k0_a0.5_s42] epoch  42 |    31.1s
[teacher_k0_a0.5_s42] epoch  43 |    31.1s
[teacher_k0_a0.5_s42] epoch  44 |    31.1s
[teacher_k0_a0.5_s42] epoch  45 |    31.4s
[teacher_k0_a0.5_s42] epoch  46 |    30.9s
[teacher_k0_a0.5_s42] epoch  47 |    31.1s
[teacher_k0_a0.5_s42] epoch  48 |    31.0s
[teacher_k0_a0.5_s42] epoch  49 |    31.2s
[teacher_k0_a0.5_s42] epoch  50 |    31.1s
  [T0] epoch  50 | tr_acc=0.8423 | val_acc=0.4918 | macro_f1=0.4329
[teacher_k0_a0.5_s42] epoch  51 |    30.9s
[teacher_k0_a0.5_s42] epoch  52 |    30.9s
[teacher_k0_a0.5_s42] epoch  53 |    31.4s
[teacher_k0_a0.5_s42] epoch  54 |    31.2s
[teacher_k0_a0.5_s42] epoch  55 |    31.0s
[teacher_k0_a0.5_s42] epoch  56 |    31.3s
[teacher_k0_a0.5_s42] epoch  57 |    30.9s
[teacher_k0_a0.5_s42] epoch  58 |    31.1s
[teacher_k0_a0.5_s42] epoch  59 |    31.0s
  [T0] epoch  59 | tr_acc=0.8842 | val_acc=0.5026 | macro_f1=0.4447
[teacher_k0_a0.5_s42] SUMMARY | n=60 total=1924s mean=32.1s (min=30.8, max=82.6)
[teacher_k0_a0.5_s42] SUMMARY | n=60 total=1924s mean=32.1s (min=30.8, max=82.6)

--- Teacher 1 학습 ---
[teacher_k1_a0.5_s42] epoch   0 |    30.6s
  [T1] epoch   0 | tr_acc=0.0902 | val_acc=0.0500 | macro_f1=0.0136
[teacher_k1_a0.5_s42] epoch   1 |    30.8s
[teacher_k1_a0.5_s42] epoch   2 |    30.6s
[teacher_k1_a0.5_s42] epoch   3 |    30.8s
[teacher_k1_a0.5_s42] epoch   4 |    30.9s
[teacher_k1_a0.5_s42] epoch   5 |    30.7s
[teacher_k1_a0.5_s42] epoch   6 |    30.7s
[teacher_k1_a0.5_s42] epoch   7 |    30.8s
[teacher_k1_a0.5_s42] epoch   8 |    30.7s
[teacher_k1_a0.5_s42] epoch   9 |    30.9s
[teacher_k1_a0.5_s42] epoch  10 |    30.6s
  [T1] epoch  10 | tr_acc=0.4445 | val_acc=0.2132 | macro_f1=0.1557
[teacher_k1_a0.5_s42] epoch  11 |    30.8s
[teacher_k1_a0.5_s42] epoch  12 |    30.9s
[teacher_k1_a0.5_s42] epoch  13 |    30.6s
[teacher_k1_a0.5_s42] epoch  14 |    30.6s
[teacher_k1_a0.5_s42] epoch  15 |    30.4s
[teacher_k1_a0.5_s42] epoch  16 |    30.7s
[teacher_k1_a0.5_s42] epoch  17 |    30.9s
[teacher_k1_a0.5_s42] epoch  18 |    30.7s
[teacher_k1_a0.5_s42] epoch  19 |    30.9s
[teacher_k1_a0.5_s42] epoch  20 |    30.5s
  [T1] epoch  20 | tr_acc=0.5699 | val_acc=0.2374 | macro_f1=0.1884
[teacher_k1_a0.5_s42] epoch  21 |    30.8s
[teacher_k1_a0.5_s42] epoch  22 |    30.4s
[teacher_k1_a0.5_s42] epoch  23 |    30.6s
[teacher_k1_a0.5_s42] epoch  24 |    30.7s
[teacher_k1_a0.5_s42] epoch  25 |    30.6s
[teacher_k1_a0.5_s42] epoch  26 |    30.8s
[teacher_k1_a0.5_s42] epoch  27 |    31.2s
[teacher_k1_a0.5_s42] epoch  28 |    30.7s
[teacher_k1_a0.5_s42] epoch  29 |    30.7s
[teacher_k1_a0.5_s42] epoch  30 |    30.7s
  [T1] epoch  30 | tr_acc=0.6551 | val_acc=0.3450 | macro_f1=0.2850
[teacher_k1_a0.5_s42] epoch  31 |    30.6s
[teacher_k1_a0.5_s42] epoch  32 |    30.9s
[teacher_k1_a0.5_s42] epoch  33 |    30.5s
[teacher_k1_a0.5_s42] epoch  34 |    31.1s
[teacher_k1_a0.5_s42] epoch  35 |    30.8s
[teacher_k1_a0.5_s42] epoch  36 |    30.9s
[teacher_k1_a0.5_s42] epoch  37 |    30.7s
[teacher_k1_a0.5_s42] epoch  38 |    30.8s
[teacher_k1_a0.5_s42] epoch  39 |    30.7s
[teacher_k1_a0.5_s42] epoch  40 |    30.7s
  [T1] epoch  40 | tr_acc=0.7492 | val_acc=0.4068 | macro_f1=0.3437
[teacher_k1_a0.5_s42] epoch  41 |    30.8s
[teacher_k1_a0.5_s42] epoch  42 |    30.7s
[teacher_k1_a0.5_s42] epoch  43 |    30.6s
[teacher_k1_a0.5_s42] epoch  44 |    30.7s
[teacher_k1_a0.5_s42] epoch  45 |    30.7s
[teacher_k1_a0.5_s42] epoch  46 |    30.9s
[teacher_k1_a0.5_s42] epoch  47 |    30.8s
[teacher_k1_a0.5_s42] epoch  48 |    30.7s
[teacher_k1_a0.5_s42] epoch  49 |    30.8s
[teacher_k1_a0.5_s42] epoch  50 |    30.8s
  [T1] epoch  50 | tr_acc=0.8526 | val_acc=0.4598 | macro_f1=0.3946
[teacher_k1_a0.5_s42] epoch  51 |    30.7s
[teacher_k1_a0.5_s42] epoch  52 |    30.4s
[teacher_k1_a0.5_s42] epoch  53 |    30.6s
[teacher_k1_a0.5_s42] epoch  54 |    30.7s
[teacher_k1_a0.5_s42] epoch  55 |    30.6s
[teacher_k1_a0.5_s42] epoch  56 |    30.4s
[teacher_k1_a0.5_s42] epoch  57 |    30.9s
[teacher_k1_a0.5_s42] epoch  58 |    30.8s
[teacher_k1_a0.5_s42] epoch  59 |    30.8s
  [T1] epoch  59 | tr_acc=0.8850 | val_acc=0.4740 | macro_f1=0.4061
[teacher_k1_a0.5_s42] SUMMARY | n=60 total=1843s mean=30.7s (min=30.4, max=31.2)
[teacher_k1_a0.5_s42] SUMMARY | n=60 total=1843s mean=30.7s (min=30.4, max=31.2)

--- Teacher 2 학습 ---
[teacher_k2_a0.5_s42] epoch   0 |    25.9s
  [T2] epoch   0 | tr_acc=0.1143 | val_acc=0.0430 | macro_f1=0.0163
[teacher_k2_a0.5_s42] epoch   1 |    26.0s
[teacher_k2_a0.5_s42] epoch   2 |    26.2s
[teacher_k2_a0.5_s42] epoch   3 |    26.2s
[teacher_k2_a0.5_s42] epoch   4 |    25.8s
[teacher_k2_a0.5_s42] epoch   5 |    25.9s
[teacher_k2_a0.5_s42] epoch   6 |    25.8s
[teacher_k2_a0.5_s42] epoch   7 |    25.9s
[teacher_k2_a0.5_s42] epoch   8 |    26.2s
[teacher_k2_a0.5_s42] epoch   9 |    26.0s
[teacher_k2_a0.5_s42] epoch  10 |    26.0s
  [T2] epoch  10 | tr_acc=0.4827 | val_acc=0.2010 | macro_f1=0.1506
[teacher_k2_a0.5_s42] epoch  11 |    26.1s
[teacher_k2_a0.5_s42] epoch  12 |    26.2s
[teacher_k2_a0.5_s42] epoch  13 |    26.0s
[teacher_k2_a0.5_s42] epoch  14 |    26.0s
[teacher_k2_a0.5_s42] epoch  15 |    26.2s
[teacher_k2_a0.5_s42] epoch  16 |    26.3s
[teacher_k2_a0.5_s42] epoch  17 |    26.0s
[teacher_k2_a0.5_s42] epoch  18 |    25.7s
[teacher_k2_a0.5_s42] epoch  19 |    25.9s
[teacher_k2_a0.5_s42] epoch  20 |    26.0s
  [T2] epoch  20 | tr_acc=0.6096 | val_acc=0.2890 | macro_f1=0.2330
[teacher_k2_a0.5_s42] epoch  21 |    25.8s
[teacher_k2_a0.5_s42] epoch  22 |    26.1s
[teacher_k2_a0.5_s42] epoch  23 |    25.9s
[teacher_k2_a0.5_s42] epoch  24 |    25.9s
[teacher_k2_a0.5_s42] epoch  25 |    26.0s
[teacher_k2_a0.5_s42] epoch  26 |    26.1s
[teacher_k2_a0.5_s42] epoch  27 |    26.0s
[teacher_k2_a0.5_s42] epoch  28 |    26.1s
[teacher_k2_a0.5_s42] epoch  29 |    25.9s
[teacher_k2_a0.5_s42] epoch  30 |    26.1s
  [T2] epoch  30 | tr_acc=0.6853 | val_acc=0.3352 | macro_f1=0.2819
[teacher_k2_a0.5_s42] epoch  31 |    26.0s
[teacher_k2_a0.5_s42] epoch  32 |    25.8s
[teacher_k2_a0.5_s42] epoch  33 |    26.1s
[teacher_k2_a0.5_s42] epoch  34 |    26.0s
[teacher_k2_a0.5_s42] epoch  35 |    25.9s
[teacher_k2_a0.5_s42] epoch  36 |    26.0s
[teacher_k2_a0.5_s42] epoch  37 |    26.0s
[teacher_k2_a0.5_s42] epoch  38 |    25.9s
[teacher_k2_a0.5_s42] epoch  39 |    26.0s
[teacher_k2_a0.5_s42] epoch  40 |    25.9s
  [T2] epoch  40 | tr_acc=0.7689 | val_acc=0.4042 | macro_f1=0.3445
[teacher_k2_a0.5_s42] epoch  41 |    25.9s
[teacher_k2_a0.5_s42] epoch  42 |    26.1s
[teacher_k2_a0.5_s42] epoch  43 |    26.0s
[teacher_k2_a0.5_s42] epoch  44 |    26.0s
[teacher_k2_a0.5_s42] epoch  45 |    25.9s
[teacher_k2_a0.5_s42] epoch  46 |    25.9s
[teacher_k2_a0.5_s42] epoch  47 |    26.0s
[teacher_k2_a0.5_s42] epoch  48 |    26.1s
[teacher_k2_a0.5_s42] epoch  49 |    26.1s
[teacher_k2_a0.5_s42] epoch  50 |    26.0s
  [T2] epoch  50 | tr_acc=0.8698 | val_acc=0.4546 | macro_f1=0.3965
[teacher_k2_a0.5_s42] epoch  51 |    26.3s
[teacher_k2_a0.5_s42] epoch  52 |    26.0s
[teacher_k2_a0.5_s42] epoch  53 |    25.8s
[teacher_k2_a0.5_s42] epoch  54 |    25.9s
[teacher_k2_a0.5_s42] epoch  55 |    25.8s
[teacher_k2_a0.5_s42] epoch  56 |    26.0s
[teacher_k2_a0.5_s42] epoch  57 |    26.0s
[teacher_k2_a0.5_s42] epoch  58 |    26.0s
[teacher_k2_a0.5_s42] epoch  59 |    25.8s
  [T2] epoch  59 | tr_acc=0.9021 | val_acc=0.4736 | macro_f1=0.4135
[teacher_k2_a0.5_s42] SUMMARY | n=60 total=1559s mean=26.0s (min=25.7, max=26.3)
[teacher_k2_a0.5_s42] SUMMARY | n=60 total=1559s mean=26.0s (min=25.7, max=26.3)

--- Teacher 3 학습 ---
[teacher_k3_a0.5_s42] epoch   0 |    25.0s
  [T3] epoch   0 | tr_acc=0.1037 | val_acc=0.0520 | macro_f1=0.0247
[teacher_k3_a0.5_s42] epoch   1 |    25.3s
[teacher_k3_a0.5_s42] epoch   2 |    25.6s
[teacher_k3_a0.5_s42] epoch   3 |    25.4s
[teacher_k3_a0.5_s42] epoch   4 |    25.2s
[teacher_k3_a0.5_s42] epoch   5 |    25.4s
[teacher_k3_a0.5_s42] epoch   6 |    25.2s
[teacher_k3_a0.5_s42] epoch   7 |    25.2s
[teacher_k3_a0.5_s42] epoch   8 |    25.3s
[teacher_k3_a0.5_s42] epoch   9 |    25.6s
[teacher_k3_a0.5_s42] epoch  10 |    25.3s
  [T3] epoch  10 | tr_acc=0.4111 | val_acc=0.2196 | macro_f1=0.1670
[teacher_k3_a0.5_s42] epoch  11 |    25.3s
[teacher_k3_a0.5_s42] epoch  12 |    25.1s
[teacher_k3_a0.5_s42] epoch  13 |    25.2s
[teacher_k3_a0.5_s42] epoch  14 |    25.2s
[teacher_k3_a0.5_s42] epoch  15 |    25.1s
[teacher_k3_a0.5_s42] epoch  16 |    25.2s
[teacher_k3_a0.5_s42] epoch  17 |    25.0s
[teacher_k3_a0.5_s42] epoch  18 |    25.1s
[teacher_k3_a0.5_s42] epoch  19 |    25.3s
[teacher_k3_a0.5_s42] epoch  20 |    25.1s
  [T3] epoch  20 | tr_acc=0.5355 | val_acc=0.3152 | macro_f1=0.2484
[teacher_k3_a0.5_s42] epoch  21 |    25.3s
[teacher_k3_a0.5_s42] epoch  22 |    25.2s
[teacher_k3_a0.5_s42] epoch  23 |    25.3s
[teacher_k3_a0.5_s42] epoch  24 |    25.4s
[teacher_k3_a0.5_s42] epoch  25 |    25.2s
[teacher_k3_a0.5_s42] epoch  26 |    25.3s
[teacher_k3_a0.5_s42] epoch  27 |    25.4s
[teacher_k3_a0.5_s42] epoch  28 |    25.2s
[teacher_k3_a0.5_s42] epoch  29 |    25.5s
[teacher_k3_a0.5_s42] epoch  30 |    25.3s
  [T3] epoch  30 | tr_acc=0.6250 | val_acc=0.3542 | macro_f1=0.3087
[teacher_k3_a0.5_s42] epoch  31 |    25.1s
[teacher_k3_a0.5_s42] epoch  32 |    25.2s
[teacher_k3_a0.5_s42] epoch  33 |    25.2s
[teacher_k3_a0.5_s42] epoch  34 |    25.3s
[teacher_k3_a0.5_s42] epoch  35 |    25.2s
[teacher_k3_a0.5_s42] epoch  36 |    25.5s
[teacher_k3_a0.5_s42] epoch  37 |    25.4s
[teacher_k3_a0.5_s42] epoch  38 |    25.1s
[teacher_k3_a0.5_s42] epoch  39 |    25.1s
[teacher_k3_a0.5_s42] epoch  40 |    25.2s
  [T3] epoch  40 | tr_acc=0.7304 | val_acc=0.4106 | macro_f1=0.3533
[teacher_k3_a0.5_s42] epoch  41 |    25.3s
[teacher_k3_a0.5_s42] epoch  42 |    25.3s
[teacher_k3_a0.5_s42] epoch  43 |    25.3s
[teacher_k3_a0.5_s42] epoch  44 |    25.3s
[teacher_k3_a0.5_s42] epoch  45 |    25.3s
[teacher_k3_a0.5_s42] epoch  46 |    25.0s
[teacher_k3_a0.5_s42] epoch  47 |    25.3s
[teacher_k3_a0.5_s42] epoch  48 |    25.3s
[teacher_k3_a0.5_s42] epoch  49 |    25.2s
[teacher_k3_a0.5_s42] epoch  50 |    25.3s
  [T3] epoch  50 | tr_acc=0.8416 | val_acc=0.4828 | macro_f1=0.4259
[teacher_k3_a0.5_s42] epoch  51 |    25.3s
[teacher_k3_a0.5_s42] epoch  52 |    25.3s
[teacher_k3_a0.5_s42] epoch  53 |    25.2s
[teacher_k3_a0.5_s42] epoch  54 |    25.4s
[teacher_k3_a0.5_s42] epoch  55 |    25.2s
[teacher_k3_a0.5_s42] epoch  56 |    25.2s
[teacher_k3_a0.5_s42] epoch  57 |    25.1s
[teacher_k3_a0.5_s42] epoch  58 |    25.5s
[teacher_k3_a0.5_s42] epoch  59 |    25.1s
  [T3] epoch  59 | tr_acc=0.8772 | val_acc=0.4940 | macro_f1=0.4396
[teacher_k3_a0.5_s42] SUMMARY | n=60 total=1516s mean=25.3s (min=25.0, max=25.6)
[teacher_k3_a0.5_s42] SUMMARY | n=60 total=1516s mean=25.3s (min=25.0, max=25.6)

--- Teacher 4 학습 ---
[teacher_k4_a0.5_s42] epoch   0 |    24.2s
  [T4] epoch   0 | tr_acc=0.0965 | val_acc=0.0346 | macro_f1=0.0134
[teacher_k4_a0.5_s42] epoch   1 |    24.4s
[teacher_k4_a0.5_s42] epoch   2 |    24.1s
[teacher_k4_a0.5_s42] epoch   3 |    23.9s
[teacher_k4_a0.5_s42] epoch   4 |    24.2s
[teacher_k4_a0.5_s42] epoch   5 |    24.1s
[teacher_k4_a0.5_s42] epoch   6 |    24.0s
[teacher_k4_a0.5_s42] epoch   7 |    24.0s
[teacher_k4_a0.5_s42] epoch   8 |    24.1s
[teacher_k4_a0.5_s42] epoch   9 |    24.2s
[teacher_k4_a0.5_s42] epoch  10 |    24.1s
  [T4] epoch  10 | tr_acc=0.3932 | val_acc=0.2204 | macro_f1=0.1623
[teacher_k4_a0.5_s42] epoch  11 |    24.1s
[teacher_k4_a0.5_s42] epoch  12 |    24.0s
[teacher_k4_a0.5_s42] epoch  13 |    24.1s
[teacher_k4_a0.5_s42] epoch  14 |    24.3s
[teacher_k4_a0.5_s42] epoch  15 |    24.2s
[teacher_k4_a0.5_s42] epoch  16 |    24.1s
[teacher_k4_a0.5_s42] epoch  17 |    24.1s
[teacher_k4_a0.5_s42] epoch  18 |    24.1s
[teacher_k4_a0.5_s42] epoch  19 |    24.2s
[teacher_k4_a0.5_s42] epoch  20 |    24.0s
  [T4] epoch  20 | tr_acc=0.5322 | val_acc=0.3100 | macro_f1=0.2617
[teacher_k4_a0.5_s42] epoch  21 |    24.2s
[teacher_k4_a0.5_s42] epoch  22 |    24.4s
[teacher_k4_a0.5_s42] epoch  23 |    24.3s
[teacher_k4_a0.5_s42] epoch  24 |    24.0s
[teacher_k4_a0.5_s42] epoch  25 |    24.1s
[teacher_k4_a0.5_s42] epoch  26 |    24.1s
[teacher_k4_a0.5_s42] epoch  27 |    24.3s
[teacher_k4_a0.5_s42] epoch  28 |    24.1s
[teacher_k4_a0.5_s42] epoch  29 |    24.0s
[teacher_k4_a0.5_s42] epoch  30 |    24.0s
  [T4] epoch  30 | tr_acc=0.6350 | val_acc=0.3594 | macro_f1=0.3108
[teacher_k4_a0.5_s42] epoch  31 |    24.0s
[teacher_k4_a0.5_s42] epoch  32 |    24.1s
[teacher_k4_a0.5_s42] epoch  33 |    24.1s
[teacher_k4_a0.5_s42] epoch  34 |    24.1s
[teacher_k4_a0.5_s42] epoch  35 |    24.0s
[teacher_k4_a0.5_s42] epoch  36 |    24.1s
[teacher_k4_a0.5_s42] epoch  37 |    24.3s
[teacher_k4_a0.5_s42] epoch  38 |    24.2s
[teacher_k4_a0.5_s42] epoch  39 |    24.1s
[teacher_k4_a0.5_s42] epoch  40 |    24.1s
  [T4] epoch  40 | tr_acc=0.7358 | val_acc=0.4398 | macro_f1=0.3953
[teacher_k4_a0.5_s42] epoch  41 |    24.2s
[teacher_k4_a0.5_s42] epoch  42 |    24.1s
[teacher_k4_a0.5_s42] epoch  43 |    24.3s
[teacher_k4_a0.5_s42] epoch  44 |    24.3s
[teacher_k4_a0.5_s42] epoch  45 |    24.0s
[teacher_k4_a0.5_s42] epoch  46 |    23.9s
[teacher_k4_a0.5_s42] epoch  47 |    24.3s
[teacher_k4_a0.5_s42] epoch  48 |    24.2s
[teacher_k4_a0.5_s42] epoch  49 |    23.9s
[teacher_k4_a0.5_s42] epoch  50 |    24.2s
  [T4] epoch  50 | tr_acc=0.8432 | val_acc=0.4900 | macro_f1=0.4426
[teacher_k4_a0.5_s42] epoch  51 |    24.1s
[teacher_k4_a0.5_s42] epoch  52 |    24.3s
[teacher_k4_a0.5_s42] epoch  53 |    24.0s
[teacher_k4_a0.5_s42] epoch  54 |    24.1s
[teacher_k4_a0.5_s42] epoch  55 |    24.2s
[teacher_k4_a0.5_s42] epoch  56 |    24.1s
[teacher_k4_a0.5_s42] epoch  57 |    24.2s
[teacher_k4_a0.5_s42] epoch  58 |    24.2s
[teacher_k4_a0.5_s42] epoch  59 |    24.3s
  [T4] epoch  59 | tr_acc=0.8838 | val_acc=0.5092 | macro_f1=0.4622
[teacher_k4_a0.5_s42] SUMMARY | n=60 total=1448s mean=24.1s (min=23.9, max=24.4)
[teacher_k4_a0.5_s42] SUMMARY | n=60 total=1448s mean=24.1s (min=23.9, max=24.4)

--- Proxy logit 수집 (Teachers → proxy) ---
  T0: logits shape=(10000, 100), top-1 on proxy=0.5202
  T1: logits shape=(10000, 100), top-1 on proxy=0.4920
  T2: logits shape=(10000, 100), top-1 on proxy=0.4907
  T3: logits shape=(10000, 100), top-1 on proxy=0.5046
  T4: logits shape=(10000, 100), top-1 on proxy=0.5298

--- Expertise Matrix 계산 ---
  Teacher      F1>0.5    best F1    mean F1  proxy acc
  -------------------------------------------------------
  T0            60개      86.9%     46.3%      52.0%
  T1            52개      79.5%     42.4%      49.2%
  T2            49개      85.2%     42.7%      49.1%
  T3            52개      87.2%     45.2%      50.5%
  T4            57개      85.1%     48.1%      53.0%

  커버리지 (F1>0.3인 Teacher 수):
    전문가 0명: 0개 클래스
    전문가 1명: 0개 클래스
    전문가 2명+: 100개 클래스

--- Logit Quality 지표 (Layer 2) ---
  T0: entropy=1.109 top1_conf=0.693 top2_gap=0.583 | expert_ent=0.813 nonexp_ent=1.554
  T1: entropy=1.112 top1_conf=0.694 top2_gap=0.583 | expert_ent=0.749 nonexp_ent=1.505
  T2: entropy=1.090 top1_conf=0.700 top2_gap=0.591 | expert_ent=0.760 nonexp_ent=1.406
  T3: entropy=1.126 top1_conf=0.684 top2_gap=0.567 | expert_ent=0.816 nonexp_ent=1.463
  T4: entropy=1.110 top1_conf=0.691 top2_gap=0.578 | expert_ent=0.792 nonexp_ent=1.532

===== α=0.5, seed=42 완료 =====
  teachers.pt       → /home/ssm-user/efs/eacs_results/teachers/alpha0.5_seed42/teachers.pt
  teacher_logits.pt → /home/ssm-user/efs/eacs_results/teachers/alpha0.5_seed42/teacher_logits.pt
  expertise.npz     → /home/ssm-user/efs/eacs_results/teachers/alpha0.5_seed42/expertise.npz
  metadata.json     → /home/ssm-user/efs/eacs_results/teachers/alpha0.5_seed42/metadata.json
/opt/pytorch/lib64/python3.13/site-packages/torch/cuda/__init__.py:65: FutureWarning: The pynvml package is deprecated. Please install nvidia-ml-py instead. If you did not install pynvml directly, please report this to the maintainers of the package that installed pynvml for you.
  import pynvml  # type: ignore[import]
/home/ssm-user/efs/eacs/run_kd.py:141: FutureWarning: `torch.cuda.amp.GradScaler(args...)` is deprecated. Please use `torch.amp.GradScaler('cuda', args...)` instead.
  scaler = torch.cuda.amp.GradScaler() if use_amp else None

===== α=0.5, seed=42, weighting=uniform =====
  Fused logit shape: (10000, 100)
  클래스당 기여 Teacher 수 분포: min=5, max=5, mean=5.00
  Loading parquet: /home/ssm-user/efs/workspace/extract_imagenet_100/data/imagenet100/train.parquet
  Loading parquet: /home/ssm-user/efs/workspace/extract_imagenet_100/data/imagenet100/validation.parquet
/home/ssm-user/efs/eacs/run_kd.py:166: FutureWarning: `torch.cuda.amp.autocast(args...)` is deprecated. Please use `torch.amp.autocast('cuda', args...)` instead.
  with torch.cuda.amp.autocast():
[kd_a0.5_s42_uniform] epoch   0 |    25.0s
  [kd_a0.5_s42_uniform] epoch   0 | loss=4.679 (ce=4.460, kd=4.898) | tr_acc=0.0411 | val_acc=0.0662
[kd_a0.5_s42_uniform] epoch   1 |    15.3s
[kd_a0.5_s42_uniform] epoch   2 |    15.5s
  [kd_a0.5_s42_uniform] epoch   2 | loss=3.961 (ce=3.889, kd=4.034) | tr_acc=0.1048 | val_acc=0.0830
[kd_a0.5_s42_uniform] epoch   3 |    13.8s
[kd_a0.5_s42_uniform] epoch   4 |    13.3s
  [kd_a0.5_s42_uniform] epoch   4 | loss=3.585 (ce=3.599, kd=3.571) | tr_acc=0.1486 | val_acc=0.1534
[kd_a0.5_s42_uniform] epoch   5 |    13.2s
[kd_a0.5_s42_uniform] epoch   6 |    13.2s
  [kd_a0.5_s42_uniform] epoch   6 | loss=3.269 (ce=3.343, kd=3.194) | tr_acc=0.1880 | val_acc=0.1528
[kd_a0.5_s42_uniform] epoch   7 |    13.2s
[kd_a0.5_s42_uniform] epoch   8 |    13.2s
  [kd_a0.5_s42_uniform] epoch   8 | loss=3.057 (ce=3.157, kd=2.956) | tr_acc=0.2286 | val_acc=0.2284
[kd_a0.5_s42_uniform] epoch   9 |    13.3s
[kd_a0.5_s42_uniform] epoch  10 |    13.1s
  [kd_a0.5_s42_uniform] epoch  10 | loss=2.828 (ce=2.969, kd=2.688) | tr_acc=0.2634 | val_acc=0.2094
[kd_a0.5_s42_uniform] epoch  11 |    13.2s
[kd_a0.5_s42_uniform] epoch  12 |    13.2s
  [kd_a0.5_s42_uniform] epoch  12 | loss=2.631 (ce=2.801, kd=2.460) | tr_acc=0.2976 | val_acc=0.2432
[kd_a0.5_s42_uniform] epoch  13 |    13.1s
[kd_a0.5_s42_uniform] epoch  14 |    13.2s
  [kd_a0.5_s42_uniform] epoch  14 | loss=2.496 (ce=2.676, kd=2.315) | tr_acc=0.3233 | val_acc=0.2844
[kd_a0.5_s42_uniform] epoch  15 |    13.1s
[kd_a0.5_s42_uniform] epoch  16 |    13.1s
  [kd_a0.5_s42_uniform] epoch  16 | loss=2.338 (ce=2.535, kd=2.142) | tr_acc=0.3579 | val_acc=0.2616
[kd_a0.5_s42_uniform] epoch  17 |    13.2s
[kd_a0.5_s42_uniform] epoch  18 |    13.3s
  [kd_a0.5_s42_uniform] epoch  18 | loss=2.190 (ce=2.398, kd=1.982) | tr_acc=0.3914 | val_acc=0.3522
[kd_a0.5_s42_uniform] epoch  19 |    13.4s
[kd_a0.5_s42_uniform] epoch  20 |    13.3s
  [kd_a0.5_s42_uniform] epoch  20 | loss=2.065 (ce=2.290, kd=1.840) | tr_acc=0.4161 | val_acc=0.3514
[kd_a0.5_s42_uniform] epoch  21 |    13.1s
[kd_a0.5_s42_uniform] epoch  22 |    13.3s
  [kd_a0.5_s42_uniform] epoch  22 | loss=1.952 (ce=2.175, kd=1.729) | tr_acc=0.4367 | val_acc=0.3898
[kd_a0.5_s42_uniform] epoch  23 |    13.2s
[kd_a0.5_s42_uniform] epoch  24 |    13.1s
  [kd_a0.5_s42_uniform] epoch  24 | loss=1.856 (ce=2.069, kd=1.644) | tr_acc=0.4585 | val_acc=0.3630
[kd_a0.5_s42_uniform] epoch  25 |    13.2s
[kd_a0.5_s42_uniform] epoch  26 |    13.1s
  [kd_a0.5_s42_uniform] epoch  26 | loss=1.783 (ce=2.002, kd=1.565) | tr_acc=0.4750 | val_acc=0.4032
[kd_a0.5_s42_uniform] epoch  27 |    13.2s
[kd_a0.5_s42_uniform] epoch  28 |    13.2s
  [kd_a0.5_s42_uniform] epoch  28 | loss=1.685 (ce=1.884, kd=1.486) | tr_acc=0.5078 | val_acc=0.4130
[kd_a0.5_s42_uniform] epoch  29 |    13.3s
[kd_a0.5_s42_uniform] epoch  30 |    13.1s
  [kd_a0.5_s42_uniform] epoch  30 | loss=1.607 (ce=1.802, kd=1.413) | tr_acc=0.5293 | val_acc=0.4372
[kd_a0.5_s42_uniform] epoch  31 |    13.2s
[kd_a0.5_s42_uniform] epoch  32 |    13.2s
  [kd_a0.5_s42_uniform] epoch  32 | loss=1.544 (ce=1.732, kd=1.357) | tr_acc=0.5482 | val_acc=0.4784
[kd_a0.5_s42_uniform] epoch  33 |    13.2s
[kd_a0.5_s42_uniform] epoch  34 |    13.2s
  [kd_a0.5_s42_uniform] epoch  34 | loss=1.472 (ce=1.644, kd=1.299) | tr_acc=0.5724 | val_acc=0.4692
[kd_a0.5_s42_uniform] epoch  35 |    13.3s
[kd_a0.5_s42_uniform] epoch  36 |    13.2s
  [kd_a0.5_s42_uniform] epoch  36 | loss=1.407 (ce=1.562, kd=1.251) | tr_acc=0.5919 | val_acc=0.4814
[kd_a0.5_s42_uniform] epoch  37 |    13.2s
[kd_a0.5_s42_uniform] epoch  38 |    13.1s
  [kd_a0.5_s42_uniform] epoch  38 | loss=1.348 (ce=1.495, kd=1.200) | tr_acc=0.6108 | val_acc=0.4940
[kd_a0.5_s42_uniform] epoch  39 |    13.1s
[kd_a0.5_s42_uniform] epoch  40 |    13.2s
  [kd_a0.5_s42_uniform] epoch  40 | loss=1.319 (ce=1.441, kd=1.196) | tr_acc=0.6278 | val_acc=0.5084
[kd_a0.5_s42_uniform] epoch  41 |    13.3s
[kd_a0.5_s42_uniform] epoch  42 |    13.3s
  [kd_a0.5_s42_uniform] epoch  42 | loss=1.266 (ce=1.379, kd=1.153) | tr_acc=0.6348 | val_acc=0.5070
[kd_a0.5_s42_uniform] epoch  43 |    13.2s
[kd_a0.5_s42_uniform] epoch  44 |    13.3s
  [kd_a0.5_s42_uniform] epoch  44 | loss=1.203 (ce=1.303, kd=1.103) | tr_acc=0.6603 | val_acc=0.5212
[kd_a0.5_s42_uniform] epoch  45 |    13.2s
[kd_a0.5_s42_uniform] epoch  46 |    13.1s
  [kd_a0.5_s42_uniform] epoch  46 | loss=1.167 (ce=1.252, kd=1.083) | tr_acc=0.6749 | val_acc=0.5222
[kd_a0.5_s42_uniform] epoch  47 |    13.2s
[kd_a0.5_s42_uniform] epoch  48 |    13.3s
  [kd_a0.5_s42_uniform] epoch  48 | loss=1.106 (ce=1.154, kd=1.058) | tr_acc=0.6973 | val_acc=0.5324
[kd_a0.5_s42_uniform] epoch  49 |    13.4s
[kd_a0.5_s42_uniform] epoch  50 |    13.0s
  [kd_a0.5_s42_uniform] epoch  50 | loss=1.080 (ce=1.125, kd=1.035) | tr_acc=0.7121 | val_acc=0.5276
[kd_a0.5_s42_uniform] epoch  51 |    13.0s
[kd_a0.5_s42_uniform] epoch  52 |    13.2s
  [kd_a0.5_s42_uniform] epoch  52 | loss=1.031 (ce=1.044, kd=1.017) | tr_acc=0.7352 | val_acc=0.5540
[kd_a0.5_s42_uniform] epoch  53 |    13.2s
[kd_a0.5_s42_uniform] epoch  54 |    13.1s
  [kd_a0.5_s42_uniform] epoch  54 | loss=1.002 (ce=1.003, kd=1.002) | tr_acc=0.7555 | val_acc=0.5452
[kd_a0.5_s42_uniform] epoch  55 |    13.1s
[kd_a0.5_s42_uniform] epoch  56 |    13.4s
  [kd_a0.5_s42_uniform] epoch  56 | loss=0.940 (ce=0.931, kd=0.949) | tr_acc=0.7737 | val_acc=0.5646
[kd_a0.5_s42_uniform] epoch  57 |    13.1s
[kd_a0.5_s42_uniform] epoch  58 |    13.1s
  [kd_a0.5_s42_uniform] epoch  58 | loss=0.920 (ce=0.901, kd=0.939) | tr_acc=0.7858 | val_acc=0.5766
[kd_a0.5_s42_uniform] epoch  59 |    13.2s
[kd_a0.5_s42_uniform] epoch  60 |    13.3s
  [kd_a0.5_s42_uniform] epoch  60 | loss=0.877 (ce=0.843, kd=0.912) | tr_acc=0.7964 | val_acc=0.5888
[kd_a0.5_s42_uniform] epoch  61 |    13.0s
[kd_a0.5_s42_uniform] epoch  62 |    13.2s
  [kd_a0.5_s42_uniform] epoch  62 | loss=0.846 (ce=0.801, kd=0.890) | tr_acc=0.8151 | val_acc=0.5914
[kd_a0.5_s42_uniform] epoch  63 |    13.1s
[kd_a0.5_s42_uniform] epoch  64 |    13.2s
  [kd_a0.5_s42_uniform] epoch  64 | loss=0.810 (ce=0.747, kd=0.874) | tr_acc=0.8266 | val_acc=0.5900
[kd_a0.5_s42_uniform] epoch  65 |    13.2s
[kd_a0.5_s42_uniform] epoch  66 |    13.4s
  [kd_a0.5_s42_uniform] epoch  66 | loss=0.789 (ce=0.728, kd=0.851) | tr_acc=0.8367 | val_acc=0.5970
[kd_a0.5_s42_uniform] epoch  67 |    13.2s
[kd_a0.5_s42_uniform] epoch  68 |    13.3s
  [kd_a0.5_s42_uniform] epoch  68 | loss=0.761 (ce=0.692, kd=0.831) | tr_acc=0.8467 | val_acc=0.6016
[kd_a0.5_s42_uniform] epoch  69 |    13.4s
[kd_a0.5_s42_uniform] epoch  70 |    13.2s
  [kd_a0.5_s42_uniform] epoch  70 | loss=0.748 (ce=0.672, kd=0.824) | tr_acc=0.8554 | val_acc=0.5964
[kd_a0.5_s42_uniform] epoch  71 |    13.3s
  [kd_a0.5_s42_uniform] epoch  71 | loss=0.749 (ce=0.677, kd=0.820) | tr_acc=0.8467 | val_acc=0.6050
[kd_a0.5_s42_uniform] epoch  72 |    13.2s
  [kd_a0.5_s42_uniform] epoch  72 | loss=0.735 (ce=0.657, kd=0.813) | tr_acc=0.8608 | val_acc=0.6064
[kd_a0.5_s42_uniform] epoch  73 |    13.2s
  [kd_a0.5_s42_uniform] epoch  73 | loss=0.730 (ce=0.650, kd=0.810) | tr_acc=0.8591 | val_acc=0.6102
[kd_a0.5_s42_uniform] epoch  74 |    13.2s
  [kd_a0.5_s42_uniform] epoch  74 | loss=0.734 (ce=0.651, kd=0.817) | tr_acc=0.8605 | val_acc=0.6088
[kd_a0.5_s42_uniform] epoch  75 |    13.2s
  [kd_a0.5_s42_uniform] epoch  75 | loss=0.727 (ce=0.639, kd=0.815) | tr_acc=0.8597 | val_acc=0.6064
[kd_a0.5_s42_uniform] epoch  76 |    13.2s
  [kd_a0.5_s42_uniform] epoch  76 | loss=0.715 (ce=0.632, kd=0.797) | tr_acc=0.8650 | val_acc=0.6064
[kd_a0.5_s42_uniform] epoch  77 |    13.4s
  [kd_a0.5_s42_uniform] epoch  77 | loss=0.713 (ce=0.627, kd=0.799) | tr_acc=0.8635 | val_acc=0.6084
[kd_a0.5_s42_uniform] epoch  78 |    13.2s
  [kd_a0.5_s42_uniform] epoch  78 | loss=0.717 (ce=0.640, kd=0.794) | tr_acc=0.8652 | val_acc=0.6090
[kd_a0.5_s42_uniform] epoch  79 |    13.2s
  [kd_a0.5_s42_uniform] epoch  79 | loss=0.701 (ce=0.621, kd=0.781) | tr_acc=0.8670 | val_acc=0.6088
[kd_a0.5_s42_uniform] SUMMARY | n=80 total=1073s mean=13.4s (min=13.0, max=25.0)
[kd_a0.5_s42_uniform] SUMMARY | n=80 total=1073s mean=13.4s (min=13.0, max=25.0)

  Lower=0.5212, Upper=0.8448, Gap=0.3236
  Student=0.6102 → Gap Recovery = 27.5%

===== DONE =====
  Final acc    : 0.6102
  Best epoch   : 73
  Gap Recovery : 27.5%
  saved        → /home/ssm-user/efs/eacs_results/kd_runs/alpha0.5_seed42_uniform
/opt/pytorch/lib64/python3.13/site-packages/torch/cuda/__init__.py:65: FutureWarning: The pynvml package is deprecated. Please install nvidia-ml-py instead. If you did not install pynvml directly, please report this to the maintainers of the package that installed pynvml for you.
  import pynvml  # type: ignore[import]
/home/ssm-user/efs/eacs/run_kd.py:141: FutureWarning: `torch.cuda.amp.GradScaler(args...)` is deprecated. Please use `torch.amp.GradScaler('cuda', args...)` instead.
  scaler = torch.cuda.amp.GradScaler() if use_amp else None

===== α=0.5, seed=42, weighting=top_1 =====
  Fused logit shape: (10000, 100)
  클래스당 기여 Teacher 수 분포: min=1, max=1, mean=1.00
  Loading parquet: /home/ssm-user/efs/workspace/extract_imagenet_100/data/imagenet100/train.parquet
  Loading parquet: /home/ssm-user/efs/workspace/extract_imagenet_100/data/imagenet100/validation.parquet
/home/ssm-user/efs/eacs/run_kd.py:166: FutureWarning: `torch.cuda.amp.autocast(args...)` is deprecated. Please use `torch.amp.autocast('cuda', args...)` instead.
  with torch.cuda.amp.autocast():
[kd_a0.5_s42_top_1] epoch   0 |    25.0s
  [kd_a0.5_s42_top_1] epoch   0 | loss=6.943 (ce=4.509, kd=9.377) | tr_acc=0.0415 | val_acc=0.0584
[kd_a0.5_s42_top_1] epoch   1 |    15.2s
[kd_a0.5_s42_top_1] epoch   2 |    15.1s
  [kd_a0.5_s42_top_1] epoch   2 | loss=6.031 (ce=3.976, kd=8.085) | tr_acc=0.0945 | val_acc=0.0998
[kd_a0.5_s42_top_1] epoch   3 |    14.0s
[kd_a0.5_s42_top_1] epoch   4 |    13.2s
  [kd_a0.5_s42_top_1] epoch   4 | loss=5.534 (ce=3.699, kd=7.369) | tr_acc=0.1413 | val_acc=0.1082
[kd_a0.5_s42_top_1] epoch   5 |    13.1s
[kd_a0.5_s42_top_1] epoch   6 |    13.2s
  [kd_a0.5_s42_top_1] epoch   6 | loss=5.073 (ce=3.433, kd=6.712) | tr_acc=0.1903 | val_acc=0.1240
[kd_a0.5_s42_top_1] epoch   7 |    13.2s
[kd_a0.5_s42_top_1] epoch   8 |    13.3s
  [kd_a0.5_s42_top_1] epoch   8 | loss=4.748 (ce=3.241, kd=6.254) | tr_acc=0.2242 | val_acc=0.2132
[kd_a0.5_s42_top_1] epoch   9 |    13.2s
[kd_a0.5_s42_top_1] epoch  10 |    13.2s
  [kd_a0.5_s42_top_1] epoch  10 | loss=4.430 (ce=3.073, kd=5.788) | tr_acc=0.2635 | val_acc=0.2246
[kd_a0.5_s42_top_1] epoch  11 |    13.3s
[kd_a0.5_s42_top_1] epoch  12 |    13.2s
  [kd_a0.5_s42_top_1] epoch  12 | loss=4.123 (ce=2.886, kd=5.360) | tr_acc=0.3034 | val_acc=0.2500
[kd_a0.5_s42_top_1] epoch  13 |    13.1s
[kd_a0.5_s42_top_1] epoch  14 |    13.2s
  [kd_a0.5_s42_top_1] epoch  14 | loss=3.914 (ce=2.763, kd=5.064) | tr_acc=0.3229 | val_acc=0.2490
[kd_a0.5_s42_top_1] epoch  15 |    13.3s
[kd_a0.5_s42_top_1] epoch  16 |    13.1s
  [kd_a0.5_s42_top_1] epoch  16 | loss=3.652 (ce=2.612, kd=4.692) | tr_acc=0.3526 | val_acc=0.2824
[kd_a0.5_s42_top_1] epoch  17 |    13.0s
[kd_a0.5_s42_top_1] epoch  18 |    13.2s
  [kd_a0.5_s42_top_1] epoch  18 | loss=3.436 (ce=2.475, kd=4.397) | tr_acc=0.3873 | val_acc=0.3400
[kd_a0.5_s42_top_1] epoch  19 |    13.2s
[kd_a0.5_s42_top_1] epoch  20 |    13.0s
  [kd_a0.5_s42_top_1] epoch  20 | loss=3.233 (ce=2.356, kd=4.109) | tr_acc=0.4161 | val_acc=0.3484
[kd_a0.5_s42_top_1] epoch  21 |    13.2s
[kd_a0.5_s42_top_1] epoch  22 |    13.3s
  [kd_a0.5_s42_top_1] epoch  22 | loss=3.070 (ce=2.240, kd=3.900) | tr_acc=0.4354 | val_acc=0.3870
[kd_a0.5_s42_top_1] epoch  23 |    13.2s
[kd_a0.5_s42_top_1] epoch  24 |    13.2s
  [kd_a0.5_s42_top_1] epoch  24 | loss=2.931 (ce=2.139, kd=3.723) | tr_acc=0.4529 | val_acc=0.3914
[kd_a0.5_s42_top_1] epoch  25 |    13.3s
[kd_a0.5_s42_top_1] epoch  26 |    13.2s
  [kd_a0.5_s42_top_1] epoch  26 | loss=2.781 (ce=2.043, kd=3.520) | tr_acc=0.4778 | val_acc=0.3718
[kd_a0.5_s42_top_1] epoch  27 |    13.2s
[kd_a0.5_s42_top_1] epoch  28 |    13.3s
  [kd_a0.5_s42_top_1] epoch  28 | loss=2.645 (ce=1.919, kd=3.372) | tr_acc=0.5030 | val_acc=0.4262
[kd_a0.5_s42_top_1] epoch  29 |    13.2s
[kd_a0.5_s42_top_1] epoch  30 |    13.1s
  [kd_a0.5_s42_top_1] epoch  30 | loss=2.521 (ce=1.846, kd=3.196) | tr_acc=0.5231 | val_acc=0.4418
[kd_a0.5_s42_top_1] epoch  31 |    13.2s
[kd_a0.5_s42_top_1] epoch  32 |    13.0s
  [kd_a0.5_s42_top_1] epoch  32 | loss=2.426 (ce=1.762, kd=3.089) | tr_acc=0.5432 | val_acc=0.4520
[kd_a0.5_s42_top_1] epoch  33 |    13.2s
[kd_a0.5_s42_top_1] epoch  34 |    13.2s
  [kd_a0.5_s42_top_1] epoch  34 | loss=2.316 (ce=1.688, kd=2.943) | tr_acc=0.5568 | val_acc=0.4506
[kd_a0.5_s42_top_1] epoch  35 |    13.2s
[kd_a0.5_s42_top_1] epoch  36 |    13.1s
  [kd_a0.5_s42_top_1] epoch  36 | loss=2.229 (ce=1.611, kd=2.847) | tr_acc=0.5773 | val_acc=0.4682
[kd_a0.5_s42_top_1] epoch  37 |    13.3s
[kd_a0.5_s42_top_1] epoch  38 |    13.2s
  [kd_a0.5_s42_top_1] epoch  38 | loss=2.132 (ce=1.528, kd=2.736) | tr_acc=0.6016 | val_acc=0.4922
[kd_a0.5_s42_top_1] epoch  39 |    13.2s
[kd_a0.5_s42_top_1] epoch  40 |    13.3s
  [kd_a0.5_s42_top_1] epoch  40 | loss=2.084 (ce=1.485, kd=2.683) | tr_acc=0.6065 | val_acc=0.4878
[kd_a0.5_s42_top_1] epoch  41 |    13.2s
[kd_a0.5_s42_top_1] epoch  42 |    13.3s
  [kd_a0.5_s42_top_1] epoch  42 | loss=1.997 (ce=1.410, kd=2.584) | tr_acc=0.6279 | val_acc=0.5138
[kd_a0.5_s42_top_1] epoch  43 |    13.2s
[kd_a0.5_s42_top_1] epoch  44 |    13.0s
  [kd_a0.5_s42_top_1] epoch  44 | loss=1.920 (ce=1.346, kd=2.493) | tr_acc=0.6406 | val_acc=0.5170
[kd_a0.5_s42_top_1] epoch  45 |    13.0s
[kd_a0.5_s42_top_1] epoch  46 |    13.3s
  [kd_a0.5_s42_top_1] epoch  46 | loss=1.862 (ce=1.298, kd=2.426) | tr_acc=0.6586 | val_acc=0.5230
[kd_a0.5_s42_top_1] epoch  47 |    13.3s
[kd_a0.5_s42_top_1] epoch  48 |    13.4s
  [kd_a0.5_s42_top_1] epoch  48 | loss=1.796 (ce=1.197, kd=2.395) | tr_acc=0.6775 | val_acc=0.5406
[kd_a0.5_s42_top_1] epoch  49 |    13.2s
[kd_a0.5_s42_top_1] epoch  50 |    13.1s
  [kd_a0.5_s42_top_1] epoch  50 | loss=1.738 (ce=1.169, kd=2.307) | tr_acc=0.6887 | val_acc=0.5416
[kd_a0.5_s42_top_1] epoch  51 |    13.2s
[kd_a0.5_s42_top_1] epoch  52 |    13.4s
  [kd_a0.5_s42_top_1] epoch  52 | loss=1.665 (ce=1.082, kd=2.247) | tr_acc=0.7105 | val_acc=0.5480
[kd_a0.5_s42_top_1] epoch  53 |    13.0s
[kd_a0.5_s42_top_1] epoch  54 |    12.9s
  [kd_a0.5_s42_top_1] epoch  54 | loss=1.637 (ce=1.047, kd=2.226) | tr_acc=0.7243 | val_acc=0.5508
[kd_a0.5_s42_top_1] epoch  55 |    13.3s
[kd_a0.5_s42_top_1] epoch  56 |    13.3s
  [kd_a0.5_s42_top_1] epoch  56 | loss=1.525 (ce=0.979, kd=2.072) | tr_acc=0.7448 | val_acc=0.5700
[kd_a0.5_s42_top_1] epoch  57 |    13.3s
[kd_a0.5_s42_top_1] epoch  58 |    13.3s
  [kd_a0.5_s42_top_1] epoch  58 | loss=1.502 (ce=0.947, kd=2.058) | tr_acc=0.7550 | val_acc=0.5646
[kd_a0.5_s42_top_1] epoch  59 |    13.0s
[kd_a0.5_s42_top_1] epoch  60 |    13.4s
  [kd_a0.5_s42_top_1] epoch  60 | loss=1.436 (ce=0.884, kd=1.988) | tr_acc=0.7662 | val_acc=0.5828
[kd_a0.5_s42_top_1] epoch  61 |    13.2s
[kd_a0.5_s42_top_1] epoch  62 |    13.3s
  [kd_a0.5_s42_top_1] epoch  62 | loss=1.406 (ce=0.845, kd=1.966) | tr_acc=0.7794 | val_acc=0.5830
[kd_a0.5_s42_top_1] epoch  63 |    13.2s
[kd_a0.5_s42_top_1] epoch  64 |    13.3s
  [kd_a0.5_s42_top_1] epoch  64 | loss=1.337 (ce=0.782, kd=1.892) | tr_acc=0.8004 | val_acc=0.5868
[kd_a0.5_s42_top_1] epoch  65 |    13.4s
[kd_a0.5_s42_top_1] epoch  66 |    13.2s
  [kd_a0.5_s42_top_1] epoch  66 | loss=1.316 (ce=0.767, kd=1.864) | tr_acc=0.8022 | val_acc=0.5906
[kd_a0.5_s42_top_1] epoch  67 |    13.3s
[kd_a0.5_s42_top_1] epoch  68 |    13.1s
  [kd_a0.5_s42_top_1] epoch  68 | loss=1.272 (ce=0.723, kd=1.821) | tr_acc=0.8161 | val_acc=0.5964
[kd_a0.5_s42_top_1] epoch  69 |    13.1s
[kd_a0.5_s42_top_1] epoch  70 |    13.3s
  [kd_a0.5_s42_top_1] epoch  70 | loss=1.253 (ce=0.708, kd=1.798) | tr_acc=0.8216 | val_acc=0.5972
[kd_a0.5_s42_top_1] epoch  71 |    13.3s
  [kd_a0.5_s42_top_1] epoch  71 | loss=1.256 (ce=0.721, kd=1.791) | tr_acc=0.8147 | val_acc=0.6022
[kd_a0.5_s42_top_1] epoch  72 |    13.3s
  [kd_a0.5_s42_top_1] epoch  72 | loss=1.236 (ce=0.701, kd=1.772) | tr_acc=0.8278 | val_acc=0.6014
[kd_a0.5_s42_top_1] epoch  73 |    13.1s
  [kd_a0.5_s42_top_1] epoch  73 | loss=1.235 (ce=0.695, kd=1.775) | tr_acc=0.8267 | val_acc=0.6018
[kd_a0.5_s42_top_1] epoch  74 |    13.3s
  [kd_a0.5_s42_top_1] epoch  74 | loss=1.229 (ce=0.689, kd=1.770) | tr_acc=0.8288 | val_acc=0.6024
[kd_a0.5_s42_top_1] epoch  75 |    13.2s
  [kd_a0.5_s42_top_1] epoch  75 | loss=1.221 (ce=0.682, kd=1.760) | tr_acc=0.8340 | val_acc=0.6012
[kd_a0.5_s42_top_1] epoch  76 |    13.2s
  [kd_a0.5_s42_top_1] epoch  76 | loss=1.212 (ce=0.670, kd=1.754) | tr_acc=0.8342 | val_acc=0.6020
[kd_a0.5_s42_top_1] epoch  77 |    13.4s
  [kd_a0.5_s42_top_1] epoch  77 | loss=1.215 (ce=0.673, kd=1.756) | tr_acc=0.8332 | val_acc=0.6026
[kd_a0.5_s42_top_1] epoch  78 |    13.0s
  [kd_a0.5_s42_top_1] epoch  78 | loss=1.205 (ce=0.680, kd=1.729) | tr_acc=0.8311 | val_acc=0.6016
[kd_a0.5_s42_top_1] epoch  79 |    13.2s
  [kd_a0.5_s42_top_1] epoch  79 | loss=1.182 (ce=0.664, kd=1.699) | tr_acc=0.8368 | val_acc=0.6030
[kd_a0.5_s42_top_1] SUMMARY | n=80 total=1073s mean=13.4s (min=12.9, max=25.0)
[kd_a0.5_s42_top_1] SUMMARY | n=80 total=1073s mean=13.4s (min=12.9, max=25.0)

  Lower=0.5212, Upper=0.8448, Gap=0.3236
  Student=0.6030 → Gap Recovery = 25.3%

===== DONE =====
  Final acc    : 0.6030
  Best epoch   : 79
  Gap Recovery : 25.3%
  saved        → /home/ssm-user/efs/eacs_results/kd_runs/alpha0.5_seed42_top_1
/opt/pytorch/lib64/python3.13/site-packages/torch/cuda/__init__.py:65: FutureWarning: The pynvml package is deprecated. Please install nvidia-ml-py instead. If you did not install pynvml directly, please report this to the maintainers of the package that installed pynvml for you.
  import pynvml  # type: ignore[import]
/home/ssm-user/efs/eacs/run_kd.py:141: FutureWarning: `torch.cuda.amp.GradScaler(args...)` is deprecated. Please use `torch.amp.GradScaler('cuda', args...)` instead.
  scaler = torch.cuda.amp.GradScaler() if use_amp else None

===== α=0.5, seed=42, weighting=top_3 =====
  Fused logit shape: (10000, 100)
  클래스당 기여 Teacher 수 분포: min=2, max=3, mean=2.95
  Loading parquet: /home/ssm-user/efs/workspace/extract_imagenet_100/data/imagenet100/train.parquet
  Loading parquet: /home/ssm-user/efs/workspace/extract_imagenet_100/data/imagenet100/validation.parquet
/home/ssm-user/efs/eacs/run_kd.py:166: FutureWarning: `torch.cuda.amp.autocast(args...)` is deprecated. Please use `torch.amp.autocast('cuda', args...)` instead.
  with torch.cuda.amp.autocast():
[kd_a0.5_s42_top_3] epoch   0 |    25.0s
  [kd_a0.5_s42_top_3] epoch   0 | loss=6.232 (ce=4.482, kd=7.981) | tr_acc=0.0412 | val_acc=0.0532
[kd_a0.5_s42_top_3] epoch   1 |    15.2s
[kd_a0.5_s42_top_3] epoch   2 |    15.1s
  [kd_a0.5_s42_top_3] epoch   2 | loss=5.325 (ce=3.931, kd=6.719) | tr_acc=0.1028 | val_acc=0.0812
[kd_a0.5_s42_top_3] epoch   3 |    14.0s
[kd_a0.5_s42_top_3] epoch   4 |    13.1s
  [kd_a0.5_s42_top_3] epoch   4 | loss=4.833 (ce=3.644, kd=6.021) | tr_acc=0.1466 | val_acc=0.1090
[kd_a0.5_s42_top_3] epoch   5 |    13.2s
[kd_a0.5_s42_top_3] epoch   6 |    13.2s
  [kd_a0.5_s42_top_3] epoch   6 | loss=4.421 (ce=3.389, kd=5.453) | tr_acc=0.1939 | val_acc=0.1306
[kd_a0.5_s42_top_3] epoch   7 |    13.3s
[kd_a0.5_s42_top_3] epoch   8 |    13.2s
  [kd_a0.5_s42_top_3] epoch   8 | loss=4.111 (ce=3.189, kd=5.033) | tr_acc=0.2333 | val_acc=0.2174
[kd_a0.5_s42_top_3] epoch   9 |    13.2s
[kd_a0.5_s42_top_3] epoch  10 |    13.1s
  [kd_a0.5_s42_top_3] epoch  10 | loss=3.798 (ce=2.996, kd=4.599) | tr_acc=0.2720 | val_acc=0.2058
[kd_a0.5_s42_top_3] epoch  11 |    13.2s
[kd_a0.5_s42_top_3] epoch  12 |    13.2s
  [kd_a0.5_s42_top_3] epoch  12 | loss=3.514 (ce=2.822, kd=4.207) | tr_acc=0.3103 | val_acc=0.2484
[kd_a0.5_s42_top_3] epoch  13 |    13.1s
[kd_a0.5_s42_top_3] epoch  14 |    12.9s
  [kd_a0.5_s42_top_3] epoch  14 | loss=3.326 (ce=2.691, kd=3.961) | tr_acc=0.3303 | val_acc=0.2316
[kd_a0.5_s42_top_3] epoch  15 |    13.0s
[kd_a0.5_s42_top_3] epoch  16 |    13.1s
  [kd_a0.5_s42_top_3] epoch  16 | loss=3.082 (ce=2.534, kd=3.630) | tr_acc=0.3720 | val_acc=0.2844
[kd_a0.5_s42_top_3] epoch  17 |    13.1s
[kd_a0.5_s42_top_3] epoch  18 |    13.0s
  [kd_a0.5_s42_top_3] epoch  18 | loss=2.867 (ce=2.390, kd=3.344) | tr_acc=0.3983 | val_acc=0.3484
[kd_a0.5_s42_top_3] epoch  19 |    13.2s
[kd_a0.5_s42_top_3] epoch  20 |    13.0s
  [kd_a0.5_s42_top_3] epoch  20 | loss=2.687 (ce=2.274, kd=3.101) | tr_acc=0.4273 | val_acc=0.3640
[kd_a0.5_s42_top_3] epoch  21 |    13.1s
[kd_a0.5_s42_top_3] epoch  22 |    13.1s
  [kd_a0.5_s42_top_3] epoch  22 | loss=2.559 (ce=2.169, kd=2.948) | tr_acc=0.4464 | val_acc=0.4070
[kd_a0.5_s42_top_3] epoch  23 |    13.2s
[kd_a0.5_s42_top_3] epoch  24 |    13.1s
  [kd_a0.5_s42_top_3] epoch  24 | loss=2.405 (ce=2.041, kd=2.769) | tr_acc=0.4708 | val_acc=0.3954
[kd_a0.5_s42_top_3] epoch  25 |    13.2s
[kd_a0.5_s42_top_3] epoch  26 |    13.1s
  [kd_a0.5_s42_top_3] epoch  26 | loss=2.292 (ce=1.964, kd=2.619) | tr_acc=0.4914 | val_acc=0.4120
[kd_a0.5_s42_top_3] epoch  27 |    13.1s
[kd_a0.5_s42_top_3] epoch  28 |    13.0s
  [kd_a0.5_s42_top_3] epoch  28 | loss=2.182 (ce=1.858, kd=2.505) | tr_acc=0.5177 | val_acc=0.4136
[kd_a0.5_s42_top_3] epoch  29 |    13.1s
[kd_a0.5_s42_top_3] epoch  30 |    13.2s
  [kd_a0.5_s42_top_3] epoch  30 | loss=2.053 (ce=1.770, kd=2.337) | tr_acc=0.5415 | val_acc=0.4302
[kd_a0.5_s42_top_3] epoch  31 |    13.3s
[kd_a0.5_s42_top_3] epoch  32 |    13.1s
  [kd_a0.5_s42_top_3] epoch  32 | loss=1.971 (ce=1.699, kd=2.244) | tr_acc=0.5522 | val_acc=0.4532
[kd_a0.5_s42_top_3] epoch  33 |    13.1s
[kd_a0.5_s42_top_3] epoch  34 |    13.1s
  [kd_a0.5_s42_top_3] epoch  34 | loss=1.875 (ce=1.612, kd=2.138) | tr_acc=0.5733 | val_acc=0.4870
[kd_a0.5_s42_top_3] epoch  35 |    13.1s
[kd_a0.5_s42_top_3] epoch  36 |    13.2s
  [kd_a0.5_s42_top_3] epoch  36 | loss=1.779 (ce=1.533, kd=2.025) | tr_acc=0.5928 | val_acc=0.5050
[kd_a0.5_s42_top_3] epoch  37 |    13.1s
[kd_a0.5_s42_top_3] epoch  38 |    13.0s
  [kd_a0.5_s42_top_3] epoch  38 | loss=1.711 (ce=1.464, kd=1.958) | tr_acc=0.6073 | val_acc=0.4696
[kd_a0.5_s42_top_3] epoch  39 |    13.3s
[kd_a0.5_s42_top_3] epoch  40 |    13.2s
  [kd_a0.5_s42_top_3] epoch  40 | loss=1.680 (ce=1.411, kd=1.949) | tr_acc=0.6249 | val_acc=0.4910
[kd_a0.5_s42_top_3] epoch  41 |    13.2s
[kd_a0.5_s42_top_3] epoch  42 |    13.4s
  [kd_a0.5_s42_top_3] epoch  42 | loss=1.592 (ce=1.336, kd=1.848) | tr_acc=0.6455 | val_acc=0.5224
[kd_a0.5_s42_top_3] epoch  43 |    13.1s
[kd_a0.5_s42_top_3] epoch  44 |    13.2s
  [kd_a0.5_s42_top_3] epoch  44 | loss=1.528 (ce=1.280, kd=1.776) | tr_acc=0.6595 | val_acc=0.5272
[kd_a0.5_s42_top_3] epoch  45 |    13.1s
[kd_a0.5_s42_top_3] epoch  46 |    13.1s
  [kd_a0.5_s42_top_3] epoch  46 | loss=1.463 (ce=1.214, kd=1.712) | tr_acc=0.6786 | val_acc=0.5420
[kd_a0.5_s42_top_3] epoch  47 |    13.1s
[kd_a0.5_s42_top_3] epoch  48 |    13.2s
  [kd_a0.5_s42_top_3] epoch  48 | loss=1.403 (ce=1.125, kd=1.681) | tr_acc=0.6971 | val_acc=0.5388
[kd_a0.5_s42_top_3] epoch  49 |    13.2s
[kd_a0.5_s42_top_3] epoch  50 |    13.2s
  [kd_a0.5_s42_top_3] epoch  50 | loss=1.365 (ce=1.098, kd=1.632) | tr_acc=0.7088 | val_acc=0.5554
[kd_a0.5_s42_top_3] epoch  51 |    13.1s
[kd_a0.5_s42_top_3] epoch  52 |    13.2s
  [kd_a0.5_s42_top_3] epoch  52 | loss=1.301 (ce=1.016, kd=1.587) | tr_acc=0.7334 | val_acc=0.5520
[kd_a0.5_s42_top_3] epoch  53 |    13.2s
[kd_a0.5_s42_top_3] epoch  54 |    13.1s
  [kd_a0.5_s42_top_3] epoch  54 | loss=1.281 (ce=0.991, kd=1.571) | tr_acc=0.7445 | val_acc=0.5608
[kd_a0.5_s42_top_3] epoch  55 |    13.3s
[kd_a0.5_s42_top_3] epoch  56 |    13.2s
  [kd_a0.5_s42_top_3] epoch  56 | loss=1.195 (ce=0.925, kd=1.465) | tr_acc=0.7599 | val_acc=0.5666
[kd_a0.5_s42_top_3] epoch  57 |    13.1s
[kd_a0.5_s42_top_3] epoch  58 |    13.3s
  [kd_a0.5_s42_top_3] epoch  58 | loss=1.173 (ce=0.896, kd=1.449) | tr_acc=0.7688 | val_acc=0.5868
[kd_a0.5_s42_top_3] epoch  59 |    12.9s
[kd_a0.5_s42_top_3] epoch  60 |    13.2s
  [kd_a0.5_s42_top_3] epoch  60 | loss=1.114 (ce=0.836, kd=1.391) | tr_acc=0.7860 | val_acc=0.5818
[kd_a0.5_s42_top_3] epoch  61 |    13.0s
[kd_a0.5_s42_top_3] epoch  62 |    13.1s
  [kd_a0.5_s42_top_3] epoch  62 | loss=1.089 (ce=0.799, kd=1.378) | tr_acc=0.7985 | val_acc=0.5876
[kd_a0.5_s42_top_3] epoch  63 |    13.2s
[kd_a0.5_s42_top_3] epoch  64 |    13.1s
  [kd_a0.5_s42_top_3] epoch  64 | loss=1.031 (ce=0.740, kd=1.322) | tr_acc=0.8156 | val_acc=0.6016
[kd_a0.5_s42_top_3] epoch  65 |    13.2s
[kd_a0.5_s42_top_3] epoch  66 |    13.1s
  [kd_a0.5_s42_top_3] epoch  66 | loss=1.007 (ce=0.719, kd=1.296) | tr_acc=0.8233 | val_acc=0.6012
[kd_a0.5_s42_top_3] epoch  67 |    13.1s
[kd_a0.5_s42_top_3] epoch  68 |    13.1s
  [kd_a0.5_s42_top_3] epoch  68 | loss=0.966 (ce=0.686, kd=1.246) | tr_acc=0.8333 | val_acc=0.6056
[kd_a0.5_s42_top_3] epoch  69 |    13.2s
[kd_a0.5_s42_top_3] epoch  70 |    13.1s
  [kd_a0.5_s42_top_3] epoch  70 | loss=0.953 (ce=0.663, kd=1.244) | tr_acc=0.8403 | val_acc=0.6088
[kd_a0.5_s42_top_3] epoch  71 |    13.3s
  [kd_a0.5_s42_top_3] epoch  71 | loss=0.957 (ce=0.674, kd=1.240) | tr_acc=0.8347 | val_acc=0.6124
[kd_a0.5_s42_top_3] epoch  72 |    13.2s
  [kd_a0.5_s42_top_3] epoch  72 | loss=0.937 (ce=0.661, kd=1.213) | tr_acc=0.8424 | val_acc=0.6124
[kd_a0.5_s42_top_3] epoch  73 |    13.1s
  [kd_a0.5_s42_top_3] epoch  73 | loss=0.934 (ce=0.649, kd=1.219) | tr_acc=0.8394 | val_acc=0.6126
[kd_a0.5_s42_top_3] epoch  74 |    13.1s
  [kd_a0.5_s42_top_3] epoch  74 | loss=0.941 (ce=0.645, kd=1.237) | tr_acc=0.8434 | val_acc=0.6118
[kd_a0.5_s42_top_3] epoch  75 |    13.2s
  [kd_a0.5_s42_top_3] epoch  75 | loss=0.931 (ce=0.635, kd=1.226) | tr_acc=0.8526 | val_acc=0.6136
[kd_a0.5_s42_top_3] epoch  76 |    13.3s
  [kd_a0.5_s42_top_3] epoch  76 | loss=0.922 (ce=0.630, kd=1.214) | tr_acc=0.8476 | val_acc=0.6122
[kd_a0.5_s42_top_3] epoch  77 |    13.2s
  [kd_a0.5_s42_top_3] epoch  77 | loss=0.924 (ce=0.634, kd=1.213) | tr_acc=0.8465 | val_acc=0.6140
[kd_a0.5_s42_top_3] epoch  78 |    13.1s
  [kd_a0.5_s42_top_3] epoch  78 | loss=0.919 (ce=0.637, kd=1.201) | tr_acc=0.8506 | val_acc=0.6158
[kd_a0.5_s42_top_3] epoch  79 |    13.2s
  [kd_a0.5_s42_top_3] epoch  79 | loss=0.897 (ce=0.623, kd=1.171) | tr_acc=0.8494 | val_acc=0.6122
[kd_a0.5_s42_top_3] SUMMARY | n=80 total=1068s mean=13.4s (min=12.9, max=25.0)
[kd_a0.5_s42_top_3] SUMMARY | n=80 total=1068s mean=13.4s (min=12.9, max=25.0)

  Lower=0.5212, Upper=0.8448, Gap=0.3236
  Student=0.6158 → Gap Recovery = 29.2%

===== DONE =====
  Final acc    : 0.6158
  Best epoch   : 78
  Gap Recovery : 29.2%
  saved        → /home/ssm-user/efs/eacs_results/kd_runs/alpha0.5_seed42_top_3
