nohup: ignoring input
/opt/pytorch/lib64/python3.13/site-packages/torch/cuda/__init__.py:65: FutureWarning: The pynvml package is deprecated. Please install nvidia-ml-py instead. If you did not install pynvml directly, please report this to the maintainers of the package that installed pynvml for you.
  import pynvml  # type: ignore[import]
/home/ssm-user/efs/eacs/train_teachers.py:84: FutureWarning: `torch.cuda.amp.GradScaler(args...)` is deprecated. Please use `torch.amp.GradScaler('cuda', args...)` instead.
  scaler = torch.cuda.amp.GradScaler() if use_amp else None

===== α=1.0, seed=42 =====
  Proxy:   10,000
  Client 0: 21,756장
  Client 1: 24,684장
  Client 2: 25,195장
  Client 3: 23,318장
  Client 4: 21,736장
  Loading parquet: /home/ssm-user/efs/workspace/extract_imagenet_100/data/imagenet100/train.parquet
  Loading parquet: /home/ssm-user/efs/workspace/extract_imagenet_100/data/imagenet100/validation.parquet

--- Teacher 0 학습 ---
/home/ssm-user/efs/eacs/common.py:364: FutureWarning: `torch.cuda.amp.autocast(args...)` is deprecated. Please use `torch.amp.autocast('cuda', args...)` instead.
  with torch.cuda.amp.autocast():
[teacher_k0_a1.0_s42] epoch   0 |    75.1s
  [T0] epoch   0 | tr_acc=0.0848 | val_acc=0.0530 | macro_f1=0.0218
[teacher_k0_a1.0_s42] epoch   1 |    29.3s
[teacher_k0_a1.0_s42] epoch   2 |    29.3s
[teacher_k0_a1.0_s42] epoch   3 |    26.6s
[teacher_k0_a1.0_s42] epoch   4 |    26.0s
[teacher_k0_a1.0_s42] epoch   5 |    26.0s
[teacher_k0_a1.0_s42] epoch   6 |    25.8s
[teacher_k0_a1.0_s42] epoch   7 |    25.8s
[teacher_k0_a1.0_s42] epoch   8 |    25.8s
[teacher_k0_a1.0_s42] epoch   9 |    25.7s
[teacher_k0_a1.0_s42] epoch  10 |    26.0s
  [T0] epoch  10 | tr_acc=0.3952 | val_acc=0.2446 | macro_f1=0.2055
[teacher_k0_a1.0_s42] epoch  11 |    26.0s
[teacher_k0_a1.0_s42] epoch  12 |    26.2s
[teacher_k0_a1.0_s42] epoch  13 |    26.0s
[teacher_k0_a1.0_s42] epoch  14 |    25.7s
[teacher_k0_a1.0_s42] epoch  15 |    25.7s
[teacher_k0_a1.0_s42] epoch  16 |    25.8s
[teacher_k0_a1.0_s42] epoch  17 |    25.7s
[teacher_k0_a1.0_s42] epoch  18 |    25.9s
[teacher_k0_a1.0_s42] epoch  19 |    26.0s
[teacher_k0_a1.0_s42] epoch  20 |    25.9s
  [T0] epoch  20 | tr_acc=0.5253 | val_acc=0.3666 | macro_f1=0.3367
[teacher_k0_a1.0_s42] epoch  21 |    25.8s
[teacher_k0_a1.0_s42] epoch  22 |    25.7s
[teacher_k0_a1.0_s42] epoch  23 |    25.9s
[teacher_k0_a1.0_s42] epoch  24 |    26.1s
[teacher_k0_a1.0_s42] epoch  25 |    25.7s
[teacher_k0_a1.0_s42] epoch  26 |    25.9s
[teacher_k0_a1.0_s42] epoch  27 |    25.8s
[teacher_k0_a1.0_s42] epoch  28 |    25.9s
[teacher_k0_a1.0_s42] epoch  29 |    25.8s
[teacher_k0_a1.0_s42] epoch  30 |    26.1s
  [T0] epoch  30 | tr_acc=0.6294 | val_acc=0.4220 | macro_f1=0.3978
[teacher_k0_a1.0_s42] epoch  31 |    25.9s
[teacher_k0_a1.0_s42] epoch  32 |    25.9s
[teacher_k0_a1.0_s42] epoch  33 |    26.0s
[teacher_k0_a1.0_s42] epoch  34 |    26.1s
[teacher_k0_a1.0_s42] epoch  35 |    26.0s
[teacher_k0_a1.0_s42] epoch  36 |    26.0s
[teacher_k0_a1.0_s42] epoch  37 |    25.8s
[teacher_k0_a1.0_s42] epoch  38 |    25.8s
[teacher_k0_a1.0_s42] epoch  39 |    25.9s
[teacher_k0_a1.0_s42] epoch  40 |    25.6s
  [T0] epoch  40 | tr_acc=0.7317 | val_acc=0.5060 | macro_f1=0.4862
[teacher_k0_a1.0_s42] epoch  41 |    25.8s
[teacher_k0_a1.0_s42] epoch  42 |    25.8s
[teacher_k0_a1.0_s42] epoch  43 |    25.8s
[teacher_k0_a1.0_s42] epoch  44 |    25.8s
[teacher_k0_a1.0_s42] epoch  45 |    25.9s
[teacher_k0_a1.0_s42] epoch  46 |    25.6s
[teacher_k0_a1.0_s42] epoch  47 |    25.9s
[teacher_k0_a1.0_s42] epoch  48 |    25.8s
[teacher_k0_a1.0_s42] epoch  49 |    26.2s
[teacher_k0_a1.0_s42] epoch  50 |    25.8s
  [T0] epoch  50 | tr_acc=0.8493 | val_acc=0.5678 | macro_f1=0.5496
[teacher_k0_a1.0_s42] epoch  51 |    25.7s
[teacher_k0_a1.0_s42] epoch  52 |    25.9s
[teacher_k0_a1.0_s42] epoch  53 |    25.8s
[teacher_k0_a1.0_s42] epoch  54 |    25.7s
[teacher_k0_a1.0_s42] epoch  55 |    25.9s
[teacher_k0_a1.0_s42] epoch  56 |    26.0s
[teacher_k0_a1.0_s42] epoch  57 |    26.1s
[teacher_k0_a1.0_s42] epoch  58 |    25.7s
[teacher_k0_a1.0_s42] epoch  59 |    25.8s
  [T0] epoch  59 | tr_acc=0.8885 | val_acc=0.5834 | macro_f1=0.5664
[teacher_k0_a1.0_s42] SUMMARY | n=60 total=1609s mean=26.8s (min=25.6, max=75.1)
[teacher_k0_a1.0_s42] SUMMARY | n=60 total=1609s mean=26.8s (min=25.6, max=75.1)

--- Teacher 1 학습 ---
[teacher_k1_a1.0_s42] epoch   0 |    29.0s
  [T1] epoch   0 | tr_acc=0.0761 | val_acc=0.0450 | macro_f1=0.0188
[teacher_k1_a1.0_s42] epoch   1 |    29.1s
[teacher_k1_a1.0_s42] epoch   2 |    28.9s
[teacher_k1_a1.0_s42] epoch   3 |    29.0s
[teacher_k1_a1.0_s42] epoch   4 |    29.0s
[teacher_k1_a1.0_s42] epoch   5 |    28.9s
[teacher_k1_a1.0_s42] epoch   6 |    29.1s
[teacher_k1_a1.0_s42] epoch   7 |    28.9s
[teacher_k1_a1.0_s42] epoch   8 |    29.1s
[teacher_k1_a1.0_s42] epoch   9 |    29.1s
[teacher_k1_a1.0_s42] epoch  10 |    29.0s
  [T1] epoch  10 | tr_acc=0.3917 | val_acc=0.2586 | macro_f1=0.2119
[teacher_k1_a1.0_s42] epoch  11 |    29.0s
[teacher_k1_a1.0_s42] epoch  12 |    29.0s
[teacher_k1_a1.0_s42] epoch  13 |    29.0s
[teacher_k1_a1.0_s42] epoch  14 |    29.1s
[teacher_k1_a1.0_s42] epoch  15 |    29.1s
[teacher_k1_a1.0_s42] epoch  16 |    29.0s
[teacher_k1_a1.0_s42] epoch  17 |    29.3s
[teacher_k1_a1.0_s42] epoch  18 |    29.0s
[teacher_k1_a1.0_s42] epoch  19 |    29.0s
[teacher_k1_a1.0_s42] epoch  20 |    29.1s
  [T1] epoch  20 | tr_acc=0.5220 | val_acc=0.3256 | macro_f1=0.2907
[teacher_k1_a1.0_s42] epoch  21 |    29.0s
[teacher_k1_a1.0_s42] epoch  22 |    28.9s
[teacher_k1_a1.0_s42] epoch  23 |    29.1s
[teacher_k1_a1.0_s42] epoch  24 |    29.0s
[teacher_k1_a1.0_s42] epoch  25 |    28.9s
[teacher_k1_a1.0_s42] epoch  26 |    29.1s
[teacher_k1_a1.0_s42] epoch  27 |    28.9s
[teacher_k1_a1.0_s42] epoch  28 |    28.9s
[teacher_k1_a1.0_s42] epoch  29 |    29.2s
[teacher_k1_a1.0_s42] epoch  30 |    28.9s
  [T1] epoch  30 | tr_acc=0.6167 | val_acc=0.4114 | macro_f1=0.3892
[teacher_k1_a1.0_s42] epoch  31 |    28.9s
[teacher_k1_a1.0_s42] epoch  32 |    28.9s
[teacher_k1_a1.0_s42] epoch  33 |    29.0s
[teacher_k1_a1.0_s42] epoch  34 |    28.8s
[teacher_k1_a1.0_s42] epoch  35 |    29.0s
[teacher_k1_a1.0_s42] epoch  36 |    29.2s
[teacher_k1_a1.0_s42] epoch  37 |    29.2s
[teacher_k1_a1.0_s42] epoch  38 |    29.0s
[teacher_k1_a1.0_s42] epoch  39 |    29.0s
[teacher_k1_a1.0_s42] epoch  40 |    29.0s
  [T1] epoch  40 | tr_acc=0.7231 | val_acc=0.4790 | macro_f1=0.4523
[teacher_k1_a1.0_s42] epoch  41 |    29.0s
[teacher_k1_a1.0_s42] epoch  42 |    28.7s
[teacher_k1_a1.0_s42] epoch  43 |    29.0s
[teacher_k1_a1.0_s42] epoch  44 |    29.1s
[teacher_k1_a1.0_s42] epoch  45 |    28.8s
[teacher_k1_a1.0_s42] epoch  46 |    29.1s
[teacher_k1_a1.0_s42] epoch  47 |    28.9s
[teacher_k1_a1.0_s42] epoch  48 |    29.2s
[teacher_k1_a1.0_s42] epoch  49 |    29.0s
[teacher_k1_a1.0_s42] epoch  50 |    29.0s
  [T1] epoch  50 | tr_acc=0.8347 | val_acc=0.5528 | macro_f1=0.5293
[teacher_k1_a1.0_s42] epoch  51 |    29.1s
[teacher_k1_a1.0_s42] epoch  52 |    29.2s
[teacher_k1_a1.0_s42] epoch  53 |    28.9s
[teacher_k1_a1.0_s42] epoch  54 |    29.0s
[teacher_k1_a1.0_s42] epoch  55 |    29.1s
[teacher_k1_a1.0_s42] epoch  56 |    28.9s
[teacher_k1_a1.0_s42] epoch  57 |    29.1s
[teacher_k1_a1.0_s42] epoch  58 |    28.9s
[teacher_k1_a1.0_s42] epoch  59 |    29.0s
  [T1] epoch  59 | tr_acc=0.8802 | val_acc=0.5650 | macro_f1=0.5388
[teacher_k1_a1.0_s42] SUMMARY | n=60 total=1740s mean=29.0s (min=28.7, max=29.3)
[teacher_k1_a1.0_s42] SUMMARY | n=60 total=1740s mean=29.0s (min=28.7, max=29.3)

--- Teacher 2 학습 ---
[teacher_k2_a1.0_s42] epoch   0 |    29.5s
  [T2] epoch   0 | tr_acc=0.0854 | val_acc=0.0584 | macro_f1=0.0243
[teacher_k2_a1.0_s42] epoch   1 |    29.5s
[teacher_k2_a1.0_s42] epoch   2 |    29.3s
[teacher_k2_a1.0_s42] epoch   3 |    29.3s
[teacher_k2_a1.0_s42] epoch   4 |    29.4s
[teacher_k2_a1.0_s42] epoch   5 |    29.2s
[teacher_k2_a1.0_s42] epoch   6 |    29.3s
[teacher_k2_a1.0_s42] epoch   7 |    29.4s
[teacher_k2_a1.0_s42] epoch   8 |    29.4s
[teacher_k2_a1.0_s42] epoch   9 |    29.3s
[teacher_k2_a1.0_s42] epoch  10 |    29.6s
  [T2] epoch  10 | tr_acc=0.4308 | val_acc=0.2300 | macro_f1=0.1960
[teacher_k2_a1.0_s42] epoch  11 |    29.4s
[teacher_k2_a1.0_s42] epoch  12 |    29.3s
[teacher_k2_a1.0_s42] epoch  13 |    29.4s
[teacher_k2_a1.0_s42] epoch  14 |    29.5s
[teacher_k2_a1.0_s42] epoch  15 |    29.3s
[teacher_k2_a1.0_s42] epoch  16 |    29.4s
[teacher_k2_a1.0_s42] epoch  17 |    29.2s
[teacher_k2_a1.0_s42] epoch  18 |    29.3s
[teacher_k2_a1.0_s42] epoch  19 |    29.2s
[teacher_k2_a1.0_s42] epoch  20 |    29.2s
  [T2] epoch  20 | tr_acc=0.5552 | val_acc=0.3326 | macro_f1=0.2979
[teacher_k2_a1.0_s42] epoch  21 |    29.6s
[teacher_k2_a1.0_s42] epoch  22 |    29.3s
[teacher_k2_a1.0_s42] epoch  23 |    29.5s
[teacher_k2_a1.0_s42] epoch  24 |    29.6s
[teacher_k2_a1.0_s42] epoch  25 |    29.2s
[teacher_k2_a1.0_s42] epoch  26 |    29.5s
[teacher_k2_a1.0_s42] epoch  27 |    29.4s
[teacher_k2_a1.0_s42] epoch  28 |    29.4s
[teacher_k2_a1.0_s42] epoch  29 |    29.3s
[teacher_k2_a1.0_s42] epoch  30 |    29.3s
  [T2] epoch  30 | tr_acc=0.6442 | val_acc=0.4256 | macro_f1=0.3955
[teacher_k2_a1.0_s42] epoch  31 |    29.5s
[teacher_k2_a1.0_s42] epoch  32 |    29.5s
[teacher_k2_a1.0_s42] epoch  33 |    29.5s
[teacher_k2_a1.0_s42] epoch  34 |    29.2s
[teacher_k2_a1.0_s42] epoch  35 |    29.4s
[teacher_k2_a1.0_s42] epoch  36 |    29.3s
[teacher_k2_a1.0_s42] epoch  37 |    29.4s
[teacher_k2_a1.0_s42] epoch  38 |    29.2s
[teacher_k2_a1.0_s42] epoch  39 |    29.4s
[teacher_k2_a1.0_s42] epoch  40 |    29.2s
  [T2] epoch  40 | tr_acc=0.7419 | val_acc=0.4940 | macro_f1=0.4623
[teacher_k2_a1.0_s42] epoch  41 |    29.4s
[teacher_k2_a1.0_s42] epoch  42 |    29.1s
[teacher_k2_a1.0_s42] epoch  43 |    29.3s
[teacher_k2_a1.0_s42] epoch  44 |    29.6s
[teacher_k2_a1.0_s42] epoch  45 |    29.5s
[teacher_k2_a1.0_s42] epoch  46 |    29.5s
[teacher_k2_a1.0_s42] epoch  47 |    29.5s
[teacher_k2_a1.0_s42] epoch  48 |    29.5s
[teacher_k2_a1.0_s42] epoch  49 |    29.5s
[teacher_k2_a1.0_s42] epoch  50 |    29.5s
  [T2] epoch  50 | tr_acc=0.8466 | val_acc=0.5734 | macro_f1=0.5452
[teacher_k2_a1.0_s42] epoch  51 |    29.5s
[teacher_k2_a1.0_s42] epoch  52 |    29.3s
[teacher_k2_a1.0_s42] epoch  53 |    29.4s
[teacher_k2_a1.0_s42] epoch  54 |    29.6s
[teacher_k2_a1.0_s42] epoch  55 |    29.3s
[teacher_k2_a1.0_s42] epoch  56 |    29.4s
[teacher_k2_a1.0_s42] epoch  57 |    29.3s
[teacher_k2_a1.0_s42] epoch  58 |    29.4s
[teacher_k2_a1.0_s42] epoch  59 |    29.3s
  [T2] epoch  59 | tr_acc=0.8872 | val_acc=0.5848 | macro_f1=0.5571
[teacher_k2_a1.0_s42] SUMMARY | n=60 total=1763s mean=29.4s (min=29.1, max=29.6)
[teacher_k2_a1.0_s42] SUMMARY | n=60 total=1763s mean=29.4s (min=29.1, max=29.6)

--- Teacher 3 학습 ---
[teacher_k3_a1.0_s42] epoch   0 |    27.4s
  [T3] epoch   0 | tr_acc=0.0658 | val_acc=0.0518 | macro_f1=0.0228
[teacher_k3_a1.0_s42] epoch   1 |    27.5s
[teacher_k3_a1.0_s42] epoch   2 |    27.4s
[teacher_k3_a1.0_s42] epoch   3 |    27.7s
[teacher_k3_a1.0_s42] epoch   4 |    27.4s
[teacher_k3_a1.0_s42] epoch   5 |    27.5s
[teacher_k3_a1.0_s42] epoch   6 |    27.4s
[teacher_k3_a1.0_s42] epoch   7 |    27.6s
[teacher_k3_a1.0_s42] epoch   8 |    27.4s
[teacher_k3_a1.0_s42] epoch   9 |    27.8s
[teacher_k3_a1.0_s42] epoch  10 |    27.8s
  [T3] epoch  10 | tr_acc=0.3865 | val_acc=0.2132 | macro_f1=0.1772
[teacher_k3_a1.0_s42] epoch  11 |    27.7s
[teacher_k3_a1.0_s42] epoch  12 |    27.7s
[teacher_k3_a1.0_s42] epoch  13 |    27.6s
[teacher_k3_a1.0_s42] epoch  14 |    27.6s
[teacher_k3_a1.0_s42] epoch  15 |    27.4s
[teacher_k3_a1.0_s42] epoch  16 |    27.5s
[teacher_k3_a1.0_s42] epoch  17 |    27.7s
[teacher_k3_a1.0_s42] epoch  18 |    27.5s
[teacher_k3_a1.0_s42] epoch  19 |    27.6s
[teacher_k3_a1.0_s42] epoch  20 |    27.6s
  [T3] epoch  20 | tr_acc=0.5192 | val_acc=0.3378 | macro_f1=0.2908
[teacher_k3_a1.0_s42] epoch  21 |    27.4s
[teacher_k3_a1.0_s42] epoch  22 |    27.5s
[teacher_k3_a1.0_s42] epoch  23 |    27.5s
[teacher_k3_a1.0_s42] epoch  24 |    27.8s
[teacher_k3_a1.0_s42] epoch  25 |    27.5s
[teacher_k3_a1.0_s42] epoch  26 |    27.6s
[teacher_k3_a1.0_s42] epoch  27 |    27.4s
[teacher_k3_a1.0_s42] epoch  28 |    27.5s
[teacher_k3_a1.0_s42] epoch  29 |    27.3s
[teacher_k3_a1.0_s42] epoch  30 |    27.5s
  [T3] epoch  30 | tr_acc=0.6249 | val_acc=0.4092 | macro_f1=0.3632
[teacher_k3_a1.0_s42] epoch  31 |    27.6s
[teacher_k3_a1.0_s42] epoch  32 |    27.5s
[teacher_k3_a1.0_s42] epoch  33 |    27.4s
[teacher_k3_a1.0_s42] epoch  34 |    27.4s
[teacher_k3_a1.0_s42] epoch  35 |    27.6s
[teacher_k3_a1.0_s42] epoch  36 |    27.5s
[teacher_k3_a1.0_s42] epoch  37 |    27.7s
[teacher_k3_a1.0_s42] epoch  38 |    27.5s
[teacher_k3_a1.0_s42] epoch  39 |    27.7s
[teacher_k3_a1.0_s42] epoch  40 |    27.5s
  [T3] epoch  40 | tr_acc=0.7281 | val_acc=0.4776 | macro_f1=0.4399
[teacher_k3_a1.0_s42] epoch  41 |    27.8s
[teacher_k3_a1.0_s42] epoch  42 |    27.6s
[teacher_k3_a1.0_s42] epoch  43 |    27.6s
[teacher_k3_a1.0_s42] epoch  44 |    27.6s
[teacher_k3_a1.0_s42] epoch  45 |    27.5s
[teacher_k3_a1.0_s42] epoch  46 |    27.6s
[teacher_k3_a1.0_s42] epoch  47 |    27.7s
[teacher_k3_a1.0_s42] epoch  48 |    27.5s
[teacher_k3_a1.0_s42] epoch  49 |    27.7s
[teacher_k3_a1.0_s42] epoch  50 |    27.4s
  [T3] epoch  50 | tr_acc=0.8410 | val_acc=0.5484 | macro_f1=0.5116
[teacher_k3_a1.0_s42] epoch  51 |    27.3s
[teacher_k3_a1.0_s42] epoch  52 |    27.4s
[teacher_k3_a1.0_s42] epoch  53 |    27.6s
[teacher_k3_a1.0_s42] epoch  54 |    27.4s
[teacher_k3_a1.0_s42] epoch  55 |    27.7s
[teacher_k3_a1.0_s42] epoch  56 |    27.7s
[teacher_k3_a1.0_s42] epoch  57 |    27.8s
[teacher_k3_a1.0_s42] epoch  58 |    27.5s
[teacher_k3_a1.0_s42] epoch  59 |    27.5s
  [T3] epoch  59 | tr_acc=0.8800 | val_acc=0.5528 | macro_f1=0.5166
[teacher_k3_a1.0_s42] SUMMARY | n=60 total=1653s mean=27.6s (min=27.3, max=27.8)
[teacher_k3_a1.0_s42] SUMMARY | n=60 total=1653s mean=27.6s (min=27.3, max=27.8)

--- Teacher 4 학습 ---
[teacher_k4_a1.0_s42] epoch   0 |    26.3s
  [T4] epoch   0 | tr_acc=0.0949 | val_acc=0.0700 | macro_f1=0.0337
[teacher_k4_a1.0_s42] epoch   1 |    26.1s
[teacher_k4_a1.0_s42] epoch   2 |    26.0s
[teacher_k4_a1.0_s42] epoch   3 |    26.1s
[teacher_k4_a1.0_s42] epoch   4 |    26.0s
[teacher_k4_a1.0_s42] epoch   5 |    26.0s
[teacher_k4_a1.0_s42] epoch   6 |    26.3s
[teacher_k4_a1.0_s42] epoch   7 |    26.2s
[teacher_k4_a1.0_s42] epoch   8 |    25.8s
[teacher_k4_a1.0_s42] epoch   9 |    26.0s
[teacher_k4_a1.0_s42] epoch  10 |    26.2s
  [T4] epoch  10 | tr_acc=0.3961 | val_acc=0.1718 | macro_f1=0.1298
[teacher_k4_a1.0_s42] epoch  11 |    25.8s
[teacher_k4_a1.0_s42] epoch  12 |    26.0s
[teacher_k4_a1.0_s42] epoch  13 |    26.4s
[teacher_k4_a1.0_s42] epoch  14 |    26.2s
[teacher_k4_a1.0_s42] epoch  15 |    25.9s
[teacher_k4_a1.0_s42] epoch  16 |    26.0s
[teacher_k4_a1.0_s42] epoch  17 |    26.2s
[teacher_k4_a1.0_s42] epoch  18 |    26.2s
[teacher_k4_a1.0_s42] epoch  19 |    26.2s
[teacher_k4_a1.0_s42] epoch  20 |    26.2s
  [T4] epoch  20 | tr_acc=0.5306 | val_acc=0.3500 | macro_f1=0.3099
[teacher_k4_a1.0_s42] epoch  21 |    26.2s
[teacher_k4_a1.0_s42] epoch  22 |    26.0s
[teacher_k4_a1.0_s42] epoch  23 |    26.0s
[teacher_k4_a1.0_s42] epoch  24 |    26.2s
[teacher_k4_a1.0_s42] epoch  25 |    26.3s
[teacher_k4_a1.0_s42] epoch  26 |    26.0s
[teacher_k4_a1.0_s42] epoch  27 |    26.1s
[teacher_k4_a1.0_s42] epoch  28 |    26.2s
[teacher_k4_a1.0_s42] epoch  29 |    26.4s
[teacher_k4_a1.0_s42] epoch  30 |    26.2s
  [T4] epoch  30 | tr_acc=0.6272 | val_acc=0.4304 | macro_f1=0.3976
[teacher_k4_a1.0_s42] epoch  31 |    26.2s
[teacher_k4_a1.0_s42] epoch  32 |    26.1s
[teacher_k4_a1.0_s42] epoch  33 |    26.5s
[teacher_k4_a1.0_s42] epoch  34 |    26.2s
[teacher_k4_a1.0_s42] epoch  35 |    26.3s
[teacher_k4_a1.0_s42] epoch  36 |    26.3s
[teacher_k4_a1.0_s42] epoch  37 |    26.2s
[teacher_k4_a1.0_s42] epoch  38 |    26.1s
[teacher_k4_a1.0_s42] epoch  39 |    26.4s
[teacher_k4_a1.0_s42] epoch  40 |    26.3s
  [T4] epoch  40 | tr_acc=0.7325 | val_acc=0.4814 | macro_f1=0.4536
[teacher_k4_a1.0_s42] epoch  41 |    26.0s
[teacher_k4_a1.0_s42] epoch  42 |    26.3s
[teacher_k4_a1.0_s42] epoch  43 |    26.0s
[teacher_k4_a1.0_s42] epoch  44 |    26.0s
[teacher_k4_a1.0_s42] epoch  45 |    26.0s
[teacher_k4_a1.0_s42] epoch  46 |    26.2s
[teacher_k4_a1.0_s42] epoch  47 |    26.2s
[teacher_k4_a1.0_s42] epoch  48 |    26.0s
[teacher_k4_a1.0_s42] epoch  49 |    26.0s
[teacher_k4_a1.0_s42] epoch  50 |    26.1s
  [T4] epoch  50 | tr_acc=0.8413 | val_acc=0.5502 | macro_f1=0.5220
[teacher_k4_a1.0_s42] epoch  51 |    26.2s
[teacher_k4_a1.0_s42] epoch  52 |    26.1s
[teacher_k4_a1.0_s42] epoch  53 |    26.1s
[teacher_k4_a1.0_s42] epoch  54 |    25.9s
[teacher_k4_a1.0_s42] epoch  55 |    25.9s
[teacher_k4_a1.0_s42] epoch  56 |    26.1s
[teacher_k4_a1.0_s42] epoch  57 |    26.1s
[teacher_k4_a1.0_s42] epoch  58 |    25.9s
[teacher_k4_a1.0_s42] epoch  59 |    25.8s
  [T4] epoch  59 | tr_acc=0.8832 | val_acc=0.5702 | macro_f1=0.5435
[teacher_k4_a1.0_s42] SUMMARY | n=60 total=1567s mean=26.1s (min=25.8, max=26.5)
[teacher_k4_a1.0_s42] SUMMARY | n=60 total=1567s mean=26.1s (min=25.8, max=26.5)

--- Proxy logit 수집 (Teachers → proxy) ---
  T0: logits shape=(10000, 100), top-1 on proxy=0.6154
  T1: logits shape=(10000, 100), top-1 on proxy=0.5930
  T2: logits shape=(10000, 100), top-1 on proxy=0.6029
  T3: logits shape=(10000, 100), top-1 on proxy=0.5896
  T4: logits shape=(10000, 100), top-1 on proxy=0.5990

--- Expertise Matrix 계산 ---
  Teacher      F1>0.5    best F1    mean F1  proxy acc
  -------------------------------------------------------
  T0            78개      91.0%     59.9%      61.5%
  T1            71개      94.9%     56.9%      59.3%
  T2            68개      87.8%     57.4%      60.3%
  T3            68개      91.4%     55.7%      59.0%
  T4            70개      86.7%     57.8%      59.9%

  커버리지 (F1>0.3인 Teacher 수):
    전문가 0명: 0개 클래스
    전문가 1명: 1개 클래스
    전문가 2명+: 99개 클래스

--- Logit Quality 지표 (Layer 2) ---
  T0: entropy=0.998 top1_conf=0.721 top2_gap=0.614 | expert_ent=0.867 nonexp_ent=1.460
  T1: entropy=1.005 top1_conf=0.718 top2_gap=0.609 | expert_ent=0.829 nonexp_ent=1.436
  T2: entropy=0.990 top1_conf=0.725 top2_gap=0.620 | expert_ent=0.754 nonexp_ent=1.490
  T3: entropy=1.023 top1_conf=0.716 top2_gap=0.610 | expert_ent=0.826 nonexp_ent=1.444
  T4: entropy=1.046 top1_conf=0.709 top2_gap=0.600 | expert_ent=0.810 nonexp_ent=1.598

===== α=1.0, seed=42 완료 =====
  teachers.pt       → /home/ssm-user/efs/eacs_results/teachers/alpha1.0_seed42/teachers.pt
  teacher_logits.pt → /home/ssm-user/efs/eacs_results/teachers/alpha1.0_seed42/teacher_logits.pt
  expertise.npz     → /home/ssm-user/efs/eacs_results/teachers/alpha1.0_seed42/expertise.npz
  metadata.json     → /home/ssm-user/efs/eacs_results/teachers/alpha1.0_seed42/metadata.json
/opt/pytorch/lib64/python3.13/site-packages/torch/cuda/__init__.py:65: FutureWarning: The pynvml package is deprecated. Please install nvidia-ml-py instead. If you did not install pynvml directly, please report this to the maintainers of the package that installed pynvml for you.
  import pynvml  # type: ignore[import]
/home/ssm-user/efs/eacs/run_kd.py:141: FutureWarning: `torch.cuda.amp.GradScaler(args...)` is deprecated. Please use `torch.amp.GradScaler('cuda', args...)` instead.
  scaler = torch.cuda.amp.GradScaler() if use_amp else None

===== α=1.0, seed=42, weighting=uniform =====
  Fused logit shape: (10000, 100)
  클래스당 기여 Teacher 수 분포: min=5, max=5, mean=5.00
  Loading parquet: /home/ssm-user/efs/workspace/extract_imagenet_100/data/imagenet100/train.parquet
  Loading parquet: /home/ssm-user/efs/workspace/extract_imagenet_100/data/imagenet100/validation.parquet
/home/ssm-user/efs/eacs/run_kd.py:166: FutureWarning: `torch.cuda.amp.autocast(args...)` is deprecated. Please use `torch.amp.autocast('cuda', args...)` instead.
  with torch.cuda.amp.autocast():
[kd_a1.0_s42_uniform] epoch   0 |    24.9s
  [kd_a1.0_s42_uniform] epoch   0 | loss=5.673 (ce=4.468, kd=6.877) | tr_acc=0.0423 | val_acc=0.0388
[kd_a1.0_s42_uniform] epoch   1 |    15.3s
[kd_a1.0_s42_uniform] epoch   2 |    15.6s
  [kd_a1.0_s42_uniform] epoch   2 | loss=4.776 (ce=3.884, kd=5.669) | tr_acc=0.1086 | val_acc=0.1042
[kd_a1.0_s42_uniform] epoch   3 |    14.4s
[kd_a1.0_s42_uniform] epoch   4 |    13.4s
  [kd_a1.0_s42_uniform] epoch   4 | loss=4.323 (ce=3.592, kd=5.054) | tr_acc=0.1504 | val_acc=0.1602
[kd_a1.0_s42_uniform] epoch   5 |    13.4s
[kd_a1.0_s42_uniform] epoch   6 |    13.4s
  [kd_a1.0_s42_uniform] epoch   6 | loss=3.953 (ce=3.339, kd=4.567) | tr_acc=0.1979 | val_acc=0.0906
[kd_a1.0_s42_uniform] epoch   7 |    13.3s
[kd_a1.0_s42_uniform] epoch   8 |    13.3s
  [kd_a1.0_s42_uniform] epoch   8 | loss=3.652 (ce=3.140, kd=4.165) | tr_acc=0.2338 | val_acc=0.2408
[kd_a1.0_s42_uniform] epoch   9 |    13.2s
[kd_a1.0_s42_uniform] epoch  10 |    13.2s
  [kd_a1.0_s42_uniform] epoch  10 | loss=3.366 (ce=2.953, kd=3.779) | tr_acc=0.2818 | val_acc=0.2274
[kd_a1.0_s42_uniform] epoch  11 |    13.2s
[kd_a1.0_s42_uniform] epoch  12 |    13.4s
  [kd_a1.0_s42_uniform] epoch  12 | loss=3.105 (ce=2.781, kd=3.428) | tr_acc=0.3096 | val_acc=0.2486
[kd_a1.0_s42_uniform] epoch  13 |    13.3s
[kd_a1.0_s42_uniform] epoch  14 |    13.3s
  [kd_a1.0_s42_uniform] epoch  14 | loss=2.914 (ce=2.639, kd=3.188) | tr_acc=0.3346 | val_acc=0.2668
[kd_a1.0_s42_uniform] epoch  15 |    13.2s
[kd_a1.0_s42_uniform] epoch  16 |    13.2s
  [kd_a1.0_s42_uniform] epoch  16 | loss=2.705 (ce=2.482, kd=2.928) | tr_acc=0.3769 | val_acc=0.3132
[kd_a1.0_s42_uniform] epoch  17 |    13.3s
[kd_a1.0_s42_uniform] epoch  18 |    13.3s
  [kd_a1.0_s42_uniform] epoch  18 | loss=2.514 (ce=2.349, kd=2.678) | tr_acc=0.4068 | val_acc=0.3572
[kd_a1.0_s42_uniform] epoch  19 |    13.3s
[kd_a1.0_s42_uniform] epoch  20 |    13.3s
  [kd_a1.0_s42_uniform] epoch  20 | loss=2.352 (ce=2.225, kd=2.480) | tr_acc=0.4332 | val_acc=0.3398
[kd_a1.0_s42_uniform] epoch  21 |    13.2s
[kd_a1.0_s42_uniform] epoch  22 |    13.2s
  [kd_a1.0_s42_uniform] epoch  22 | loss=2.255 (ce=2.131, kd=2.379) | tr_acc=0.4525 | val_acc=0.3868
[kd_a1.0_s42_uniform] epoch  23 |    13.4s
[kd_a1.0_s42_uniform] epoch  24 |    13.2s
  [kd_a1.0_s42_uniform] epoch  24 | loss=2.102 (ce=2.002, kd=2.203) | tr_acc=0.4859 | val_acc=0.3914
[kd_a1.0_s42_uniform] epoch  25 |    13.2s
[kd_a1.0_s42_uniform] epoch  26 |    13.2s
  [kd_a1.0_s42_uniform] epoch  26 | loss=2.011 (ce=1.936, kd=2.085) | tr_acc=0.4974 | val_acc=0.4090
[kd_a1.0_s42_uniform] epoch  27 |    13.2s
[kd_a1.0_s42_uniform] epoch  28 |    13.4s
  [kd_a1.0_s42_uniform] epoch  28 | loss=1.901 (ce=1.823, kd=1.979) | tr_acc=0.5193 | val_acc=0.4102
[kd_a1.0_s42_uniform] epoch  29 |    13.3s
[kd_a1.0_s42_uniform] epoch  30 |    13.2s
  [kd_a1.0_s42_uniform] epoch  30 | loss=1.804 (ce=1.745, kd=1.864) | tr_acc=0.5401 | val_acc=0.4430
[kd_a1.0_s42_uniform] epoch  31 |    13.2s
[kd_a1.0_s42_uniform] epoch  32 |    13.2s
  [kd_a1.0_s42_uniform] epoch  32 | loss=1.729 (ce=1.668, kd=1.791) | tr_acc=0.5540 | val_acc=0.4618
[kd_a1.0_s42_uniform] epoch  33 |    13.2s
[kd_a1.0_s42_uniform] epoch  34 |    13.4s
  [kd_a1.0_s42_uniform] epoch  34 | loss=1.642 (ce=1.583, kd=1.701) | tr_acc=0.5818 | val_acc=0.4824
[kd_a1.0_s42_uniform] epoch  35 |    13.2s
[kd_a1.0_s42_uniform] epoch  36 |    13.1s
  [kd_a1.0_s42_uniform] epoch  36 | loss=1.576 (ce=1.507, kd=1.646) | tr_acc=0.5949 | val_acc=0.4844
[kd_a1.0_s42_uniform] epoch  37 |    13.2s
[kd_a1.0_s42_uniform] epoch  38 |    13.1s
  [kd_a1.0_s42_uniform] epoch  38 | loss=1.510 (ce=1.438, kd=1.583) | tr_acc=0.6190 | val_acc=0.4878
[kd_a1.0_s42_uniform] epoch  39 |    13.2s
[kd_a1.0_s42_uniform] epoch  40 |    13.2s
  [kd_a1.0_s42_uniform] epoch  40 | loss=1.472 (ce=1.389, kd=1.555) | tr_acc=0.6320 | val_acc=0.4880
[kd_a1.0_s42_uniform] epoch  41 |    13.3s
[kd_a1.0_s42_uniform] epoch  42 |    13.2s
  [kd_a1.0_s42_uniform] epoch  42 | loss=1.409 (ce=1.329, kd=1.489) | tr_acc=0.6478 | val_acc=0.5238
[kd_a1.0_s42_uniform] epoch  43 |    13.3s
[kd_a1.0_s42_uniform] epoch  44 |    13.2s
  [kd_a1.0_s42_uniform] epoch  44 | loss=1.338 (ce=1.258, kd=1.419) | tr_acc=0.6635 | val_acc=0.5370
[kd_a1.0_s42_uniform] epoch  45 |    13.3s
[kd_a1.0_s42_uniform] epoch  46 |    13.2s
  [kd_a1.0_s42_uniform] epoch  46 | loss=1.301 (ce=1.214, kd=1.389) | tr_acc=0.6775 | val_acc=0.5474
[kd_a1.0_s42_uniform] epoch  47 |    13.3s
[kd_a1.0_s42_uniform] epoch  48 |    13.2s
  [kd_a1.0_s42_uniform] epoch  48 | loss=1.223 (ce=1.114, kd=1.331) | tr_acc=0.7018 | val_acc=0.5490
[kd_a1.0_s42_uniform] epoch  49 |    13.2s
[kd_a1.0_s42_uniform] epoch  50 |    13.3s
  [kd_a1.0_s42_uniform] epoch  50 | loss=1.192 (ce=1.079, kd=1.305) | tr_acc=0.7200 | val_acc=0.5550
[kd_a1.0_s42_uniform] epoch  51 |    13.1s
[kd_a1.0_s42_uniform] epoch  52 |    13.2s
  [kd_a1.0_s42_uniform] epoch  52 | loss=1.141 (ce=1.004, kd=1.279) | tr_acc=0.7366 | val_acc=0.5706
[kd_a1.0_s42_uniform] epoch  53 |    13.3s
[kd_a1.0_s42_uniform] epoch  54 |    13.2s
  [kd_a1.0_s42_uniform] epoch  54 | loss=1.115 (ce=0.971, kd=1.259) | tr_acc=0.7452 | val_acc=0.5682
[kd_a1.0_s42_uniform] epoch  55 |    13.2s
[kd_a1.0_s42_uniform] epoch  56 |    13.2s
  [kd_a1.0_s42_uniform] epoch  56 | loss=1.041 (ce=0.907, kd=1.176) | tr_acc=0.7704 | val_acc=0.5820
[kd_a1.0_s42_uniform] epoch  57 |    13.3s
[kd_a1.0_s42_uniform] epoch  58 |    13.2s
  [kd_a1.0_s42_uniform] epoch  58 | loss=1.026 (ce=0.881, kd=1.171) | tr_acc=0.7790 | val_acc=0.5880
[kd_a1.0_s42_uniform] epoch  59 |    13.1s
[kd_a1.0_s42_uniform] epoch  60 |    13.3s
  [kd_a1.0_s42_uniform] epoch  60 | loss=0.966 (ce=0.811, kd=1.121) | tr_acc=0.7949 | val_acc=0.5912
[kd_a1.0_s42_uniform] epoch  61 |    13.4s
[kd_a1.0_s42_uniform] epoch  62 |    13.4s
  [kd_a1.0_s42_uniform] epoch  62 | loss=0.952 (ce=0.781, kd=1.122) | tr_acc=0.8097 | val_acc=0.5930
[kd_a1.0_s42_uniform] epoch  63 |    13.1s
[kd_a1.0_s42_uniform] epoch  64 |    13.3s
  [kd_a1.0_s42_uniform] epoch  64 | loss=0.894 (ce=0.725, kd=1.063) | tr_acc=0.8212 | val_acc=0.6014
[kd_a1.0_s42_uniform] epoch  65 |    13.2s
[kd_a1.0_s42_uniform] epoch  66 |    13.3s
  [kd_a1.0_s42_uniform] epoch  66 | loss=0.875 (ce=0.706, kd=1.043) | tr_acc=0.8317 | val_acc=0.6084
[kd_a1.0_s42_uniform] epoch  67 |    13.1s
[kd_a1.0_s42_uniform] epoch  68 |    13.1s
  [kd_a1.0_s42_uniform] epoch  68 | loss=0.840 (ce=0.671, kd=1.008) | tr_acc=0.8404 | val_acc=0.6118
[kd_a1.0_s42_uniform] epoch  69 |    13.4s
[kd_a1.0_s42_uniform] epoch  70 |    13.3s
  [kd_a1.0_s42_uniform] epoch  70 | loss=0.830 (ce=0.656, kd=1.004) | tr_acc=0.8452 | val_acc=0.6162
[kd_a1.0_s42_uniform] epoch  71 |    13.3s
  [kd_a1.0_s42_uniform] epoch  71 | loss=0.833 (ce=0.659, kd=1.007) | tr_acc=0.8457 | val_acc=0.6182
[kd_a1.0_s42_uniform] epoch  72 |    13.1s
  [kd_a1.0_s42_uniform] epoch  72 | loss=0.815 (ce=0.646, kd=0.985) | tr_acc=0.8541 | val_acc=0.6190
[kd_a1.0_s42_uniform] epoch  73 |    13.1s
  [kd_a1.0_s42_uniform] epoch  73 | loss=0.811 (ce=0.635, kd=0.987) | tr_acc=0.8509 | val_acc=0.6244
[kd_a1.0_s42_uniform] epoch  74 |    13.2s
  [kd_a1.0_s42_uniform] epoch  74 | loss=0.817 (ce=0.633, kd=1.000) | tr_acc=0.8534 | val_acc=0.6222
[kd_a1.0_s42_uniform] epoch  75 |    13.2s
  [kd_a1.0_s42_uniform] epoch  75 | loss=0.811 (ce=0.628, kd=0.993) | tr_acc=0.8553 | val_acc=0.6248
[kd_a1.0_s42_uniform] epoch  76 |    13.2s
  [kd_a1.0_s42_uniform] epoch  76 | loss=0.794 (ce=0.613, kd=0.975) | tr_acc=0.8583 | val_acc=0.6228
[kd_a1.0_s42_uniform] epoch  77 |    13.3s
  [kd_a1.0_s42_uniform] epoch  77 | loss=0.800 (ce=0.624, kd=0.977) | tr_acc=0.8583 | val_acc=0.6214
[kd_a1.0_s42_uniform] epoch  78 |    13.4s
  [kd_a1.0_s42_uniform] epoch  78 | loss=0.796 (ce=0.628, kd=0.964) | tr_acc=0.8561 | val_acc=0.6252
[kd_a1.0_s42_uniform] epoch  79 |    13.2s
  [kd_a1.0_s42_uniform] epoch  79 | loss=0.778 (ce=0.615, kd=0.942) | tr_acc=0.8579 | val_acc=0.6216
[kd_a1.0_s42_uniform] SUMMARY | n=80 total=1077s mean=13.5s (min=13.1, max=24.9)
[kd_a1.0_s42_uniform] SUMMARY | n=80 total=1077s mean=13.5s (min=13.1, max=24.9)

  Lower=0.5212, Upper=0.8448, Gap=0.3236
  Student=0.6252 → Gap Recovery = 32.1%

===== DONE =====
  Final acc    : 0.6252
  Best epoch   : 78
  Gap Recovery : 32.1%
  saved        → /home/ssm-user/efs/eacs_results/kd_runs/alpha1.0_seed42_uniform
/opt/pytorch/lib64/python3.13/site-packages/torch/cuda/__init__.py:65: FutureWarning: The pynvml package is deprecated. Please install nvidia-ml-py instead. If you did not install pynvml directly, please report this to the maintainers of the package that installed pynvml for you.
  import pynvml  # type: ignore[import]
/home/ssm-user/efs/eacs/run_kd.py:141: FutureWarning: `torch.cuda.amp.GradScaler(args...)` is deprecated. Please use `torch.amp.GradScaler('cuda', args...)` instead.
  scaler = torch.cuda.amp.GradScaler() if use_amp else None

===== α=1.0, seed=42, weighting=top_1 =====
  Fused logit shape: (10000, 100)
  클래스당 기여 Teacher 수 분포: min=1, max=1, mean=1.00
  Loading parquet: /home/ssm-user/efs/workspace/extract_imagenet_100/data/imagenet100/train.parquet
  Loading parquet: /home/ssm-user/efs/workspace/extract_imagenet_100/data/imagenet100/validation.parquet
/home/ssm-user/efs/eacs/run_kd.py:166: FutureWarning: `torch.cuda.amp.autocast(args...)` is deprecated. Please use `torch.amp.autocast('cuda', args...)` instead.
  with torch.cuda.amp.autocast():
[kd_a1.0_s42_top_1] epoch   0 |    24.9s
  [kd_a1.0_s42_top_1] epoch   0 | loss=7.212 (ce=4.521, kd=9.902) | tr_acc=0.0406 | val_acc=0.0528
[kd_a1.0_s42_top_1] epoch   1 |    15.4s
[kd_a1.0_s42_top_1] epoch   2 |    15.5s
  [kd_a1.0_s42_top_1] epoch   2 | loss=6.310 (ce=3.992, kd=8.628) | tr_acc=0.0965 | val_acc=0.0824
[kd_a1.0_s42_top_1] epoch   3 |    13.8s
[kd_a1.0_s42_top_1] epoch   4 |    13.3s
  [kd_a1.0_s42_top_1] epoch   4 | loss=5.764 (ce=3.702, kd=7.827) | tr_acc=0.1434 | val_acc=0.1490
[kd_a1.0_s42_top_1] epoch   5 |    13.1s
[kd_a1.0_s42_top_1] epoch   6 |    13.5s
  [kd_a1.0_s42_top_1] epoch   6 | loss=5.309 (ce=3.446, kd=7.173) | tr_acc=0.1851 | val_acc=0.1704
[kd_a1.0_s42_top_1] epoch   7 |    13.5s
[kd_a1.0_s42_top_1] epoch   8 |    13.1s
  [kd_a1.0_s42_top_1] epoch   8 | loss=4.938 (ce=3.225, kd=6.651) | tr_acc=0.2310 | val_acc=0.2114
[kd_a1.0_s42_top_1] epoch   9 |    13.6s
[kd_a1.0_s42_top_1] epoch  10 |    13.2s
  [kd_a1.0_s42_top_1] epoch  10 | loss=4.589 (ce=3.042, kd=6.137) | tr_acc=0.2695 | val_acc=0.2182
[kd_a1.0_s42_top_1] epoch  11 |    13.1s
[kd_a1.0_s42_top_1] epoch  12 |    13.1s
  [kd_a1.0_s42_top_1] epoch  12 | loss=4.266 (ce=2.870, kd=5.661) | tr_acc=0.3057 | val_acc=0.2510
[kd_a1.0_s42_top_1] epoch  13 |    13.1s
[kd_a1.0_s42_top_1] epoch  14 |    13.2s
  [kd_a1.0_s42_top_1] epoch  14 | loss=4.025 (ce=2.720, kd=5.331) | tr_acc=0.3320 | val_acc=0.2372
[kd_a1.0_s42_top_1] epoch  15 |    13.1s
[kd_a1.0_s42_top_1] epoch  16 |    13.2s
  [kd_a1.0_s42_top_1] epoch  16 | loss=3.780 (ce=2.574, kd=4.986) | tr_acc=0.3620 | val_acc=0.2968
[kd_a1.0_s42_top_1] epoch  17 |    13.2s
[kd_a1.0_s42_top_1] epoch  18 |    13.3s
  [kd_a1.0_s42_top_1] epoch  18 | loss=3.548 (ce=2.455, kd=4.641) | tr_acc=0.3892 | val_acc=0.3278
[kd_a1.0_s42_top_1] epoch  19 |    13.2s
[kd_a1.0_s42_top_1] epoch  20 |    13.2s
  [kd_a1.0_s42_top_1] epoch  20 | loss=3.353 (ce=2.326, kd=4.380) | tr_acc=0.4200 | val_acc=0.3722
[kd_a1.0_s42_top_1] epoch  21 |    13.1s
[kd_a1.0_s42_top_1] epoch  22 |    13.2s
  [kd_a1.0_s42_top_1] epoch  22 | loss=3.191 (ce=2.215, kd=4.168) | tr_acc=0.4401 | val_acc=0.3876
[kd_a1.0_s42_top_1] epoch  23 |    13.3s
[kd_a1.0_s42_top_1] epoch  24 |    13.3s
  [kd_a1.0_s42_top_1] epoch  24 | loss=3.029 (ce=2.104, kd=3.954) | tr_acc=0.4602 | val_acc=0.4020
[kd_a1.0_s42_top_1] epoch  25 |    13.1s
[kd_a1.0_s42_top_1] epoch  26 |    13.2s
  [kd_a1.0_s42_top_1] epoch  26 | loss=2.883 (ce=2.024, kd=3.741) | tr_acc=0.4843 | val_acc=0.3942
[kd_a1.0_s42_top_1] epoch  27 |    13.3s
[kd_a1.0_s42_top_1] epoch  28 |    13.3s
  [kd_a1.0_s42_top_1] epoch  28 | loss=2.761 (ce=1.905, kd=3.617) | tr_acc=0.5086 | val_acc=0.4444
[kd_a1.0_s42_top_1] epoch  29 |    13.2s
[kd_a1.0_s42_top_1] epoch  30 |    13.3s
  [kd_a1.0_s42_top_1] epoch  30 | loss=2.625 (ce=1.830, kd=3.419) | tr_acc=0.5295 | val_acc=0.4426
[kd_a1.0_s42_top_1] epoch  31 |    13.2s
[kd_a1.0_s42_top_1] epoch  32 |    13.2s
  [kd_a1.0_s42_top_1] epoch  32 | loss=2.499 (ce=1.743, kd=3.254) | tr_acc=0.5450 | val_acc=0.4684
[kd_a1.0_s42_top_1] epoch  33 |    13.2s
[kd_a1.0_s42_top_1] epoch  34 |    13.4s
  [kd_a1.0_s42_top_1] epoch  34 | loss=2.399 (ce=1.660, kd=3.137) | tr_acc=0.5682 | val_acc=0.4700
[kd_a1.0_s42_top_1] epoch  35 |    13.4s
[kd_a1.0_s42_top_1] epoch  36 |    13.3s
  [kd_a1.0_s42_top_1] epoch  36 | loss=2.309 (ce=1.589, kd=3.030) | tr_acc=0.5816 | val_acc=0.4842
[kd_a1.0_s42_top_1] epoch  37 |    13.2s
[kd_a1.0_s42_top_1] epoch  38 |    13.1s
  [kd_a1.0_s42_top_1] epoch  38 | loss=2.209 (ce=1.527, kd=2.891) | tr_acc=0.6013 | val_acc=0.4814
[kd_a1.0_s42_top_1] epoch  39 |    13.0s
[kd_a1.0_s42_top_1] epoch  40 |    13.3s
  [kd_a1.0_s42_top_1] epoch  40 | loss=2.143 (ce=1.452, kd=2.833) | tr_acc=0.6149 | val_acc=0.4926
[kd_a1.0_s42_top_1] epoch  41 |    13.2s
[kd_a1.0_s42_top_1] epoch  42 |    13.1s
  [kd_a1.0_s42_top_1] epoch  42 | loss=2.068 (ce=1.395, kd=2.740) | tr_acc=0.6286 | val_acc=0.5332
[kd_a1.0_s42_top_1] epoch  43 |    13.4s
[kd_a1.0_s42_top_1] epoch  44 |    13.1s
  [kd_a1.0_s42_top_1] epoch  44 | loss=1.978 (ce=1.323, kd=2.633) | tr_acc=0.6495 | val_acc=0.5130
[kd_a1.0_s42_top_1] epoch  45 |    13.2s
[kd_a1.0_s42_top_1] epoch  46 |    13.1s
  [kd_a1.0_s42_top_1] epoch  46 | loss=1.909 (ce=1.268, kd=2.550) | tr_acc=0.6609 | val_acc=0.5370
[kd_a1.0_s42_top_1] epoch  47 |    13.2s
[kd_a1.0_s42_top_1] epoch  48 |    13.0s
  [kd_a1.0_s42_top_1] epoch  48 | loss=1.820 (ce=1.167, kd=2.473) | tr_acc=0.6829 | val_acc=0.5392
[kd_a1.0_s42_top_1] epoch  49 |    13.2s
[kd_a1.0_s42_top_1] epoch  50 |    13.1s
  [kd_a1.0_s42_top_1] epoch  50 | loss=1.781 (ce=1.133, kd=2.429) | tr_acc=0.6998 | val_acc=0.5420
[kd_a1.0_s42_top_1] epoch  51 |    13.3s
[kd_a1.0_s42_top_1] epoch  52 |    13.1s
  [kd_a1.0_s42_top_1] epoch  52 | loss=1.704 (ce=1.056, kd=2.352) | tr_acc=0.7152 | val_acc=0.5628
[kd_a1.0_s42_top_1] epoch  53 |    13.3s
[kd_a1.0_s42_top_1] epoch  54 |    13.2s
  [kd_a1.0_s42_top_1] epoch  54 | loss=1.666 (ce=1.022, kd=2.310) | tr_acc=0.7323 | val_acc=0.5526
[kd_a1.0_s42_top_1] epoch  55 |    13.3s
[kd_a1.0_s42_top_1] epoch  56 |    13.2s
  [kd_a1.0_s42_top_1] epoch  56 | loss=1.563 (ce=0.949, kd=2.177) | tr_acc=0.7465 | val_acc=0.5826
[kd_a1.0_s42_top_1] epoch  57 |    13.3s
[kd_a1.0_s42_top_1] epoch  58 |    13.1s
  [kd_a1.0_s42_top_1] epoch  58 | loss=1.548 (ce=0.930, kd=2.166) | tr_acc=0.7547 | val_acc=0.5720
[kd_a1.0_s42_top_1] epoch  59 |    13.0s
[kd_a1.0_s42_top_1] epoch  60 |    13.2s
  [kd_a1.0_s42_top_1] epoch  60 | loss=1.477 (ce=0.864, kd=2.090) | tr_acc=0.7732 | val_acc=0.5914
[kd_a1.0_s42_top_1] epoch  61 |    13.2s
[kd_a1.0_s42_top_1] epoch  62 |    13.4s
  [kd_a1.0_s42_top_1] epoch  62 | loss=1.440 (ce=0.824, kd=2.056) | tr_acc=0.7880 | val_acc=0.5868
[kd_a1.0_s42_top_1] epoch  63 |    13.4s
[kd_a1.0_s42_top_1] epoch  64 |    13.2s
  [kd_a1.0_s42_top_1] epoch  64 | loss=1.352 (ce=0.763, kd=1.941) | tr_acc=0.8020 | val_acc=0.5982
[kd_a1.0_s42_top_1] epoch  65 |    13.2s
[kd_a1.0_s42_top_1] epoch  66 |    13.2s
  [kd_a1.0_s42_top_1] epoch  66 | loss=1.340 (ce=0.744, kd=1.937) | tr_acc=0.8082 | val_acc=0.6020
[kd_a1.0_s42_top_1] epoch  67 |    13.1s
[kd_a1.0_s42_top_1] epoch  68 |    13.2s
  [kd_a1.0_s42_top_1] epoch  68 | loss=1.308 (ce=0.712, kd=1.905) | tr_acc=0.8159 | val_acc=0.6084
[kd_a1.0_s42_top_1] epoch  69 |    13.2s
[kd_a1.0_s42_top_1] epoch  70 |    13.2s
  [kd_a1.0_s42_top_1] epoch  70 | loss=1.285 (ce=0.694, kd=1.876) | tr_acc=0.8266 | val_acc=0.6066
[kd_a1.0_s42_top_1] epoch  71 |    13.2s
  [kd_a1.0_s42_top_1] epoch  71 | loss=1.290 (ce=0.699, kd=1.882) | tr_acc=0.8202 | val_acc=0.6080
[kd_a1.0_s42_top_1] epoch  72 |    13.2s
  [kd_a1.0_s42_top_1] epoch  72 | loss=1.265 (ce=0.688, kd=1.842) | tr_acc=0.8268 | val_acc=0.6168
[kd_a1.0_s42_top_1] epoch  73 |    13.3s
  [kd_a1.0_s42_top_1] epoch  73 | loss=1.255 (ce=0.670, kd=1.841) | tr_acc=0.8321 | val_acc=0.6134
[kd_a1.0_s42_top_1] epoch  74 |    13.2s
  [kd_a1.0_s42_top_1] epoch  74 | loss=1.261 (ce=0.670, kd=1.851) | tr_acc=0.8303 | val_acc=0.6146
[kd_a1.0_s42_top_1] epoch  75 |    13.1s
  [kd_a1.0_s42_top_1] epoch  75 | loss=1.247 (ce=0.656, kd=1.838) | tr_acc=0.8342 | val_acc=0.6150
[kd_a1.0_s42_top_1] epoch  76 |    13.2s
  [kd_a1.0_s42_top_1] epoch  76 | loss=1.235 (ce=0.651, kd=1.818) | tr_acc=0.8345 | val_acc=0.6150
[kd_a1.0_s42_top_1] epoch  77 |    13.4s
  [kd_a1.0_s42_top_1] epoch  77 | loss=1.239 (ce=0.656, kd=1.822) | tr_acc=0.8324 | val_acc=0.6128
[kd_a1.0_s42_top_1] epoch  78 |    13.3s
  [kd_a1.0_s42_top_1] epoch  78 | loss=1.237 (ce=0.664, kd=1.809) | tr_acc=0.8301 | val_acc=0.6142
[kd_a1.0_s42_top_1] epoch  79 |    13.3s
  [kd_a1.0_s42_top_1] epoch  79 | loss=1.207 (ce=0.648, kd=1.767) | tr_acc=0.8341 | val_acc=0.6156
[kd_a1.0_s42_top_1] SUMMARY | n=80 total=1074s mean=13.4s (min=13.0, max=24.9)
[kd_a1.0_s42_top_1] SUMMARY | n=80 total=1074s mean=13.4s (min=13.0, max=24.9)

  Lower=0.5212, Upper=0.8448, Gap=0.3236
  Student=0.6168 → Gap Recovery = 29.5%

===== DONE =====
  Final acc    : 0.6168
  Best epoch   : 72
  Gap Recovery : 29.5%
  saved        → /home/ssm-user/efs/eacs_results/kd_runs/alpha1.0_seed42_top_1
/opt/pytorch/lib64/python3.13/site-packages/torch/cuda/__init__.py:65: FutureWarning: The pynvml package is deprecated. Please install nvidia-ml-py instead. If you did not install pynvml directly, please report this to the maintainers of the package that installed pynvml for you.
  import pynvml  # type: ignore[import]
/home/ssm-user/efs/eacs/run_kd.py:141: FutureWarning: `torch.cuda.amp.GradScaler(args...)` is deprecated. Please use `torch.amp.GradScaler('cuda', args...)` instead.
  scaler = torch.cuda.amp.GradScaler() if use_amp else None

===== α=1.0, seed=42, weighting=top_3 =====
  Fused logit shape: (10000, 100)
  클래스당 기여 Teacher 수 분포: min=3, max=3, mean=3.00
  Loading parquet: /home/ssm-user/efs/workspace/extract_imagenet_100/data/imagenet100/train.parquet
  Loading parquet: /home/ssm-user/efs/workspace/extract_imagenet_100/data/imagenet100/validation.parquet
/home/ssm-user/efs/eacs/run_kd.py:166: FutureWarning: `torch.cuda.amp.autocast(args...)` is deprecated. Please use `torch.amp.autocast('cuda', args...)` instead.
  with torch.cuda.amp.autocast():
[kd_a1.0_s42_top_3] epoch   0 |    24.7s
  [kd_a1.0_s42_top_3] epoch   0 | loss=6.511 (ce=4.479, kd=8.542) | tr_acc=0.0438 | val_acc=0.0668
[kd_a1.0_s42_top_3] epoch   1 |    15.2s
[kd_a1.0_s42_top_3] epoch   2 |    15.4s
  [kd_a1.0_s42_top_3] epoch   2 | loss=5.611 (ce=3.931, kd=7.291) | tr_acc=0.1026 | val_acc=0.0852
[kd_a1.0_s42_top_3] epoch   3 |    13.7s
[kd_a1.0_s42_top_3] epoch   4 |    13.3s
  [kd_a1.0_s42_top_3] epoch   4 | loss=5.081 (ce=3.631, kd=6.530) | tr_acc=0.1498 | val_acc=0.1382
[kd_a1.0_s42_top_3] epoch   5 |    13.2s
[kd_a1.0_s42_top_3] epoch   6 |    13.1s
  [kd_a1.0_s42_top_3] epoch   6 | loss=4.652 (ce=3.377, kd=5.927) | tr_acc=0.1965 | val_acc=0.1546
[kd_a1.0_s42_top_3] epoch   7 |    13.2s
[kd_a1.0_s42_top_3] epoch   8 |    13.0s
  [kd_a1.0_s42_top_3] epoch   8 | loss=4.284 (ce=3.159, kd=5.409) | tr_acc=0.2405 | val_acc=0.2152
[kd_a1.0_s42_top_3] epoch   9 |    13.2s
[kd_a1.0_s42_top_3] epoch  10 |    13.3s
  [kd_a1.0_s42_top_3] epoch  10 | loss=3.964 (ce=2.986, kd=4.941) | tr_acc=0.2779 | val_acc=0.2342
[kd_a1.0_s42_top_3] epoch  11 |    13.3s
[kd_a1.0_s42_top_3] epoch  12 |    13.2s
  [kd_a1.0_s42_top_3] epoch  12 | loss=3.671 (ce=2.805, kd=4.537) | tr_acc=0.3140 | val_acc=0.2494
[kd_a1.0_s42_top_3] epoch  13 |    13.3s
[kd_a1.0_s42_top_3] epoch  14 |    13.1s
  [kd_a1.0_s42_top_3] epoch  14 | loss=3.438 (ce=2.650, kd=4.226) | tr_acc=0.3446 | val_acc=0.2698
[kd_a1.0_s42_top_3] epoch  15 |    13.2s
[kd_a1.0_s42_top_3] epoch  16 |    13.1s
  [kd_a1.0_s42_top_3] epoch  16 | loss=3.209 (ce=2.518, kd=3.901) | tr_acc=0.3745 | val_acc=0.3094
[kd_a1.0_s42_top_3] epoch  17 |    13.1s
[kd_a1.0_s42_top_3] epoch  18 |    13.2s
  [kd_a1.0_s42_top_3] epoch  18 | loss=2.982 (ce=2.374, kd=3.590) | tr_acc=0.4059 | val_acc=0.3702
[kd_a1.0_s42_top_3] epoch  19 |    13.4s
[kd_a1.0_s42_top_3] epoch  20 |    13.3s
  [kd_a1.0_s42_top_3] epoch  20 | loss=2.798 (ce=2.256, kd=3.339) | tr_acc=0.4387 | val_acc=0.3780
[kd_a1.0_s42_top_3] epoch  21 |    13.1s
[kd_a1.0_s42_top_3] epoch  22 |    13.3s
  [kd_a1.0_s42_top_3] epoch  22 | loss=2.644 (ce=2.133, kd=3.155) | tr_acc=0.4569 | val_acc=0.3918
[kd_a1.0_s42_top_3] epoch  23 |    13.3s
[kd_a1.0_s42_top_3] epoch  24 |    13.2s
  [kd_a1.0_s42_top_3] epoch  24 | loss=2.503 (ce=2.025, kd=2.982) | tr_acc=0.4798 | val_acc=0.3678
[kd_a1.0_s42_top_3] epoch  25 |    13.2s
[kd_a1.0_s42_top_3] epoch  26 |    13.2s
  [kd_a1.0_s42_top_3] epoch  26 | loss=2.385 (ce=1.964, kd=2.806) | tr_acc=0.4998 | val_acc=0.3836
[kd_a1.0_s42_top_3] epoch  27 |    13.2s
[kd_a1.0_s42_top_3] epoch  28 |    13.1s
  [kd_a1.0_s42_top_3] epoch  28 | loss=2.264 (ce=1.843, kd=2.685) | tr_acc=0.5204 | val_acc=0.4342
[kd_a1.0_s42_top_3] epoch  29 |    13.1s
[kd_a1.0_s42_top_3] epoch  30 |    13.1s
  [kd_a1.0_s42_top_3] epoch  30 | loss=2.127 (ce=1.755, kd=2.498) | tr_acc=0.5435 | val_acc=0.4708
[kd_a1.0_s42_top_3] epoch  31 |    13.3s
[kd_a1.0_s42_top_3] epoch  32 |    13.3s
  [kd_a1.0_s42_top_3] epoch  32 | loss=2.038 (ce=1.687, kd=2.389) | tr_acc=0.5593 | val_acc=0.4700
[kd_a1.0_s42_top_3] epoch  33 |    13.3s
[kd_a1.0_s42_top_3] epoch  34 |    13.5s
  [kd_a1.0_s42_top_3] epoch  34 | loss=1.936 (ce=1.593, kd=2.279) | tr_acc=0.5804 | val_acc=0.4718
[kd_a1.0_s42_top_3] epoch  35 |    13.4s
[kd_a1.0_s42_top_3] epoch  36 |    13.2s
  [kd_a1.0_s42_top_3] epoch  36 | loss=1.857 (ce=1.523, kd=2.192) | tr_acc=0.6005 | val_acc=0.4772
[kd_a1.0_s42_top_3] epoch  37 |    13.1s
[kd_a1.0_s42_top_3] epoch  38 |    13.2s
  [kd_a1.0_s42_top_3] epoch  38 | loss=1.766 (ce=1.434, kd=2.098) | tr_acc=0.6190 | val_acc=0.5080
[kd_a1.0_s42_top_3] epoch  39 |    13.0s
[kd_a1.0_s42_top_3] epoch  40 |    13.2s
  [kd_a1.0_s42_top_3] epoch  40 | loss=1.730 (ce=1.392, kd=2.068) | tr_acc=0.6277 | val_acc=0.4996
[kd_a1.0_s42_top_3] epoch  41 |    13.2s
[kd_a1.0_s42_top_3] epoch  42 |    13.4s
  [kd_a1.0_s42_top_3] epoch  42 | loss=1.651 (ce=1.321, kd=1.981) | tr_acc=0.6490 | val_acc=0.5108
[kd_a1.0_s42_top_3] epoch  43 |    13.2s
[kd_a1.0_s42_top_3] epoch  44 |    13.1s
  [kd_a1.0_s42_top_3] epoch  44 | loss=1.580 (ce=1.275, kd=1.885) | tr_acc=0.6562 | val_acc=0.5112
[kd_a1.0_s42_top_3] epoch  45 |    13.1s
[kd_a1.0_s42_top_3] epoch  46 |    13.2s
  [kd_a1.0_s42_top_3] epoch  46 | loss=1.515 (ce=1.203, kd=1.826) | tr_acc=0.6825 | val_acc=0.5500
[kd_a1.0_s42_top_3] epoch  47 |    13.4s
[kd_a1.0_s42_top_3] epoch  48 |    13.1s
  [kd_a1.0_s42_top_3] epoch  48 | loss=1.438 (ce=1.113, kd=1.764) | tr_acc=0.7006 | val_acc=0.5422
[kd_a1.0_s42_top_3] epoch  49 |    13.1s
[kd_a1.0_s42_top_3] epoch  50 |    13.2s
  [kd_a1.0_s42_top_3] epoch  50 | loss=1.418 (ce=1.100, kd=1.735) | tr_acc=0.7060 | val_acc=0.5494
[kd_a1.0_s42_top_3] epoch  51 |    13.2s
[kd_a1.0_s42_top_3] epoch  52 |    13.2s
  [kd_a1.0_s42_top_3] epoch  52 | loss=1.355 (ce=1.019, kd=1.691) | tr_acc=0.7307 | val_acc=0.5714
[kd_a1.0_s42_top_3] epoch  53 |    13.1s
[kd_a1.0_s42_top_3] epoch  54 |    13.0s
  [kd_a1.0_s42_top_3] epoch  54 | loss=1.310 (ce=0.963, kd=1.657) | tr_acc=0.7456 | val_acc=0.5732
[kd_a1.0_s42_top_3] epoch  55 |    13.2s
[kd_a1.0_s42_top_3] epoch  56 |    13.1s
  [kd_a1.0_s42_top_3] epoch  56 | loss=1.226 (ce=0.913, kd=1.538) | tr_acc=0.7567 | val_acc=0.5778
[kd_a1.0_s42_top_3] epoch  57 |    13.1s
[kd_a1.0_s42_top_3] epoch  58 |    13.3s
  [kd_a1.0_s42_top_3] epoch  58 | loss=1.213 (ce=0.891, kd=1.535) | tr_acc=0.7694 | val_acc=0.5856
[kd_a1.0_s42_top_3] epoch  59 |    13.2s
[kd_a1.0_s42_top_3] epoch  60 |    13.3s
  [kd_a1.0_s42_top_3] epoch  60 | loss=1.147 (ce=0.829, kd=1.464) | tr_acc=0.7842 | val_acc=0.5934
[kd_a1.0_s42_top_3] epoch  61 |    13.3s
[kd_a1.0_s42_top_3] epoch  62 |    13.4s
  [kd_a1.0_s42_top_3] epoch  62 | loss=1.127 (ce=0.791, kd=1.463) | tr_acc=0.7956 | val_acc=0.5980
[kd_a1.0_s42_top_3] epoch  63 |    13.2s
[kd_a1.0_s42_top_3] epoch  64 |    13.3s
  [kd_a1.0_s42_top_3] epoch  64 | loss=1.057 (ce=0.733, kd=1.380) | tr_acc=0.8127 | val_acc=0.6054
[kd_a1.0_s42_top_3] epoch  65 |    13.3s
[kd_a1.0_s42_top_3] epoch  66 |    13.2s
  [kd_a1.0_s42_top_3] epoch  66 | loss=1.036 (ce=0.709, kd=1.364) | tr_acc=0.8204 | val_acc=0.6092
[kd_a1.0_s42_top_3] epoch  67 |    13.2s
[kd_a1.0_s42_top_3] epoch  68 |    13.1s
  [kd_a1.0_s42_top_3] epoch  68 | loss=0.995 (ce=0.672, kd=1.318) | tr_acc=0.8340 | val_acc=0.6136
[kd_a1.0_s42_top_3] epoch  69 |    13.2s
[kd_a1.0_s42_top_3] epoch  70 |    13.2s
  [kd_a1.0_s42_top_3] epoch  70 | loss=0.982 (ce=0.658, kd=1.306) | tr_acc=0.8393 | val_acc=0.6134
[kd_a1.0_s42_top_3] epoch  71 |    13.3s
  [kd_a1.0_s42_top_3] epoch  71 | loss=0.993 (ce=0.674, kd=1.312) | tr_acc=0.8334 | val_acc=0.6212
[kd_a1.0_s42_top_3] epoch  72 |    13.4s
  [kd_a1.0_s42_top_3] epoch  72 | loss=0.967 (ce=0.654, kd=1.281) | tr_acc=0.8426 | val_acc=0.6220
[kd_a1.0_s42_top_3] epoch  73 |    13.3s
  [kd_a1.0_s42_top_3] epoch  73 | loss=0.964 (ce=0.640, kd=1.289) | tr_acc=0.8419 | val_acc=0.6202
[kd_a1.0_s42_top_3] epoch  74 |    13.1s
  [kd_a1.0_s42_top_3] epoch  74 | loss=0.970 (ce=0.643, kd=1.298) | tr_acc=0.8426 | val_acc=0.6218
[kd_a1.0_s42_top_3] epoch  75 |    13.2s
  [kd_a1.0_s42_top_3] epoch  75 | loss=0.964 (ce=0.633, kd=1.294) | tr_acc=0.8435 | val_acc=0.6226
[kd_a1.0_s42_top_3] epoch  76 |    13.2s
  [kd_a1.0_s42_top_3] epoch  76 | loss=0.942 (ce=0.619, kd=1.265) | tr_acc=0.8449 | val_acc=0.6240
[kd_a1.0_s42_top_3] epoch  77 |    13.3s
  [kd_a1.0_s42_top_3] epoch  77 | loss=0.947 (ce=0.628, kd=1.265) | tr_acc=0.8432 | val_acc=0.6222
[kd_a1.0_s42_top_3] epoch  78 |    13.1s
  [kd_a1.0_s42_top_3] epoch  78 | loss=0.952 (ce=0.636, kd=1.269) | tr_acc=0.8459 | val_acc=0.6214
[kd_a1.0_s42_top_3] epoch  79 |    13.2s
  [kd_a1.0_s42_top_3] epoch  79 | loss=0.924 (ce=0.621, kd=1.227) | tr_acc=0.8449 | val_acc=0.6234
[kd_a1.0_s42_top_3] SUMMARY | n=80 total=1073s mean=13.4s (min=13.0, max=24.7)
[kd_a1.0_s42_top_3] SUMMARY | n=80 total=1073s mean=13.4s (min=13.0, max=24.7)

  Lower=0.5212, Upper=0.8448, Gap=0.3236
  Student=0.6240 → Gap Recovery = 31.8%

===== DONE =====
  Final acc    : 0.6240
  Best epoch   : 76
  Gap Recovery : 31.8%
  saved        → /home/ssm-user/efs/eacs_results/kd_runs/alpha1.0_seed42_top_3
