nohup: ignoring input
/opt/pytorch/lib64/python3.13/site-packages/torch/cuda/__init__.py:65: FutureWarning: The pynvml package is deprecated. Please install nvidia-ml-py instead. If you did not install pynvml directly, please report this to the maintainers of the package that installed pynvml for you.
  import pynvml  # type: ignore[import]
/home/ssm-user/efs/eacs/train_teachers.py:84: FutureWarning: `torch.cuda.amp.GradScaler(args...)` is deprecated. Please use `torch.amp.GradScaler('cuda', args...)` instead.
  scaler = torch.cuda.amp.GradScaler() if use_amp else None

===== α=100.0, seed=42 =====
  Proxy:   10,000
  Client 0: 23,502장
  Client 1: 23,545장
  Client 2: 23,105장
  Client 3: 23,179장
  Client 4: 23,358장
  Loading parquet: /home/ssm-user/efs/workspace/extract_imagenet_100/data/imagenet100/train.parquet
  Loading parquet: /home/ssm-user/efs/workspace/extract_imagenet_100/data/imagenet100/validation.parquet

--- Teacher 0 학습 ---
/home/ssm-user/efs/eacs/common.py:364: FutureWarning: `torch.cuda.amp.autocast(args...)` is deprecated. Please use `torch.amp.autocast('cuda', args...)` instead.
  with torch.cuda.amp.autocast():
[teacher_k0_a100.0_s42] epoch   0 |    41.9s
  [T0] epoch   0 | tr_acc=0.0452 | val_acc=0.0680 | macro_f1=0.0413
[teacher_k0_a100.0_s42] epoch   1 |    31.4s
[teacher_k0_a100.0_s42] epoch   2 |    31.1s
[teacher_k0_a100.0_s42] epoch   3 |    30.3s
[teacher_k0_a100.0_s42] epoch   4 |    27.5s
[teacher_k0_a100.0_s42] epoch   5 |    27.5s
[teacher_k0_a100.0_s42] epoch   6 |    27.4s
[teacher_k0_a100.0_s42] epoch   7 |    27.6s
[teacher_k0_a100.0_s42] epoch   8 |    27.5s
[teacher_k0_a100.0_s42] epoch   9 |    27.4s
[teacher_k0_a100.0_s42] epoch  10 |    27.5s
  [T0] epoch  10 | tr_acc=0.3275 | val_acc=0.3156 | macro_f1=0.2957
[teacher_k0_a100.0_s42] epoch  11 |    27.4s
[teacher_k0_a100.0_s42] epoch  12 |    27.4s
[teacher_k0_a100.0_s42] epoch  13 |    27.7s
[teacher_k0_a100.0_s42] epoch  14 |    27.7s
[teacher_k0_a100.0_s42] epoch  15 |    27.4s
[teacher_k0_a100.0_s42] epoch  16 |    27.7s
[teacher_k0_a100.0_s42] epoch  17 |    27.6s
[teacher_k0_a100.0_s42] epoch  18 |    27.5s
[teacher_k0_a100.0_s42] epoch  19 |    27.8s
[teacher_k0_a100.0_s42] epoch  20 |    27.6s
  [T0] epoch  20 | tr_acc=0.4727 | val_acc=0.4316 | macro_f1=0.4265
[teacher_k0_a100.0_s42] epoch  21 |    27.5s
[teacher_k0_a100.0_s42] epoch  22 |    27.4s
[teacher_k0_a100.0_s42] epoch  23 |    27.5s
[teacher_k0_a100.0_s42] epoch  24 |    27.6s
[teacher_k0_a100.0_s42] epoch  25 |    27.5s
[teacher_k0_a100.0_s42] epoch  26 |    27.5s
[teacher_k0_a100.0_s42] epoch  27 |    27.4s
[teacher_k0_a100.0_s42] epoch  28 |    27.3s
[teacher_k0_a100.0_s42] epoch  29 |    27.5s
[teacher_k0_a100.0_s42] epoch  30 |    27.5s
  [T0] epoch  30 | tr_acc=0.5819 | val_acc=0.5126 | macro_f1=0.5033
[teacher_k0_a100.0_s42] epoch  31 |    27.7s
[teacher_k0_a100.0_s42] epoch  32 |    27.4s
[teacher_k0_a100.0_s42] epoch  33 |    27.5s
[teacher_k0_a100.0_s42] epoch  34 |    27.5s
[teacher_k0_a100.0_s42] epoch  35 |    27.6s
[teacher_k0_a100.0_s42] epoch  36 |    27.7s
[teacher_k0_a100.0_s42] epoch  37 |    27.4s
[teacher_k0_a100.0_s42] epoch  38 |    27.5s
[teacher_k0_a100.0_s42] epoch  39 |    27.6s
[teacher_k0_a100.0_s42] epoch  40 |    27.8s
  [T0] epoch  40 | tr_acc=0.7018 | val_acc=0.5670 | macro_f1=0.5733
[teacher_k0_a100.0_s42] epoch  41 |    27.7s
[teacher_k0_a100.0_s42] epoch  42 |    27.6s
[teacher_k0_a100.0_s42] epoch  43 |    27.5s
[teacher_k0_a100.0_s42] epoch  44 |    27.4s
[teacher_k0_a100.0_s42] epoch  45 |    27.4s
[teacher_k0_a100.0_s42] epoch  46 |    27.5s
[teacher_k0_a100.0_s42] epoch  47 |    27.4s
[teacher_k0_a100.0_s42] epoch  48 |    27.3s
[teacher_k0_a100.0_s42] epoch  49 |    27.4s
[teacher_k0_a100.0_s42] epoch  50 |    27.7s
  [T0] epoch  50 | tr_acc=0.8302 | val_acc=0.6460 | macro_f1=0.6461
[teacher_k0_a100.0_s42] epoch  51 |    27.5s
[teacher_k0_a100.0_s42] epoch  52 |    27.7s
[teacher_k0_a100.0_s42] epoch  53 |    27.6s
[teacher_k0_a100.0_s42] epoch  54 |    27.7s
[teacher_k0_a100.0_s42] epoch  55 |    27.5s
[teacher_k0_a100.0_s42] epoch  56 |    27.4s
[teacher_k0_a100.0_s42] epoch  57 |    27.5s
[teacher_k0_a100.0_s42] epoch  58 |    27.8s
[teacher_k0_a100.0_s42] epoch  59 |    27.7s
  [T0] epoch  59 | tr_acc=0.8785 | val_acc=0.6692 | macro_f1=0.6687
[teacher_k0_a100.0_s42] SUMMARY | n=60 total=1676s mean=27.9s (min=27.3, max=41.9)
[teacher_k0_a100.0_s42] SUMMARY | n=60 total=1676s mean=27.9s (min=27.3, max=41.9)

--- Teacher 1 학습 ---
[teacher_k1_a100.0_s42] epoch   0 |    27.3s
  [T1] epoch   0 | tr_acc=0.0545 | val_acc=0.0818 | macro_f1=0.0453
[teacher_k1_a100.0_s42] epoch   1 |    27.5s
[teacher_k1_a100.0_s42] epoch   2 |    27.4s
[teacher_k1_a100.0_s42] epoch   3 |    27.5s
[teacher_k1_a100.0_s42] epoch   4 |    27.5s
[teacher_k1_a100.0_s42] epoch   5 |    27.3s
[teacher_k1_a100.0_s42] epoch   6 |    27.4s
[teacher_k1_a100.0_s42] epoch   7 |    27.2s
[teacher_k1_a100.0_s42] epoch   8 |    27.3s
[teacher_k1_a100.0_s42] epoch   9 |    27.4s
[teacher_k1_a100.0_s42] epoch  10 |    27.3s
  [T1] epoch  10 | tr_acc=0.3301 | val_acc=0.3152 | macro_f1=0.3032
[teacher_k1_a100.0_s42] epoch  11 |    27.3s
[teacher_k1_a100.0_s42] epoch  12 |    27.6s
[teacher_k1_a100.0_s42] epoch  13 |    27.4s
[teacher_k1_a100.0_s42] epoch  14 |    27.4s
[teacher_k1_a100.0_s42] epoch  15 |    27.4s
[teacher_k1_a100.0_s42] epoch  16 |    27.6s
[teacher_k1_a100.0_s42] epoch  17 |    27.4s
[teacher_k1_a100.0_s42] epoch  18 |    27.4s
[teacher_k1_a100.0_s42] epoch  19 |    27.4s
[teacher_k1_a100.0_s42] epoch  20 |    27.5s
  [T1] epoch  20 | tr_acc=0.4781 | val_acc=0.3742 | macro_f1=0.3657
[teacher_k1_a100.0_s42] epoch  21 |    27.2s
[teacher_k1_a100.0_s42] epoch  22 |    27.5s
[teacher_k1_a100.0_s42] epoch  23 |    27.4s
[teacher_k1_a100.0_s42] epoch  24 |    27.4s
[teacher_k1_a100.0_s42] epoch  25 |    27.4s
[teacher_k1_a100.0_s42] epoch  26 |    27.5s
[teacher_k1_a100.0_s42] epoch  27 |    27.2s
[teacher_k1_a100.0_s42] epoch  28 |    27.5s
[teacher_k1_a100.0_s42] epoch  29 |    27.4s
[teacher_k1_a100.0_s42] epoch  30 |    27.5s
  [T1] epoch  30 | tr_acc=0.5885 | val_acc=0.4972 | macro_f1=0.4914
[teacher_k1_a100.0_s42] epoch  31 |    27.3s
[teacher_k1_a100.0_s42] epoch  32 |    27.4s
[teacher_k1_a100.0_s42] epoch  33 |    27.5s
[teacher_k1_a100.0_s42] epoch  34 |    27.5s
[teacher_k1_a100.0_s42] epoch  35 |    27.4s
[teacher_k1_a100.0_s42] epoch  36 |    27.3s
[teacher_k1_a100.0_s42] epoch  37 |    27.5s
[teacher_k1_a100.0_s42] epoch  38 |    27.4s
[teacher_k1_a100.0_s42] epoch  39 |    27.5s
[teacher_k1_a100.0_s42] epoch  40 |    27.5s
  [T1] epoch  40 | tr_acc=0.7085 | val_acc=0.5984 | macro_f1=0.5967
[teacher_k1_a100.0_s42] epoch  41 |    27.4s
[teacher_k1_a100.0_s42] epoch  42 |    27.4s
[teacher_k1_a100.0_s42] epoch  43 |    27.6s
[teacher_k1_a100.0_s42] epoch  44 |    27.3s
[teacher_k1_a100.0_s42] epoch  45 |    27.3s
[teacher_k1_a100.0_s42] epoch  46 |    27.4s
[teacher_k1_a100.0_s42] epoch  47 |    27.4s
[teacher_k1_a100.0_s42] epoch  48 |    27.4s
[teacher_k1_a100.0_s42] epoch  49 |    27.5s
[teacher_k1_a100.0_s42] epoch  50 |    27.5s
  [T1] epoch  50 | tr_acc=0.8355 | val_acc=0.6508 | macro_f1=0.6507
[teacher_k1_a100.0_s42] epoch  51 |    27.3s
[teacher_k1_a100.0_s42] epoch  52 |    27.5s
[teacher_k1_a100.0_s42] epoch  53 |    27.5s
[teacher_k1_a100.0_s42] epoch  54 |    27.4s
[teacher_k1_a100.0_s42] epoch  55 |    27.4s
[teacher_k1_a100.0_s42] epoch  56 |    27.4s
[teacher_k1_a100.0_s42] epoch  57 |    27.6s
[teacher_k1_a100.0_s42] epoch  58 |    27.4s
[teacher_k1_a100.0_s42] epoch  59 |    27.5s
  [T1] epoch  59 | tr_acc=0.8808 | val_acc=0.6698 | macro_f1=0.6689
[teacher_k1_a100.0_s42] SUMMARY | n=60 total=1645s mean=27.4s (min=27.2, max=27.6)
[teacher_k1_a100.0_s42] SUMMARY | n=60 total=1645s mean=27.4s (min=27.2, max=27.6)

--- Teacher 2 학습 ---
[teacher_k2_a100.0_s42] epoch   0 |    27.2s
  [T2] epoch   0 | tr_acc=0.0483 | val_acc=0.0706 | macro_f1=0.0461
[teacher_k2_a100.0_s42] epoch   1 |    27.2s
[teacher_k2_a100.0_s42] epoch   2 |    27.3s
[teacher_k2_a100.0_s42] epoch   3 |    27.5s
[teacher_k2_a100.0_s42] epoch   4 |    27.3s
[teacher_k2_a100.0_s42] epoch   5 |    27.3s
[teacher_k2_a100.0_s42] epoch   6 |    27.5s
[teacher_k2_a100.0_s42] epoch   7 |    27.3s
[teacher_k2_a100.0_s42] epoch   8 |    27.5s
[teacher_k2_a100.0_s42] epoch   9 |    27.3s
[teacher_k2_a100.0_s42] epoch  10 |    27.3s
  [T2] epoch  10 | tr_acc=0.3269 | val_acc=0.3268 | macro_f1=0.3140
[teacher_k2_a100.0_s42] epoch  11 |    27.2s
[teacher_k2_a100.0_s42] epoch  12 |    27.2s
[teacher_k2_a100.0_s42] epoch  13 |    27.3s
[teacher_k2_a100.0_s42] epoch  14 |    27.4s
[teacher_k2_a100.0_s42] epoch  15 |    27.2s
[teacher_k2_a100.0_s42] epoch  16 |    27.2s
[teacher_k2_a100.0_s42] epoch  17 |    27.4s
[teacher_k2_a100.0_s42] epoch  18 |    27.6s
[teacher_k2_a100.0_s42] epoch  19 |    27.1s
[teacher_k2_a100.0_s42] epoch  20 |    27.2s
  [T2] epoch  20 | tr_acc=0.4738 | val_acc=0.4130 | macro_f1=0.4032
[teacher_k2_a100.0_s42] epoch  21 |    27.2s
[teacher_k2_a100.0_s42] epoch  22 |    27.3s
[teacher_k2_a100.0_s42] epoch  23 |    27.3s
[teacher_k2_a100.0_s42] epoch  24 |    27.1s
[teacher_k2_a100.0_s42] epoch  25 |    27.2s
[teacher_k2_a100.0_s42] epoch  26 |    27.1s
[teacher_k2_a100.0_s42] epoch  27 |    27.3s
[teacher_k2_a100.0_s42] epoch  28 |    27.3s
[teacher_k2_a100.0_s42] epoch  29 |    27.2s
[teacher_k2_a100.0_s42] epoch  30 |    27.5s
  [T2] epoch  30 | tr_acc=0.5869 | val_acc=0.5066 | macro_f1=0.5008
[teacher_k2_a100.0_s42] epoch  31 |    27.4s
[teacher_k2_a100.0_s42] epoch  32 |    27.3s
[teacher_k2_a100.0_s42] epoch  33 |    27.3s
[teacher_k2_a100.0_s42] epoch  34 |    27.2s
[teacher_k2_a100.0_s42] epoch  35 |    27.3s
[teacher_k2_a100.0_s42] epoch  36 |    27.3s
[teacher_k2_a100.0_s42] epoch  37 |    27.4s
[teacher_k2_a100.0_s42] epoch  38 |    27.1s
[teacher_k2_a100.0_s42] epoch  39 |    27.3s
[teacher_k2_a100.0_s42] epoch  40 |    27.2s
  [T2] epoch  40 | tr_acc=0.7019 | val_acc=0.5870 | macro_f1=0.5864
[teacher_k2_a100.0_s42] epoch  41 |    27.3s
[teacher_k2_a100.0_s42] epoch  42 |    27.3s
[teacher_k2_a100.0_s42] epoch  43 |    27.2s
[teacher_k2_a100.0_s42] epoch  44 |    27.2s
[teacher_k2_a100.0_s42] epoch  45 |    27.4s
[teacher_k2_a100.0_s42] epoch  46 |    27.3s
[teacher_k2_a100.0_s42] epoch  47 |    27.1s
[teacher_k2_a100.0_s42] epoch  48 |    27.2s
[teacher_k2_a100.0_s42] epoch  49 |    27.3s
[teacher_k2_a100.0_s42] epoch  50 |    27.2s
  [T2] epoch  50 | tr_acc=0.8342 | val_acc=0.6542 | macro_f1=0.6556
[teacher_k2_a100.0_s42] epoch  51 |    27.3s
[teacher_k2_a100.0_s42] epoch  52 |    27.2s
[teacher_k2_a100.0_s42] epoch  53 |    27.3s
[teacher_k2_a100.0_s42] epoch  54 |    27.1s
[teacher_k2_a100.0_s42] epoch  55 |    27.2s
[teacher_k2_a100.0_s42] epoch  56 |    27.4s
[teacher_k2_a100.0_s42] epoch  57 |    27.4s
[teacher_k2_a100.0_s42] epoch  58 |    27.2s
[teacher_k2_a100.0_s42] epoch  59 |    27.3s
  [T2] epoch  59 | tr_acc=0.8774 | val_acc=0.6734 | macro_f1=0.6727
[teacher_k2_a100.0_s42] SUMMARY | n=60 total=1637s mean=27.3s (min=27.1, max=27.6)
[teacher_k2_a100.0_s42] SUMMARY | n=60 total=1637s mean=27.3s (min=27.1, max=27.6)

--- Teacher 3 학습 ---
[teacher_k3_a100.0_s42] epoch   0 |    27.4s
  [T3] epoch   0 | tr_acc=0.0566 | val_acc=0.0744 | macro_f1=0.0505
[teacher_k3_a100.0_s42] epoch   1 |    27.1s
[teacher_k3_a100.0_s42] epoch   2 |    27.1s
[teacher_k3_a100.0_s42] epoch   3 |    27.3s
[teacher_k3_a100.0_s42] epoch   4 |    27.1s
[teacher_k3_a100.0_s42] epoch   5 |    27.3s
[teacher_k3_a100.0_s42] epoch   6 |    27.3s
[teacher_k3_a100.0_s42] epoch   7 |    27.4s
[teacher_k3_a100.0_s42] epoch   8 |    27.2s
[teacher_k3_a100.0_s42] epoch   9 |    27.2s
[teacher_k3_a100.0_s42] epoch  10 |    27.2s
  [T3] epoch  10 | tr_acc=0.3370 | val_acc=0.3374 | macro_f1=0.3206
[teacher_k3_a100.0_s42] epoch  11 |    27.1s
[teacher_k3_a100.0_s42] epoch  12 |    27.3s
[teacher_k3_a100.0_s42] epoch  13 |    27.4s
[teacher_k3_a100.0_s42] epoch  14 |    27.2s
[teacher_k3_a100.0_s42] epoch  15 |    27.6s
[teacher_k3_a100.0_s42] epoch  16 |    27.2s
[teacher_k3_a100.0_s42] epoch  17 |    27.4s
[teacher_k3_a100.0_s42] epoch  18 |    27.3s
[teacher_k3_a100.0_s42] epoch  19 |    27.2s
[teacher_k3_a100.0_s42] epoch  20 |    27.2s
  [T3] epoch  20 | tr_acc=0.4801 | val_acc=0.4348 | macro_f1=0.4336
[teacher_k3_a100.0_s42] epoch  21 |    27.3s
[teacher_k3_a100.0_s42] epoch  22 |    27.2s
[teacher_k3_a100.0_s42] epoch  23 |    27.2s
[teacher_k3_a100.0_s42] epoch  24 |    27.2s
[teacher_k3_a100.0_s42] epoch  25 |    27.2s
[teacher_k3_a100.0_s42] epoch  26 |    27.4s
[teacher_k3_a100.0_s42] epoch  27 |    27.3s
[teacher_k3_a100.0_s42] epoch  28 |    27.3s
[teacher_k3_a100.0_s42] epoch  29 |    27.3s
[teacher_k3_a100.0_s42] epoch  30 |    27.2s
  [T3] epoch  30 | tr_acc=0.5906 | val_acc=0.5058 | macro_f1=0.5069
[teacher_k3_a100.0_s42] epoch  31 |    27.3s
[teacher_k3_a100.0_s42] epoch  32 |    27.2s
[teacher_k3_a100.0_s42] epoch  33 |    27.3s
[teacher_k3_a100.0_s42] epoch  34 |    27.1s
[teacher_k3_a100.0_s42] epoch  35 |    27.2s
[teacher_k3_a100.0_s42] epoch  36 |    27.2s
[teacher_k3_a100.0_s42] epoch  37 |    27.2s
[teacher_k3_a100.0_s42] epoch  38 |    27.5s
[teacher_k3_a100.0_s42] epoch  39 |    27.1s
[teacher_k3_a100.0_s42] epoch  40 |    27.3s
  [T3] epoch  40 | tr_acc=0.7067 | val_acc=0.5840 | macro_f1=0.5836
[teacher_k3_a100.0_s42] epoch  41 |    27.0s
[teacher_k3_a100.0_s42] epoch  42 |    27.6s
[teacher_k3_a100.0_s42] epoch  43 |    27.2s
[teacher_k3_a100.0_s42] epoch  44 |    27.3s
[teacher_k3_a100.0_s42] epoch  45 |    27.1s
[teacher_k3_a100.0_s42] epoch  46 |    27.2s
[teacher_k3_a100.0_s42] epoch  47 |    27.3s
[teacher_k3_a100.0_s42] epoch  48 |    27.2s
[teacher_k3_a100.0_s42] epoch  49 |    27.3s
[teacher_k3_a100.0_s42] epoch  50 |    27.3s
  [T3] epoch  50 | tr_acc=0.8352 | val_acc=0.6470 | macro_f1=0.6464
[teacher_k3_a100.0_s42] epoch  51 |    27.4s
[teacher_k3_a100.0_s42] epoch  52 |    27.3s
[teacher_k3_a100.0_s42] epoch  53 |    27.2s
[teacher_k3_a100.0_s42] epoch  54 |    27.5s
[teacher_k3_a100.0_s42] epoch  55 |    27.2s
[teacher_k3_a100.0_s42] epoch  56 |    27.2s
[teacher_k3_a100.0_s42] epoch  57 |    27.2s
[teacher_k3_a100.0_s42] epoch  58 |    27.2s
[teacher_k3_a100.0_s42] epoch  59 |    27.2s
  [T3] epoch  59 | tr_acc=0.8798 | val_acc=0.6678 | macro_f1=0.6668
[teacher_k3_a100.0_s42] SUMMARY | n=60 total=1636s mean=27.3s (min=27.0, max=27.6)
[teacher_k3_a100.0_s42] SUMMARY | n=60 total=1636s mean=27.3s (min=27.0, max=27.6)

--- Teacher 4 학습 ---
[teacher_k4_a100.0_s42] epoch   0 |    27.4s
  [T4] epoch   0 | tr_acc=0.0527 | val_acc=0.0684 | macro_f1=0.0419
[teacher_k4_a100.0_s42] epoch   1 |    27.6s
[teacher_k4_a100.0_s42] epoch   2 |    27.7s
[teacher_k4_a100.0_s42] epoch   3 |    27.4s
[teacher_k4_a100.0_s42] epoch   4 |    27.6s
[teacher_k4_a100.0_s42] epoch   5 |    27.4s
[teacher_k4_a100.0_s42] epoch   6 |    27.7s
[teacher_k4_a100.0_s42] epoch   7 |    27.6s
[teacher_k4_a100.0_s42] epoch   8 |    27.8s
[teacher_k4_a100.0_s42] epoch   9 |    27.8s
[teacher_k4_a100.0_s42] epoch  10 |    27.8s
  [T4] epoch  10 | tr_acc=0.3396 | val_acc=0.2996 | macro_f1=0.2850
[teacher_k4_a100.0_s42] epoch  11 |    27.9s
[teacher_k4_a100.0_s42] epoch  12 |    27.5s
[teacher_k4_a100.0_s42] epoch  13 |    27.5s
[teacher_k4_a100.0_s42] epoch  14 |    27.5s
[teacher_k4_a100.0_s42] epoch  15 |    27.5s
[teacher_k4_a100.0_s42] epoch  16 |    27.9s
[teacher_k4_a100.0_s42] epoch  17 |    27.5s
[teacher_k4_a100.0_s42] epoch  18 |    27.9s
[teacher_k4_a100.0_s42] epoch  19 |    27.9s
[teacher_k4_a100.0_s42] epoch  20 |    27.8s
  [T4] epoch  20 | tr_acc=0.4802 | val_acc=0.4494 | macro_f1=0.4418
[teacher_k4_a100.0_s42] epoch  21 |    27.4s
[teacher_k4_a100.0_s42] epoch  22 |    27.8s
[teacher_k4_a100.0_s42] epoch  23 |    27.7s
[teacher_k4_a100.0_s42] epoch  24 |    27.7s
[teacher_k4_a100.0_s42] epoch  25 |    27.7s
[teacher_k4_a100.0_s42] epoch  26 |    28.0s
[teacher_k4_a100.0_s42] epoch  27 |    27.7s
[teacher_k4_a100.0_s42] epoch  28 |    27.4s
[teacher_k4_a100.0_s42] epoch  29 |    27.7s
[teacher_k4_a100.0_s42] epoch  30 |    27.7s
  [T4] epoch  30 | tr_acc=0.5906 | val_acc=0.4798 | macro_f1=0.4744
[teacher_k4_a100.0_s42] epoch  31 |    27.8s
[teacher_k4_a100.0_s42] epoch  32 |    27.6s
[teacher_k4_a100.0_s42] epoch  33 |    27.6s
[teacher_k4_a100.0_s42] epoch  34 |    27.8s
[teacher_k4_a100.0_s42] epoch  35 |    27.7s
[teacher_k4_a100.0_s42] epoch  36 |    27.9s
[teacher_k4_a100.0_s42] epoch  37 |    27.8s
[teacher_k4_a100.0_s42] epoch  38 |    27.8s
[teacher_k4_a100.0_s42] epoch  39 |    27.7s
[teacher_k4_a100.0_s42] epoch  40 |    27.9s
  [T4] epoch  40 | tr_acc=0.7078 | val_acc=0.6012 | macro_f1=0.6001
[teacher_k4_a100.0_s42] epoch  41 |    27.6s
[teacher_k4_a100.0_s42] epoch  42 |    27.6s
[teacher_k4_a100.0_s42] epoch  43 |    27.8s
[teacher_k4_a100.0_s42] epoch  44 |    27.8s
[teacher_k4_a100.0_s42] epoch  45 |    27.7s
[teacher_k4_a100.0_s42] epoch  46 |    27.7s
[teacher_k4_a100.0_s42] epoch  47 |    27.6s
[teacher_k4_a100.0_s42] epoch  48 |    27.6s
[teacher_k4_a100.0_s42] epoch  49 |    27.5s
[teacher_k4_a100.0_s42] epoch  50 |    27.8s
  [T4] epoch  50 | tr_acc=0.8376 | val_acc=0.6498 | macro_f1=0.6486
[teacher_k4_a100.0_s42] epoch  51 |    27.7s
[teacher_k4_a100.0_s42] epoch  52 |    27.7s
[teacher_k4_a100.0_s42] epoch  53 |    27.5s
[teacher_k4_a100.0_s42] epoch  54 |    27.6s
[teacher_k4_a100.0_s42] epoch  55 |    27.6s
[teacher_k4_a100.0_s42] epoch  56 |    27.6s
[teacher_k4_a100.0_s42] epoch  57 |    27.9s
[teacher_k4_a100.0_s42] epoch  58 |    27.7s
[teacher_k4_a100.0_s42] epoch  59 |    27.8s
  [T4] epoch  59 | tr_acc=0.8825 | val_acc=0.6698 | macro_f1=0.6682
[teacher_k4_a100.0_s42] SUMMARY | n=60 total=1661s mean=27.7s (min=27.4, max=28.0)
[teacher_k4_a100.0_s42] SUMMARY | n=60 total=1661s mean=27.7s (min=27.4, max=28.0)

--- Proxy logit 수집 (Teachers → proxy) ---
  T0: logits shape=(10000, 100), top-1 on proxy=0.6981
  T1: logits shape=(10000, 100), top-1 on proxy=0.6943
  T2: logits shape=(10000, 100), top-1 on proxy=0.6911
  T3: logits shape=(10000, 100), top-1 on proxy=0.6944
  T4: logits shape=(10000, 100), top-1 on proxy=0.6966

--- Expertise Matrix 계산 ---
  Teacher      F1>0.5    best F1    mean F1  proxy acc
  -------------------------------------------------------
  T0            95개      91.7%     69.8%      69.8%
  T1            91개      93.5%     69.3%      69.4%
  T2            93개      94.0%     69.1%      69.1%
  T3            92개      93.4%     69.3%      69.4%
  T4            93개      93.0%     69.5%      69.7%

  커버리지 (F1>0.3인 Teacher 수):
    전문가 0명: 0개 클래스
    전문가 1명: 0개 클래스
    전문가 2명+: 100개 클래스

--- Logit Quality 지표 (Layer 2) ---
  T0: entropy=0.899 top1_conf=0.749 top2_gap=0.652 | expert_ent=0.868 nonexp_ent=1.491
  T1: entropy=0.915 top1_conf=0.746 top2_gap=0.647 | expert_ent=0.866 nonexp_ent=1.410
  T2: entropy=0.910 top1_conf=0.746 top2_gap=0.647 | expert_ent=0.876 nonexp_ent=1.356
  T3: entropy=0.903 top1_conf=0.748 top2_gap=0.650 | expert_ent=0.854 nonexp_ent=1.470
  T4: entropy=0.905 top1_conf=0.749 top2_gap=0.651 | expert_ent=0.861 nonexp_ent=1.484

===== α=100.0, seed=42 완료 =====
  teachers.pt       → /home/ssm-user/efs/eacs_results/teachers/alpha100.0_seed42/teachers.pt
  teacher_logits.pt → /home/ssm-user/efs/eacs_results/teachers/alpha100.0_seed42/teacher_logits.pt
  expertise.npz     → /home/ssm-user/efs/eacs_results/teachers/alpha100.0_seed42/expertise.npz
  metadata.json     → /home/ssm-user/efs/eacs_results/teachers/alpha100.0_seed42/metadata.json
/opt/pytorch/lib64/python3.13/site-packages/torch/cuda/__init__.py:65: FutureWarning: The pynvml package is deprecated. Please install nvidia-ml-py instead. If you did not install pynvml directly, please report this to the maintainers of the package that installed pynvml for you.
  import pynvml  # type: ignore[import]
/home/ssm-user/efs/eacs/train_teachers.py:84: FutureWarning: `torch.cuda.amp.GradScaler(args...)` is deprecated. Please use `torch.amp.GradScaler('cuda', args...)` instead.
  scaler = torch.cuda.amp.GradScaler() if use_amp else None

===== α=100.0, seed=123 =====
  Proxy:   10,000
  Client 0: 23,001장
  Client 1: 23,323장
  Client 2: 23,275장
  Client 3: 23,522장
  Client 4: 23,568장
  Loading parquet: /home/ssm-user/efs/workspace/extract_imagenet_100/data/imagenet100/train.parquet
  Loading parquet: /home/ssm-user/efs/workspace/extract_imagenet_100/data/imagenet100/validation.parquet

--- Teacher 0 학습 ---
/home/ssm-user/efs/eacs/common.py:364: FutureWarning: `torch.cuda.amp.autocast(args...)` is deprecated. Please use `torch.amp.autocast('cuda', args...)` instead.
  with torch.cuda.amp.autocast():
[teacher_k0_a100.0_s123] epoch   0 |    41.1s
  [T0] epoch   0 | tr_acc=0.0484 | val_acc=0.0530 | macro_f1=0.0299
[teacher_k0_a100.0_s123] epoch   1 |    31.3s
[teacher_k0_a100.0_s123] epoch   2 |    31.2s
[teacher_k0_a100.0_s123] epoch   3 |    31.2s
[teacher_k0_a100.0_s123] epoch   4 |    27.2s
[teacher_k0_a100.0_s123] epoch   5 |    27.2s
[teacher_k0_a100.0_s123] epoch   6 |    27.3s
[teacher_k0_a100.0_s123] epoch   7 |    27.3s
[teacher_k0_a100.0_s123] epoch   8 |    27.1s
[teacher_k0_a100.0_s123] epoch   9 |    27.2s
[teacher_k0_a100.0_s123] epoch  10 |    27.4s
  [T0] epoch  10 | tr_acc=0.3337 | val_acc=0.2654 | macro_f1=0.2567
[teacher_k0_a100.0_s123] epoch  11 |    27.3s
[teacher_k0_a100.0_s123] epoch  12 |    27.2s
[teacher_k0_a100.0_s123] epoch  13 |    27.2s
[teacher_k0_a100.0_s123] epoch  14 |    27.3s
[teacher_k0_a100.0_s123] epoch  15 |    27.2s
[teacher_k0_a100.0_s123] epoch  16 |    27.2s
[teacher_k0_a100.0_s123] epoch  17 |    27.4s
[teacher_k0_a100.0_s123] epoch  18 |    27.1s
[teacher_k0_a100.0_s123] epoch  19 |    27.1s
[teacher_k0_a100.0_s123] epoch  20 |    27.2s
  [T0] epoch  20 | tr_acc=0.4800 | val_acc=0.4268 | macro_f1=0.4107
[teacher_k0_a100.0_s123] epoch  21 |    27.2s
[teacher_k0_a100.0_s123] epoch  22 |    27.0s
[teacher_k0_a100.0_s123] epoch  23 |    27.1s
[teacher_k0_a100.0_s123] epoch  24 |    27.0s
[teacher_k0_a100.0_s123] epoch  25 |    27.2s
[teacher_k0_a100.0_s123] epoch  26 |    27.3s
[teacher_k0_a100.0_s123] epoch  27 |    27.0s
[teacher_k0_a100.0_s123] epoch  28 |    27.2s
[teacher_k0_a100.0_s123] epoch  29 |    27.3s
[teacher_k0_a100.0_s123] epoch  30 |    26.9s
  [T0] epoch  30 | tr_acc=0.5890 | val_acc=0.4960 | macro_f1=0.4898
[teacher_k0_a100.0_s123] epoch  31 |    27.3s
[teacher_k0_a100.0_s123] epoch  32 |    27.2s
[teacher_k0_a100.0_s123] epoch  33 |    27.1s
[teacher_k0_a100.0_s123] epoch  34 |    27.0s
[teacher_k0_a100.0_s123] epoch  35 |    27.2s
[teacher_k0_a100.0_s123] epoch  36 |    27.4s
[teacher_k0_a100.0_s123] epoch  37 |    27.0s
[teacher_k0_a100.0_s123] epoch  38 |    27.3s
[teacher_k0_a100.0_s123] epoch  39 |    27.2s
[teacher_k0_a100.0_s123] epoch  40 |    27.1s
  [T0] epoch  40 | tr_acc=0.7127 | val_acc=0.5844 | macro_f1=0.5828
[teacher_k0_a100.0_s123] epoch  41 |    27.2s
[teacher_k0_a100.0_s123] epoch  42 |    27.2s
[teacher_k0_a100.0_s123] epoch  43 |    27.2s
[teacher_k0_a100.0_s123] epoch  44 |    27.2s
[teacher_k0_a100.0_s123] epoch  45 |    27.1s
[teacher_k0_a100.0_s123] epoch  46 |    27.2s
[teacher_k0_a100.0_s123] epoch  47 |    27.2s
[teacher_k0_a100.0_s123] epoch  48 |    27.5s
[teacher_k0_a100.0_s123] epoch  49 |    27.3s
[teacher_k0_a100.0_s123] epoch  50 |    27.2s
  [T0] epoch  50 | tr_acc=0.8364 | val_acc=0.6484 | macro_f1=0.6463
[teacher_k0_a100.0_s123] epoch  51 |    27.1s
[teacher_k0_a100.0_s123] epoch  52 |    27.2s
[teacher_k0_a100.0_s123] epoch  53 |    27.1s
[teacher_k0_a100.0_s123] epoch  54 |    27.1s
[teacher_k0_a100.0_s123] epoch  55 |    27.4s
[teacher_k0_a100.0_s123] epoch  56 |    27.2s
[teacher_k0_a100.0_s123] epoch  57 |    27.1s
[teacher_k0_a100.0_s123] epoch  58 |    27.3s
[teacher_k0_a100.0_s123] epoch  59 |    27.2s
  [T0] epoch  59 | tr_acc=0.8788 | val_acc=0.6608 | macro_f1=0.6597
[teacher_k0_a100.0_s123] SUMMARY | n=60 total=1658s mean=27.6s (min=26.9, max=41.1)
[teacher_k0_a100.0_s123] SUMMARY | n=60 total=1658s mean=27.6s (min=26.9, max=41.1)

--- Teacher 1 학습 ---
[teacher_k1_a100.0_s123] epoch   0 |    27.4s
  [T1] epoch   0 | tr_acc=0.0461 | val_acc=0.0736 | macro_f1=0.0430
[teacher_k1_a100.0_s123] epoch   1 |    27.5s
[teacher_k1_a100.0_s123] epoch   2 |    27.6s
[teacher_k1_a100.0_s123] epoch   3 |    27.7s
[teacher_k1_a100.0_s123] epoch   4 |    27.7s
[teacher_k1_a100.0_s123] epoch   5 |    27.6s
[teacher_k1_a100.0_s123] epoch   6 |    27.6s
[teacher_k1_a100.0_s123] epoch   7 |    27.6s
[teacher_k1_a100.0_s123] epoch   8 |    27.5s
[teacher_k1_a100.0_s123] epoch   9 |    27.5s
[teacher_k1_a100.0_s123] epoch  10 |    27.7s
  [T1] epoch  10 | tr_acc=0.3265 | val_acc=0.2708 | macro_f1=0.2547
[teacher_k1_a100.0_s123] epoch  11 |    27.6s
[teacher_k1_a100.0_s123] epoch  12 |    27.5s
[teacher_k1_a100.0_s123] epoch  13 |    27.5s
[teacher_k1_a100.0_s123] epoch  14 |    27.6s
[teacher_k1_a100.0_s123] epoch  15 |    27.7s
[teacher_k1_a100.0_s123] epoch  16 |    27.6s
[teacher_k1_a100.0_s123] epoch  17 |    27.5s
[teacher_k1_a100.0_s123] epoch  18 |    27.6s
[teacher_k1_a100.0_s123] epoch  19 |    27.7s
[teacher_k1_a100.0_s123] epoch  20 |    27.7s
  [T1] epoch  20 | tr_acc=0.4637 | val_acc=0.4380 | macro_f1=0.4289
[teacher_k1_a100.0_s123] epoch  21 |    27.8s
[teacher_k1_a100.0_s123] epoch  22 |    27.7s
[teacher_k1_a100.0_s123] epoch  23 |    27.7s
[teacher_k1_a100.0_s123] epoch  24 |    27.7s
[teacher_k1_a100.0_s123] epoch  25 |    27.6s
[teacher_k1_a100.0_s123] epoch  26 |    27.4s
[teacher_k1_a100.0_s123] epoch  27 |    27.6s
[teacher_k1_a100.0_s123] epoch  28 |    27.7s
[teacher_k1_a100.0_s123] epoch  29 |    27.8s
[teacher_k1_a100.0_s123] epoch  30 |    27.6s
  [T1] epoch  30 | tr_acc=0.5739 | val_acc=0.4980 | macro_f1=0.4887
[teacher_k1_a100.0_s123] epoch  31 |    27.7s
[teacher_k1_a100.0_s123] epoch  32 |    27.6s
[teacher_k1_a100.0_s123] epoch  33 |    27.5s
[teacher_k1_a100.0_s123] epoch  34 |    27.6s
[teacher_k1_a100.0_s123] epoch  35 |    27.8s
[teacher_k1_a100.0_s123] epoch  36 |    27.7s
[teacher_k1_a100.0_s123] epoch  37 |    27.6s
[teacher_k1_a100.0_s123] epoch  38 |    27.5s
[teacher_k1_a100.0_s123] epoch  39 |    27.8s
[teacher_k1_a100.0_s123] epoch  40 |    27.6s
  [T1] epoch  40 | tr_acc=0.6994 | val_acc=0.5896 | macro_f1=0.5866
[teacher_k1_a100.0_s123] epoch  41 |    27.7s
[teacher_k1_a100.0_s123] epoch  42 |    28.0s
[teacher_k1_a100.0_s123] epoch  43 |    27.7s
[teacher_k1_a100.0_s123] epoch  44 |    27.6s
[teacher_k1_a100.0_s123] epoch  45 |    27.8s
[teacher_k1_a100.0_s123] epoch  46 |    27.6s
[teacher_k1_a100.0_s123] epoch  47 |    27.8s
[teacher_k1_a100.0_s123] epoch  48 |    27.7s
[teacher_k1_a100.0_s123] epoch  49 |    27.5s
[teacher_k1_a100.0_s123] epoch  50 |    27.7s
  [T1] epoch  50 | tr_acc=0.8286 | val_acc=0.6466 | macro_f1=0.6472
[teacher_k1_a100.0_s123] epoch  51 |    27.6s
[teacher_k1_a100.0_s123] epoch  52 |    27.4s
[teacher_k1_a100.0_s123] epoch  53 |    27.5s
[teacher_k1_a100.0_s123] epoch  54 |    27.4s
[teacher_k1_a100.0_s123] epoch  55 |    27.5s
[teacher_k1_a100.0_s123] epoch  56 |    27.6s
[teacher_k1_a100.0_s123] epoch  57 |    27.5s
[teacher_k1_a100.0_s123] epoch  58 |    27.4s
[teacher_k1_a100.0_s123] epoch  59 |    27.7s
  [T1] epoch  59 | tr_acc=0.8714 | val_acc=0.6692 | macro_f1=0.6677
[teacher_k1_a100.0_s123] SUMMARY | n=60 total=1657s mean=27.6s (min=27.4, max=28.0)
[teacher_k1_a100.0_s123] SUMMARY | n=60 total=1657s mean=27.6s (min=27.4, max=28.0)

--- Teacher 2 학습 ---
[teacher_k2_a100.0_s123] epoch   0 |    27.4s
  [T2] epoch   0 | tr_acc=0.0469 | val_acc=0.0690 | macro_f1=0.0377
[teacher_k2_a100.0_s123] epoch   1 |    27.6s
[teacher_k2_a100.0_s123] epoch   2 |    27.4s
[teacher_k2_a100.0_s123] epoch   3 |    27.5s
[teacher_k2_a100.0_s123] epoch   4 |    27.5s
[teacher_k2_a100.0_s123] epoch   5 |    27.3s
[teacher_k2_a100.0_s123] epoch   6 |    27.6s
[teacher_k2_a100.0_s123] epoch   7 |    27.5s
[teacher_k2_a100.0_s123] epoch   8 |    27.6s
[teacher_k2_a100.0_s123] epoch   9 |    27.5s
[teacher_k2_a100.0_s123] epoch  10 |    27.5s
  [T2] epoch  10 | tr_acc=0.3296 | val_acc=0.2856 | macro_f1=0.2665
[teacher_k2_a100.0_s123] epoch  11 |    27.7s
[teacher_k2_a100.0_s123] epoch  12 |    27.6s
[teacher_k2_a100.0_s123] epoch  13 |    27.7s
[teacher_k2_a100.0_s123] epoch  14 |    27.3s
[teacher_k2_a100.0_s123] epoch  15 |    27.4s
[teacher_k2_a100.0_s123] epoch  16 |    27.6s
[teacher_k2_a100.0_s123] epoch  17 |    27.4s
[teacher_k2_a100.0_s123] epoch  18 |    27.4s
[teacher_k2_a100.0_s123] epoch  19 |    27.6s
[teacher_k2_a100.0_s123] epoch  20 |    27.5s
  [T2] epoch  20 | tr_acc=0.4739 | val_acc=0.4602 | macro_f1=0.4566
[teacher_k2_a100.0_s123] epoch  21 |    27.6s
[teacher_k2_a100.0_s123] epoch  22 |    27.4s
[teacher_k2_a100.0_s123] epoch  23 |    27.5s
[teacher_k2_a100.0_s123] epoch  24 |    27.3s
[teacher_k2_a100.0_s123] epoch  25 |    27.6s
[teacher_k2_a100.0_s123] epoch  26 |    27.5s
[teacher_k2_a100.0_s123] epoch  27 |    27.3s
[teacher_k2_a100.0_s123] epoch  28 |    27.5s
[teacher_k2_a100.0_s123] epoch  29 |    27.5s
[teacher_k2_a100.0_s123] epoch  30 |    27.5s
  [T2] epoch  30 | tr_acc=0.5807 | val_acc=0.5092 | macro_f1=0.5076
[teacher_k2_a100.0_s123] epoch  31 |    27.8s
[teacher_k2_a100.0_s123] epoch  32 |    27.5s
[teacher_k2_a100.0_s123] epoch  33 |    27.5s
[teacher_k2_a100.0_s123] epoch  34 |    27.5s
[teacher_k2_a100.0_s123] epoch  35 |    27.7s
[teacher_k2_a100.0_s123] epoch  36 |    27.5s
[teacher_k2_a100.0_s123] epoch  37 |    27.6s
[teacher_k2_a100.0_s123] epoch  38 |    27.6s
[teacher_k2_a100.0_s123] epoch  39 |    27.4s
[teacher_k2_a100.0_s123] epoch  40 |    27.4s
  [T2] epoch  40 | tr_acc=0.7034 | val_acc=0.5920 | macro_f1=0.5901
[teacher_k2_a100.0_s123] epoch  41 |    27.7s
[teacher_k2_a100.0_s123] epoch  42 |    27.4s
[teacher_k2_a100.0_s123] epoch  43 |    27.5s
[teacher_k2_a100.0_s123] epoch  44 |    27.6s
[teacher_k2_a100.0_s123] epoch  45 |    27.6s
[teacher_k2_a100.0_s123] epoch  46 |    27.6s
[teacher_k2_a100.0_s123] epoch  47 |    27.6s
[teacher_k2_a100.0_s123] epoch  48 |    27.5s
[teacher_k2_a100.0_s123] epoch  49 |    27.5s
[teacher_k2_a100.0_s123] epoch  50 |    27.6s
  [T2] epoch  50 | tr_acc=0.8300 | val_acc=0.6518 | macro_f1=0.6522
[teacher_k2_a100.0_s123] epoch  51 |    27.8s
[teacher_k2_a100.0_s123] epoch  52 |    27.5s
[teacher_k2_a100.0_s123] epoch  53 |    27.6s
[teacher_k2_a100.0_s123] epoch  54 |    27.7s
[teacher_k2_a100.0_s123] epoch  55 |    27.8s
[teacher_k2_a100.0_s123] epoch  56 |    27.3s
[teacher_k2_a100.0_s123] epoch  57 |    27.6s
[teacher_k2_a100.0_s123] epoch  58 |    27.3s
[teacher_k2_a100.0_s123] epoch  59 |    27.5s
  [T2] epoch  59 | tr_acc=0.8754 | val_acc=0.6674 | macro_f1=0.6663
[teacher_k2_a100.0_s123] SUMMARY | n=60 total=1652s mean=27.5s (min=27.3, max=27.8)
[teacher_k2_a100.0_s123] SUMMARY | n=60 total=1652s mean=27.5s (min=27.3, max=27.8)

--- Teacher 3 학습 ---
[teacher_k3_a100.0_s123] epoch   0 |    27.5s
  [T3] epoch   0 | tr_acc=0.0503 | val_acc=0.0804 | macro_f1=0.0521
[teacher_k3_a100.0_s123] epoch   1 |    27.6s
[teacher_k3_a100.0_s123] epoch   2 |    27.9s
[teacher_k3_a100.0_s123] epoch   3 |    27.6s
[teacher_k3_a100.0_s123] epoch   4 |    27.7s
[teacher_k3_a100.0_s123] epoch   5 |    27.8s
[teacher_k3_a100.0_s123] epoch   6 |    27.6s
[teacher_k3_a100.0_s123] epoch   7 |    28.0s
[teacher_k3_a100.0_s123] epoch   8 |    27.7s
[teacher_k3_a100.0_s123] epoch   9 |    27.6s
[teacher_k3_a100.0_s123] epoch  10 |    27.7s
  [T3] epoch  10 | tr_acc=0.3374 | val_acc=0.3248 | macro_f1=0.3092
[teacher_k3_a100.0_s123] epoch  11 |    27.8s
[teacher_k3_a100.0_s123] epoch  12 |    27.9s
[teacher_k3_a100.0_s123] epoch  13 |    27.6s
[teacher_k3_a100.0_s123] epoch  14 |    27.6s
[teacher_k3_a100.0_s123] epoch  15 |    27.7s
[teacher_k3_a100.0_s123] epoch  16 |    27.6s
[teacher_k3_a100.0_s123] epoch  17 |    27.7s
[teacher_k3_a100.0_s123] epoch  18 |    27.7s
[teacher_k3_a100.0_s123] epoch  19 |    27.6s
[teacher_k3_a100.0_s123] epoch  20 |    27.6s
  [T3] epoch  20 | tr_acc=0.4858 | val_acc=0.4366 | macro_f1=0.4266
[teacher_k3_a100.0_s123] epoch  21 |    27.9s
[teacher_k3_a100.0_s123] epoch  22 |    27.6s
[teacher_k3_a100.0_s123] epoch  23 |    27.9s
[teacher_k3_a100.0_s123] epoch  24 |    27.7s
[teacher_k3_a100.0_s123] epoch  25 |    27.5s
[teacher_k3_a100.0_s123] epoch  26 |    27.9s
[teacher_k3_a100.0_s123] epoch  27 |    27.9s
[teacher_k3_a100.0_s123] epoch  28 |    27.6s
[teacher_k3_a100.0_s123] epoch  29 |    28.0s
[teacher_k3_a100.0_s123] epoch  30 |    27.7s
  [T3] epoch  30 | tr_acc=0.5933 | val_acc=0.5088 | macro_f1=0.5020
[teacher_k3_a100.0_s123] epoch  31 |    27.6s
[teacher_k3_a100.0_s123] epoch  32 |    28.0s
[teacher_k3_a100.0_s123] epoch  33 |    27.7s
[teacher_k3_a100.0_s123] epoch  34 |    27.6s
[teacher_k3_a100.0_s123] epoch  35 |    27.9s
[teacher_k3_a100.0_s123] epoch  36 |    27.9s
[teacher_k3_a100.0_s123] epoch  37 |    27.8s
[teacher_k3_a100.0_s123] epoch  38 |    27.7s
[teacher_k3_a100.0_s123] epoch  39 |    27.7s
[teacher_k3_a100.0_s123] epoch  40 |    27.7s
  [T3] epoch  40 | tr_acc=0.7061 | val_acc=0.5992 | macro_f1=0.5968
[teacher_k3_a100.0_s123] epoch  41 |    27.5s
[teacher_k3_a100.0_s123] epoch  42 |    27.6s
[teacher_k3_a100.0_s123] epoch  43 |    27.7s
[teacher_k3_a100.0_s123] epoch  44 |    27.6s
[teacher_k3_a100.0_s123] epoch  45 |    27.6s
[teacher_k3_a100.0_s123] epoch  46 |    27.7s
[teacher_k3_a100.0_s123] epoch  47 |    27.8s
[teacher_k3_a100.0_s123] epoch  48 |    27.8s
[teacher_k3_a100.0_s123] epoch  49 |    27.8s
[teacher_k3_a100.0_s123] epoch  50 |    27.9s
  [T3] epoch  50 | tr_acc=0.8361 | val_acc=0.6540 | macro_f1=0.6509
[teacher_k3_a100.0_s123] epoch  51 |    27.8s
[teacher_k3_a100.0_s123] epoch  52 |    27.8s
[teacher_k3_a100.0_s123] epoch  53 |    27.8s
[teacher_k3_a100.0_s123] epoch  54 |    27.7s
[teacher_k3_a100.0_s123] epoch  55 |    27.6s
[teacher_k3_a100.0_s123] epoch  56 |    27.6s
[teacher_k3_a100.0_s123] epoch  57 |    27.9s
[teacher_k3_a100.0_s123] epoch  58 |    27.8s
[teacher_k3_a100.0_s123] epoch  59 |    27.8s
  [T3] epoch  59 | tr_acc=0.8798 | val_acc=0.6752 | macro_f1=0.6726
[teacher_k3_a100.0_s123] SUMMARY | n=60 total=1663s mean=27.7s (min=27.5, max=28.0)
[teacher_k3_a100.0_s123] SUMMARY | n=60 total=1663s mean=27.7s (min=27.5, max=28.0)

--- Teacher 4 학습 ---
[teacher_k4_a100.0_s123] epoch   0 |    28.3s
  [T4] epoch   0 | tr_acc=0.0479 | val_acc=0.0610 | macro_f1=0.0396
[teacher_k4_a100.0_s123] epoch   1 |    28.0s
[teacher_k4_a100.0_s123] epoch   2 |    28.1s
[teacher_k4_a100.0_s123] epoch   3 |    28.2s
[teacher_k4_a100.0_s123] epoch   4 |    28.0s
[teacher_k4_a100.0_s123] epoch   5 |    28.0s
[teacher_k4_a100.0_s123] epoch   6 |    28.1s
[teacher_k4_a100.0_s123] epoch   7 |    28.2s
[teacher_k4_a100.0_s123] epoch   8 |    28.1s
[teacher_k4_a100.0_s123] epoch   9 |    28.1s
[teacher_k4_a100.0_s123] epoch  10 |    28.1s
  [T4] epoch  10 | tr_acc=0.3459 | val_acc=0.3170 | macro_f1=0.3005
[teacher_k4_a100.0_s123] epoch  11 |    28.1s
[teacher_k4_a100.0_s123] epoch  12 |    28.0s
[teacher_k4_a100.0_s123] epoch  13 |    28.2s
[teacher_k4_a100.0_s123] epoch  14 |    28.2s
[teacher_k4_a100.0_s123] epoch  15 |    28.1s
[teacher_k4_a100.0_s123] epoch  16 |    28.0s
[teacher_k4_a100.0_s123] epoch  17 |    28.0s
[teacher_k4_a100.0_s123] epoch  18 |    28.2s
[teacher_k4_a100.0_s123] epoch  19 |    28.0s
[teacher_k4_a100.0_s123] epoch  20 |    28.0s
  [T4] epoch  20 | tr_acc=0.4865 | val_acc=0.4462 | macro_f1=0.4350
[teacher_k4_a100.0_s123] epoch  21 |    28.3s
[teacher_k4_a100.0_s123] epoch  22 |    28.1s
[teacher_k4_a100.0_s123] epoch  23 |    28.1s
[teacher_k4_a100.0_s123] epoch  24 |    28.2s
[teacher_k4_a100.0_s123] epoch  25 |    28.0s
[teacher_k4_a100.0_s123] epoch  26 |    27.9s
[teacher_k4_a100.0_s123] epoch  27 |    28.1s
[teacher_k4_a100.0_s123] epoch  28 |    28.1s
[teacher_k4_a100.0_s123] epoch  29 |    28.2s
[teacher_k4_a100.0_s123] epoch  30 |    27.9s
  [T4] epoch  30 | tr_acc=0.5933 | val_acc=0.5040 | macro_f1=0.5051
[teacher_k4_a100.0_s123] epoch  31 |    28.2s
[teacher_k4_a100.0_s123] epoch  32 |    28.1s
[teacher_k4_a100.0_s123] epoch  33 |    27.8s
[teacher_k4_a100.0_s123] epoch  34 |    28.1s
[teacher_k4_a100.0_s123] epoch  35 |    28.0s
[teacher_k4_a100.0_s123] epoch  36 |    27.8s
[teacher_k4_a100.0_s123] epoch  37 |    27.9s
[teacher_k4_a100.0_s123] epoch  38 |    28.1s
[teacher_k4_a100.0_s123] epoch  39 |    28.1s
[teacher_k4_a100.0_s123] epoch  40 |    28.2s
  [T4] epoch  40 | tr_acc=0.7119 | val_acc=0.5832 | macro_f1=0.5780
[teacher_k4_a100.0_s123] epoch  41 |    28.1s
[teacher_k4_a100.0_s123] epoch  42 |    28.1s
[teacher_k4_a100.0_s123] epoch  43 |    27.9s
[teacher_k4_a100.0_s123] epoch  44 |    28.0s
[teacher_k4_a100.0_s123] epoch  45 |    28.0s
[teacher_k4_a100.0_s123] epoch  46 |    28.0s
[teacher_k4_a100.0_s123] epoch  47 |    28.1s
[teacher_k4_a100.0_s123] epoch  48 |    28.2s
[teacher_k4_a100.0_s123] epoch  49 |    28.1s
[teacher_k4_a100.0_s123] epoch  50 |    28.0s
  [T4] epoch  50 | tr_acc=0.8367 | val_acc=0.6534 | macro_f1=0.6516
[teacher_k4_a100.0_s123] epoch  51 |    28.1s
[teacher_k4_a100.0_s123] epoch  52 |    28.0s
[teacher_k4_a100.0_s123] epoch  53 |    28.0s
[teacher_k4_a100.0_s123] epoch  54 |    28.0s
[teacher_k4_a100.0_s123] epoch  55 |    28.4s
[teacher_k4_a100.0_s123] epoch  56 |    28.1s
[teacher_k4_a100.0_s123] epoch  57 |    28.0s
[teacher_k4_a100.0_s123] epoch  58 |    28.0s
[teacher_k4_a100.0_s123] epoch  59 |    28.0s
  [T4] epoch  59 | tr_acc=0.8819 | val_acc=0.6728 | macro_f1=0.6717
[teacher_k4_a100.0_s123] SUMMARY | n=60 total=1684s mean=28.1s (min=27.8, max=28.4)
[teacher_k4_a100.0_s123] SUMMARY | n=60 total=1684s mean=28.1s (min=27.8, max=28.4)

--- Proxy logit 수집 (Teachers → proxy) ---
  T0: logits shape=(10000, 100), top-1 on proxy=0.7022
  T1: logits shape=(10000, 100), top-1 on proxy=0.6994
  T2: logits shape=(10000, 100), top-1 on proxy=0.6934
  T3: logits shape=(10000, 100), top-1 on proxy=0.6962
  T4: logits shape=(10000, 100), top-1 on proxy=0.6957

--- Expertise Matrix 계산 ---
  Teacher      F1>0.5    best F1    mean F1  proxy acc
  -------------------------------------------------------
  T0            93개      95.4%     70.2%      70.2%
  T1            92개      91.8%     69.9%      69.9%
  T2            92개      92.6%     69.2%      69.3%
  T3            92개      94.1%     69.5%      69.6%
  T4            91개      93.3%     69.6%      69.6%

  커버리지 (F1>0.3인 Teacher 수):
    전문가 0명: 0개 클래스
    전문가 1명: 0개 클래스
    전문가 2명+: 100개 클래스

--- Logit Quality 지표 (Layer 2) ---
  T0: entropy=0.897 top1_conf=0.750 top2_gap=0.651 | expert_ent=0.856 nonexp_ent=1.445
  T1: entropy=0.912 top1_conf=0.746 top2_gap=0.648 | expert_ent=0.874 nonexp_ent=1.356
  T2: entropy=0.900 top1_conf=0.750 top2_gap=0.652 | expert_ent=0.851 nonexp_ent=1.467
  T3: entropy=0.888 top1_conf=0.753 top2_gap=0.657 | expert_ent=0.840 nonexp_ent=1.450
  T4: entropy=0.902 top1_conf=0.749 top2_gap=0.651 | expert_ent=0.849 nonexp_ent=1.442

===== α=100.0, seed=123 완료 =====
  teachers.pt       → /home/ssm-user/efs/eacs_results/teachers/alpha100.0_seed123/teachers.pt
  teacher_logits.pt → /home/ssm-user/efs/eacs_results/teachers/alpha100.0_seed123/teacher_logits.pt
  expertise.npz     → /home/ssm-user/efs/eacs_results/teachers/alpha100.0_seed123/expertise.npz
  metadata.json     → /home/ssm-user/efs/eacs_results/teachers/alpha100.0_seed123/metadata.json
/opt/pytorch/lib64/python3.13/site-packages/torch/cuda/__init__.py:65: FutureWarning: The pynvml package is deprecated. Please install nvidia-ml-py instead. If you did not install pynvml directly, please report this to the maintainers of the package that installed pynvml for you.
  import pynvml  # type: ignore[import]
/home/ssm-user/efs/eacs/run_kd.py:141: FutureWarning: `torch.cuda.amp.GradScaler(args...)` is deprecated. Please use `torch.amp.GradScaler('cuda', args...)` instead.
  scaler = torch.cuda.amp.GradScaler() if use_amp else None

===== α=100.0, seed=42, weighting=uniform =====
  Fused logit shape: (10000, 100)
  클래스당 기여 Teacher 수 분포: min=5, max=5, mean=5.00
  Loading parquet: /home/ssm-user/efs/workspace/extract_imagenet_100/data/imagenet100/train.parquet
  Loading parquet: /home/ssm-user/efs/workspace/extract_imagenet_100/data/imagenet100/validation.parquet
/home/ssm-user/efs/eacs/run_kd.py:166: FutureWarning: `torch.cuda.amp.autocast(args...)` is deprecated. Please use `torch.amp.autocast('cuda', args...)` instead.
  with torch.cuda.amp.autocast():
[kd_a100.0_s42_uniform] epoch   0 |    25.4s
  [kd_a100.0_s42_uniform] epoch   0 | loss=6.798 (ce=4.505, kd=9.091) | tr_acc=0.0408 | val_acc=0.0414
[kd_a100.0_s42_uniform] epoch   1 |    15.2s
[kd_a100.0_s42_uniform] epoch   2 |    15.4s
  [kd_a100.0_s42_uniform] epoch   2 | loss=5.774 (ce=3.921, kd=7.628) | tr_acc=0.1041 | val_acc=0.1114
[kd_a100.0_s42_uniform] epoch   3 |    14.7s
[kd_a100.0_s42_uniform] epoch   4 |    13.2s
  [kd_a100.0_s42_uniform] epoch   4 | loss=5.232 (ce=3.634, kd=6.830) | tr_acc=0.1532 | val_acc=0.1308
[kd_a100.0_s42_uniform] epoch   5 |    13.3s
[kd_a100.0_s42_uniform] epoch   6 |    13.2s
  [kd_a100.0_s42_uniform] epoch   6 | loss=4.799 (ce=3.386, kd=6.212) | tr_acc=0.1942 | val_acc=0.1496
[kd_a100.0_s42_uniform] epoch   7 |    13.3s
[kd_a100.0_s42_uniform] epoch   8 |    13.2s
  [kd_a100.0_s42_uniform] epoch   8 | loss=4.436 (ce=3.189, kd=5.683) | tr_acc=0.2387 | val_acc=0.2230
[kd_a100.0_s42_uniform] epoch   9 |    13.2s
[kd_a100.0_s42_uniform] epoch  10 |    13.2s
  [kd_a100.0_s42_uniform] epoch  10 | loss=4.120 (ce=3.018, kd=5.221) | tr_acc=0.2823 | val_acc=0.2408
[kd_a100.0_s42_uniform] epoch  11 |    13.2s
[kd_a100.0_s42_uniform] epoch  12 |    13.2s
  [kd_a100.0_s42_uniform] epoch  12 | loss=3.788 (ce=2.840, kd=4.736) | tr_acc=0.3116 | val_acc=0.2930
[kd_a100.0_s42_uniform] epoch  13 |    13.2s
[kd_a100.0_s42_uniform] epoch  14 |    13.1s
  [kd_a100.0_s42_uniform] epoch  14 | loss=3.567 (ce=2.698, kd=4.436) | tr_acc=0.3376 | val_acc=0.2390
[kd_a100.0_s42_uniform] epoch  15 |    13.2s
[kd_a100.0_s42_uniform] epoch  16 |    13.1s
  [kd_a100.0_s42_uniform] epoch  16 | loss=3.299 (ce=2.549, kd=4.049) | tr_acc=0.3714 | val_acc=0.3090
[kd_a100.0_s42_uniform] epoch  17 |    13.4s
[kd_a100.0_s42_uniform] epoch  18 |    13.4s
  [kd_a100.0_s42_uniform] epoch  18 | loss=3.049 (ce=2.398, kd=3.700) | tr_acc=0.4056 | val_acc=0.3430
[kd_a100.0_s42_uniform] epoch  19 |    13.1s
[kd_a100.0_s42_uniform] epoch  20 |    13.1s
  [kd_a100.0_s42_uniform] epoch  20 | loss=2.846 (ce=2.278, kd=3.413) | tr_acc=0.4274 | val_acc=0.3770
[kd_a100.0_s42_uniform] epoch  21 |    13.3s
[kd_a100.0_s42_uniform] epoch  22 |    13.3s
  [kd_a100.0_s42_uniform] epoch  22 | loss=2.713 (ce=2.181, kd=3.244) | tr_acc=0.4482 | val_acc=0.3602
[kd_a100.0_s42_uniform] epoch  23 |    13.3s
[kd_a100.0_s42_uniform] epoch  24 |    13.5s
  [kd_a100.0_s42_uniform] epoch  24 | loss=2.544 (ce=2.055, kd=3.033) | tr_acc=0.4742 | val_acc=0.3968
[kd_a100.0_s42_uniform] epoch  25 |    13.2s
[kd_a100.0_s42_uniform] epoch  26 |    13.1s
  [kd_a100.0_s42_uniform] epoch  26 | loss=2.428 (ce=1.990, kd=2.867) | tr_acc=0.4900 | val_acc=0.4260
[kd_a100.0_s42_uniform] epoch  27 |    13.2s
[kd_a100.0_s42_uniform] epoch  28 |    13.1s
  [kd_a100.0_s42_uniform] epoch  28 | loss=2.297 (ce=1.869, kd=2.726) | tr_acc=0.5157 | val_acc=0.4428
[kd_a100.0_s42_uniform] epoch  29 |    13.2s
[kd_a100.0_s42_uniform] epoch  30 |    13.2s
  [kd_a100.0_s42_uniform] epoch  30 | loss=2.166 (ce=1.781, kd=2.551) | tr_acc=0.5445 | val_acc=0.4458
[kd_a100.0_s42_uniform] epoch  31 |    13.3s
[kd_a100.0_s42_uniform] epoch  32 |    13.3s
  [kd_a100.0_s42_uniform] epoch  32 | loss=2.063 (ce=1.704, kd=2.421) | tr_acc=0.5531 | val_acc=0.4788
[kd_a100.0_s42_uniform] epoch  33 |    13.3s
[kd_a100.0_s42_uniform] epoch  34 |    13.2s
  [kd_a100.0_s42_uniform] epoch  34 | loss=1.968 (ce=1.624, kd=2.312) | tr_acc=0.5769 | val_acc=0.4776
[kd_a100.0_s42_uniform] epoch  35 |    13.3s
[kd_a100.0_s42_uniform] epoch  36 |    13.1s
  [kd_a100.0_s42_uniform] epoch  36 | loss=1.879 (ce=1.543, kd=2.215) | tr_acc=0.5920 | val_acc=0.4840
[kd_a100.0_s42_uniform] epoch  37 |    13.3s
[kd_a100.0_s42_uniform] epoch  38 |    13.3s
  [kd_a100.0_s42_uniform] epoch  38 | loss=1.789 (ce=1.459, kd=2.119) | tr_acc=0.6171 | val_acc=0.4992
[kd_a100.0_s42_uniform] epoch  39 |    13.2s
[kd_a100.0_s42_uniform] epoch  40 |    13.3s
  [kd_a100.0_s42_uniform] epoch  40 | loss=1.737 (ce=1.410, kd=2.064) | tr_acc=0.6294 | val_acc=0.5020
[kd_a100.0_s42_uniform] epoch  41 |    13.2s
[kd_a100.0_s42_uniform] epoch  42 |    13.2s
  [kd_a100.0_s42_uniform] epoch  42 | loss=1.670 (ce=1.352, kd=1.987) | tr_acc=0.6410 | val_acc=0.5144
[kd_a100.0_s42_uniform] epoch  43 |    13.3s
[kd_a100.0_s42_uniform] epoch  44 |    13.1s
  [kd_a100.0_s42_uniform] epoch  44 | loss=1.584 (ce=1.290, kd=1.877) | tr_acc=0.6550 | val_acc=0.5298
[kd_a100.0_s42_uniform] epoch  45 |    13.1s
[kd_a100.0_s42_uniform] epoch  46 |    13.2s
  [kd_a100.0_s42_uniform] epoch  46 | loss=1.507 (ce=1.215, kd=1.799) | tr_acc=0.6802 | val_acc=0.5474
[kd_a100.0_s42_uniform] epoch  47 |    13.1s
[kd_a100.0_s42_uniform] epoch  48 |    13.2s
  [kd_a100.0_s42_uniform] epoch  48 | loss=1.449 (ce=1.130, kd=1.769) | tr_acc=0.6955 | val_acc=0.5474
[kd_a100.0_s42_uniform] epoch  49 |    13.4s
[kd_a100.0_s42_uniform] epoch  50 |    13.1s
  [kd_a100.0_s42_uniform] epoch  50 | loss=1.397 (ce=1.093, kd=1.700) | tr_acc=0.7088 | val_acc=0.5564
[kd_a100.0_s42_uniform] epoch  51 |    13.3s
[kd_a100.0_s42_uniform] epoch  52 |    13.3s
  [kd_a100.0_s42_uniform] epoch  52 | loss=1.356 (ce=1.035, kd=1.676) | tr_acc=0.7258 | val_acc=0.5634
[kd_a100.0_s42_uniform] epoch  53 |    13.3s
[kd_a100.0_s42_uniform] epoch  54 |    13.2s
  [kd_a100.0_s42_uniform] epoch  54 | loss=1.317 (ce=0.988, kd=1.645) | tr_acc=0.7370 | val_acc=0.5688
[kd_a100.0_s42_uniform] epoch  55 |    13.4s
[kd_a100.0_s42_uniform] epoch  56 |    13.2s
  [kd_a100.0_s42_uniform] epoch  56 | loss=1.221 (ce=0.924, kd=1.518) | tr_acc=0.7564 | val_acc=0.5756
[kd_a100.0_s42_uniform] epoch  57 |    13.4s
[kd_a100.0_s42_uniform] epoch  58 |    13.2s
  [kd_a100.0_s42_uniform] epoch  58 | loss=1.206 (ce=0.899, kd=1.512) | tr_acc=0.7668 | val_acc=0.5758
[kd_a100.0_s42_uniform] epoch  59 |    13.1s
[kd_a100.0_s42_uniform] epoch  60 |    13.4s
  [kd_a100.0_s42_uniform] epoch  60 | loss=1.144 (ce=0.843, kd=1.445) | tr_acc=0.7755 | val_acc=0.5928
[kd_a100.0_s42_uniform] epoch  61 |    13.3s
[kd_a100.0_s42_uniform] epoch  62 |    13.2s
  [kd_a100.0_s42_uniform] epoch  62 | loss=1.116 (ce=0.803, kd=1.429) | tr_acc=0.7917 | val_acc=0.5932
[kd_a100.0_s42_uniform] epoch  63 |    13.1s
[kd_a100.0_s42_uniform] epoch  64 |    13.4s
  [kd_a100.0_s42_uniform] epoch  64 | loss=1.047 (ce=0.735, kd=1.359) | tr_acc=0.8092 | val_acc=0.6048
[kd_a100.0_s42_uniform] epoch  65 |    13.3s
[kd_a100.0_s42_uniform] epoch  66 |    13.2s
  [kd_a100.0_s42_uniform] epoch  66 | loss=1.027 (ce=0.720, kd=1.335) | tr_acc=0.8215 | val_acc=0.6016
[kd_a100.0_s42_uniform] epoch  67 |    13.2s
[kd_a100.0_s42_uniform] epoch  68 |    13.3s
  [kd_a100.0_s42_uniform] epoch  68 | loss=0.990 (ce=0.692, kd=1.287) | tr_acc=0.8199 | val_acc=0.6068
[kd_a100.0_s42_uniform] epoch  69 |    13.2s
[kd_a100.0_s42_uniform] epoch  70 |    13.2s
  [kd_a100.0_s42_uniform] epoch  70 | loss=0.974 (ce=0.669, kd=1.278) | tr_acc=0.8342 | val_acc=0.6084
[kd_a100.0_s42_uniform] epoch  71 |    13.3s
  [kd_a100.0_s42_uniform] epoch  71 | loss=0.972 (ce=0.681, kd=1.263) | tr_acc=0.8322 | val_acc=0.6126
[kd_a100.0_s42_uniform] epoch  72 |    13.4s
  [kd_a100.0_s42_uniform] epoch  72 | loss=0.952 (ce=0.665, kd=1.240) | tr_acc=0.8367 | val_acc=0.6158
[kd_a100.0_s42_uniform] epoch  73 |    13.3s
  [kd_a100.0_s42_uniform] epoch  73 | loss=0.943 (ce=0.653, kd=1.232) | tr_acc=0.8392 | val_acc=0.6150
[kd_a100.0_s42_uniform] epoch  74 |    13.1s
  [kd_a100.0_s42_uniform] epoch  74 | loss=0.963 (ce=0.653, kd=1.273) | tr_acc=0.8379 | val_acc=0.6164
[kd_a100.0_s42_uniform] epoch  75 |    13.3s
  [kd_a100.0_s42_uniform] epoch  75 | loss=0.944 (ce=0.638, kd=1.250) | tr_acc=0.8436 | val_acc=0.6164
[kd_a100.0_s42_uniform] epoch  76 |    13.5s
  [kd_a100.0_s42_uniform] epoch  76 | loss=0.934 (ce=0.632, kd=1.236) | tr_acc=0.8445 | val_acc=0.6136
[kd_a100.0_s42_uniform] epoch  77 |    13.4s
  [kd_a100.0_s42_uniform] epoch  77 | loss=0.935 (ce=0.636, kd=1.234) | tr_acc=0.8427 | val_acc=0.6156
[kd_a100.0_s42_uniform] epoch  78 |    13.2s
  [kd_a100.0_s42_uniform] epoch  78 | loss=0.928 (ce=0.641, kd=1.216) | tr_acc=0.8424 | val_acc=0.6142
[kd_a100.0_s42_uniform] epoch  79 |    13.3s
  [kd_a100.0_s42_uniform] epoch  79 | loss=0.904 (ce=0.628, kd=1.180) | tr_acc=0.8476 | val_acc=0.6166
[kd_a100.0_s42_uniform] SUMMARY | n=80 total=1077s mean=13.5s (min=13.1, max=25.4)
[kd_a100.0_s42_uniform] SUMMARY | n=80 total=1077s mean=13.5s (min=13.1, max=25.4)

  Lower=0.5212, Upper=0.8448, Gap=0.3236
  Student=0.6166 → Gap Recovery = 29.5%

===== DONE =====
  Final acc    : 0.6166
  Best epoch   : 79
  Gap Recovery : 29.5%
  saved        → /home/ssm-user/efs/eacs_results/kd_runs/alpha100.0_seed42_uniform
/opt/pytorch/lib64/python3.13/site-packages/torch/cuda/__init__.py:65: FutureWarning: The pynvml package is deprecated. Please install nvidia-ml-py instead. If you did not install pynvml directly, please report this to the maintainers of the package that installed pynvml for you.
  import pynvml  # type: ignore[import]
/home/ssm-user/efs/eacs/run_kd.py:141: FutureWarning: `torch.cuda.amp.GradScaler(args...)` is deprecated. Please use `torch.amp.GradScaler('cuda', args...)` instead.
  scaler = torch.cuda.amp.GradScaler() if use_amp else None

===== α=100.0, seed=42, weighting=top_1 =====
  Fused logit shape: (10000, 100)
  클래스당 기여 Teacher 수 분포: min=1, max=1, mean=1.00
  Loading parquet: /home/ssm-user/efs/workspace/extract_imagenet_100/data/imagenet100/train.parquet
  Loading parquet: /home/ssm-user/efs/workspace/extract_imagenet_100/data/imagenet100/validation.parquet
/home/ssm-user/efs/eacs/run_kd.py:166: FutureWarning: `torch.cuda.amp.autocast(args...)` is deprecated. Please use `torch.amp.autocast('cuda', args...)` instead.
  with torch.cuda.amp.autocast():
[kd_a100.0_s42_top_1] epoch   0 |    24.8s
  [kd_a100.0_s42_top_1] epoch   0 | loss=7.311 (ce=4.502, kd=10.120) | tr_acc=0.0433 | val_acc=0.0552
[kd_a100.0_s42_top_1] epoch   1 |    15.2s
[kd_a100.0_s42_top_1] epoch   2 |    15.3s
  [kd_a100.0_s42_top_1] epoch   2 | loss=6.345 (ce=3.954, kd=8.736) | tr_acc=0.1015 | val_acc=0.0910
[kd_a100.0_s42_top_1] epoch   3 |    13.6s
[kd_a100.0_s42_top_1] epoch   4 |    13.1s
  [kd_a100.0_s42_top_1] epoch   4 | loss=5.827 (ce=3.687, kd=7.968) | tr_acc=0.1457 | val_acc=0.1300
[kd_a100.0_s42_top_1] epoch   5 |    13.1s
[kd_a100.0_s42_top_1] epoch   6 |    13.2s
  [kd_a100.0_s42_top_1] epoch   6 | loss=5.363 (ce=3.433, kd=7.293) | tr_acc=0.1917 | val_acc=0.1476
[kd_a100.0_s42_top_1] epoch   7 |    13.3s
[kd_a100.0_s42_top_1] epoch   8 |    13.3s
  [kd_a100.0_s42_top_1] epoch   8 | loss=5.021 (ce=3.256, kd=6.785) | tr_acc=0.2258 | val_acc=0.2046
[kd_a100.0_s42_top_1] epoch   9 |    13.1s
[kd_a100.0_s42_top_1] epoch  10 |    13.1s
  [kd_a100.0_s42_top_1] epoch  10 | loss=4.659 (ce=3.051, kd=6.267) | tr_acc=0.2682 | val_acc=0.2436
[kd_a100.0_s42_top_1] epoch  11 |    13.1s
[kd_a100.0_s42_top_1] epoch  12 |    13.2s
  [kd_a100.0_s42_top_1] epoch  12 | loss=4.350 (ce=2.888, kd=5.812) | tr_acc=0.3013 | val_acc=0.2642
[kd_a100.0_s42_top_1] epoch  13 |    13.1s
[kd_a100.0_s42_top_1] epoch  14 |    13.1s
  [kd_a100.0_s42_top_1] epoch  14 | loss=4.106 (ce=2.761, kd=5.451) | tr_acc=0.3249 | val_acc=0.2704
[kd_a100.0_s42_top_1] epoch  15 |    13.2s
[kd_a100.0_s42_top_1] epoch  16 |    13.2s
  [kd_a100.0_s42_top_1] epoch  16 | loss=3.823 (ce=2.593, kd=5.052) | tr_acc=0.3651 | val_acc=0.2518
[kd_a100.0_s42_top_1] epoch  17 |    13.2s
[kd_a100.0_s42_top_1] epoch  18 |    13.0s
  [kd_a100.0_s42_top_1] epoch  18 | loss=3.604 (ce=2.464, kd=4.744) | tr_acc=0.3922 | val_acc=0.3372
[kd_a100.0_s42_top_1] epoch  19 |    13.3s
[kd_a100.0_s42_top_1] epoch  20 |    13.3s
  [kd_a100.0_s42_top_1] epoch  20 | loss=3.361 (ce=2.335, kd=4.387) | tr_acc=0.4174 | val_acc=0.2954
[kd_a100.0_s42_top_1] epoch  21 |    13.2s
[kd_a100.0_s42_top_1] epoch  22 |    13.2s
  [kd_a100.0_s42_top_1] epoch  22 | loss=3.211 (ce=2.230, kd=4.192) | tr_acc=0.4396 | val_acc=0.3766
[kd_a100.0_s42_top_1] epoch  23 |    13.2s
[kd_a100.0_s42_top_1] epoch  24 |    13.1s
  [kd_a100.0_s42_top_1] epoch  24 | loss=3.036 (ce=2.115, kd=3.957) | tr_acc=0.4645 | val_acc=0.3910
[kd_a100.0_s42_top_1] epoch  25 |    13.1s
[kd_a100.0_s42_top_1] epoch  26 |    13.1s
  [kd_a100.0_s42_top_1] epoch  26 | loss=2.893 (ce=2.027, kd=3.759) | tr_acc=0.4812 | val_acc=0.4004
[kd_a100.0_s42_top_1] epoch  27 |    13.3s
[kd_a100.0_s42_top_1] epoch  28 |    13.2s
  [kd_a100.0_s42_top_1] epoch  28 | loss=2.760 (ce=1.917, kd=3.602) | tr_acc=0.5039 | val_acc=0.4372
[kd_a100.0_s42_top_1] epoch  29 |    13.1s
[kd_a100.0_s42_top_1] epoch  30 |    13.2s
  [kd_a100.0_s42_top_1] epoch  30 | loss=2.615 (ce=1.836, kd=3.395) | tr_acc=0.5249 | val_acc=0.4462
[kd_a100.0_s42_top_1] epoch  31 |    13.2s
[kd_a100.0_s42_top_1] epoch  32 |    13.1s
  [kd_a100.0_s42_top_1] epoch  32 | loss=2.520 (ce=1.763, kd=3.277) | tr_acc=0.5394 | val_acc=0.4590
[kd_a100.0_s42_top_1] epoch  33 |    13.3s
[kd_a100.0_s42_top_1] epoch  34 |    13.4s
  [kd_a100.0_s42_top_1] epoch  34 | loss=2.396 (ce=1.667, kd=3.124) | tr_acc=0.5654 | val_acc=0.4776
[kd_a100.0_s42_top_1] epoch  35 |    13.4s
[kd_a100.0_s42_top_1] epoch  36 |    13.1s
  [kd_a100.0_s42_top_1] epoch  36 | loss=2.276 (ce=1.567, kd=2.986) | tr_acc=0.5865 | val_acc=0.4642
[kd_a100.0_s42_top_1] epoch  37 |    13.3s
[kd_a100.0_s42_top_1] epoch  38 |    13.1s
  [kd_a100.0_s42_top_1] epoch  38 | loss=2.217 (ce=1.520, kd=2.915) | tr_acc=0.5956 | val_acc=0.4982
[kd_a100.0_s42_top_1] epoch  39 |    13.1s
[kd_a100.0_s42_top_1] epoch  40 |    13.3s
  [kd_a100.0_s42_top_1] epoch  40 | loss=2.134 (ce=1.442, kd=2.826) | tr_acc=0.6141 | val_acc=0.5116
[kd_a100.0_s42_top_1] epoch  41 |    13.2s
[kd_a100.0_s42_top_1] epoch  42 |    13.2s
  [kd_a100.0_s42_top_1] epoch  42 | loss=2.072 (ce=1.391, kd=2.753) | tr_acc=0.6275 | val_acc=0.5106
[kd_a100.0_s42_top_1] epoch  43 |    13.3s
[kd_a100.0_s42_top_1] epoch  44 |    13.0s
  [kd_a100.0_s42_top_1] epoch  44 | loss=1.979 (ce=1.330, kd=2.628) | tr_acc=0.6477 | val_acc=0.5276
[kd_a100.0_s42_top_1] epoch  45 |    13.1s
[kd_a100.0_s42_top_1] epoch  46 |    13.3s
  [kd_a100.0_s42_top_1] epoch  46 | loss=1.887 (ce=1.244, kd=2.529) | tr_acc=0.6693 | val_acc=0.5532
[kd_a100.0_s42_top_1] epoch  47 |    13.1s
[kd_a100.0_s42_top_1] epoch  48 |    13.2s
  [kd_a100.0_s42_top_1] epoch  48 | loss=1.823 (ce=1.165, kd=2.481) | tr_acc=0.6872 | val_acc=0.5588
[kd_a100.0_s42_top_1] epoch  49 |    13.2s
[kd_a100.0_s42_top_1] epoch  50 |    13.3s
  [kd_a100.0_s42_top_1] epoch  50 | loss=1.777 (ce=1.139, kd=2.416) | tr_acc=0.6941 | val_acc=0.5488
[kd_a100.0_s42_top_1] epoch  51 |    13.1s
[kd_a100.0_s42_top_1] epoch  52 |    13.3s
  [kd_a100.0_s42_top_1] epoch  52 | loss=1.710 (ce=1.062, kd=2.358) | tr_acc=0.7150 | val_acc=0.5608
[kd_a100.0_s42_top_1] epoch  53 |    13.1s
[kd_a100.0_s42_top_1] epoch  54 |    13.2s
  [kd_a100.0_s42_top_1] epoch  54 | loss=1.656 (ce=1.015, kd=2.297) | tr_acc=0.7290 | val_acc=0.5656
[kd_a100.0_s42_top_1] epoch  55 |    13.1s
[kd_a100.0_s42_top_1] epoch  56 |    13.3s
  [kd_a100.0_s42_top_1] epoch  56 | loss=1.569 (ce=0.962, kd=2.176) | tr_acc=0.7377 | val_acc=0.5764
[kd_a100.0_s42_top_1] epoch  57 |    13.3s
[kd_a100.0_s42_top_1] epoch  58 |    13.4s
  [kd_a100.0_s42_top_1] epoch  58 | loss=1.550 (ce=0.934, kd=2.166) | tr_acc=0.7552 | val_acc=0.5792
[kd_a100.0_s42_top_1] epoch  59 |    13.0s
[kd_a100.0_s42_top_1] epoch  60 |    13.4s
  [kd_a100.0_s42_top_1] epoch  60 | loss=1.486 (ce=0.870, kd=2.102) | tr_acc=0.7698 | val_acc=0.5902
[kd_a100.0_s42_top_1] epoch  61 |    13.4s
[kd_a100.0_s42_top_1] epoch  62 |    13.1s
  [kd_a100.0_s42_top_1] epoch  62 | loss=1.447 (ce=0.825, kd=2.070) | tr_acc=0.7821 | val_acc=0.5858
[kd_a100.0_s42_top_1] epoch  63 |    13.2s
[kd_a100.0_s42_top_1] epoch  64 |    13.2s
  [kd_a100.0_s42_top_1] epoch  64 | loss=1.371 (ce=0.765, kd=1.976) | tr_acc=0.7980 | val_acc=0.5978
[kd_a100.0_s42_top_1] epoch  65 |    13.3s
[kd_a100.0_s42_top_1] epoch  66 |    13.4s
  [kd_a100.0_s42_top_1] epoch  66 | loss=1.350 (ce=0.747, kd=1.953) | tr_acc=0.8088 | val_acc=0.6084
[kd_a100.0_s42_top_1] epoch  67 |    13.1s
[kd_a100.0_s42_top_1] epoch  68 |    13.2s
  [kd_a100.0_s42_top_1] epoch  68 | loss=1.296 (ce=0.717, kd=1.875) | tr_acc=0.8152 | val_acc=0.6038
[kd_a100.0_s42_top_1] epoch  69 |    13.3s
[kd_a100.0_s42_top_1] epoch  70 |    13.3s
  [kd_a100.0_s42_top_1] epoch  70 | loss=1.288 (ce=0.700, kd=1.875) | tr_acc=0.8217 | val_acc=0.6074
[kd_a100.0_s42_top_1] epoch  71 |    13.3s
  [kd_a100.0_s42_top_1] epoch  71 | loss=1.283 (ce=0.709, kd=1.857) | tr_acc=0.8181 | val_acc=0.6152
[kd_a100.0_s42_top_1] epoch  72 |    13.4s
  [kd_a100.0_s42_top_1] epoch  72 | loss=1.265 (ce=0.695, kd=1.835) | tr_acc=0.8253 | val_acc=0.6180
[kd_a100.0_s42_top_1] epoch  73 |    13.2s
  [kd_a100.0_s42_top_1] epoch  73 | loss=1.259 (ce=0.675, kd=1.842) | tr_acc=0.8249 | val_acc=0.6144
[kd_a100.0_s42_top_1] epoch  74 |    13.1s
  [kd_a100.0_s42_top_1] epoch  74 | loss=1.275 (ce=0.677, kd=1.872) | tr_acc=0.8263 | val_acc=0.6172
[kd_a100.0_s42_top_1] epoch  75 |    13.3s
  [kd_a100.0_s42_top_1] epoch  75 | loss=1.267 (ce=0.675, kd=1.860) | tr_acc=0.8305 | val_acc=0.6172
[kd_a100.0_s42_top_1] epoch  76 |    13.1s
  [kd_a100.0_s42_top_1] epoch  76 | loss=1.250 (ce=0.659, kd=1.840) | tr_acc=0.8296 | val_acc=0.6154
[kd_a100.0_s42_top_1] epoch  77 |    13.4s
  [kd_a100.0_s42_top_1] epoch  77 | loss=1.244 (ce=0.664, kd=1.825) | tr_acc=0.8329 | val_acc=0.6142
[kd_a100.0_s42_top_1] epoch  78 |    13.1s
  [kd_a100.0_s42_top_1] epoch  78 | loss=1.241 (ce=0.665, kd=1.816) | tr_acc=0.8298 | val_acc=0.6136
[kd_a100.0_s42_top_1] epoch  79 |    13.3s
  [kd_a100.0_s42_top_1] epoch  79 | loss=1.209 (ce=0.652, kd=1.766) | tr_acc=0.8350 | val_acc=0.6146
[kd_a100.0_s42_top_1] SUMMARY | n=80 total=1072s mean=13.4s (min=13.0, max=24.8)
[kd_a100.0_s42_top_1] SUMMARY | n=80 total=1072s mean=13.4s (min=13.0, max=24.8)

  Lower=0.5212, Upper=0.8448, Gap=0.3236
  Student=0.6180 → Gap Recovery = 29.9%

===== DONE =====
  Final acc    : 0.6180
  Best epoch   : 72
  Gap Recovery : 29.9%
  saved        → /home/ssm-user/efs/eacs_results/kd_runs/alpha100.0_seed42_top_1
/opt/pytorch/lib64/python3.13/site-packages/torch/cuda/__init__.py:65: FutureWarning: The pynvml package is deprecated. Please install nvidia-ml-py instead. If you did not install pynvml directly, please report this to the maintainers of the package that installed pynvml for you.
  import pynvml  # type: ignore[import]
/home/ssm-user/efs/eacs/run_kd.py:141: FutureWarning: `torch.cuda.amp.GradScaler(args...)` is deprecated. Please use `torch.amp.GradScaler('cuda', args...)` instead.
  scaler = torch.cuda.amp.GradScaler() if use_amp else None

===== α=100.0, seed=42, weighting=top_3 =====
  Fused logit shape: (10000, 100)
  클래스당 기여 Teacher 수 분포: min=3, max=3, mean=3.00
  Loading parquet: /home/ssm-user/efs/workspace/extract_imagenet_100/data/imagenet100/train.parquet
  Loading parquet: /home/ssm-user/efs/workspace/extract_imagenet_100/data/imagenet100/validation.parquet
/home/ssm-user/efs/eacs/run_kd.py:166: FutureWarning: `torch.cuda.amp.autocast(args...)` is deprecated. Please use `torch.amp.autocast('cuda', args...)` instead.
  with torch.cuda.amp.autocast():
[kd_a100.0_s42_top_3] epoch   0 |    25.0s
  [kd_a100.0_s42_top_3] epoch   0 | loss=6.876 (ce=4.505, kd=9.246) | tr_acc=0.0432 | val_acc=0.0588
[kd_a100.0_s42_top_3] epoch   1 |    15.1s
[kd_a100.0_s42_top_3] epoch   2 |    15.2s
  [kd_a100.0_s42_top_3] epoch   2 | loss=5.895 (ce=3.934, kd=7.856) | tr_acc=0.1003 | val_acc=0.1012
[kd_a100.0_s42_top_3] epoch   3 |    13.6s
[kd_a100.0_s42_top_3] epoch   4 |    13.2s
  [kd_a100.0_s42_top_3] epoch   4 | loss=5.399 (ce=3.674, kd=7.124) | tr_acc=0.1482 | val_acc=0.1262
[kd_a100.0_s42_top_3] epoch   5 |    13.1s
[kd_a100.0_s42_top_3] epoch   6 |    13.3s
  [kd_a100.0_s42_top_3] epoch   6 | loss=4.955 (ce=3.420, kd=6.490) | tr_acc=0.1903 | val_acc=0.1186
[kd_a100.0_s42_top_3] epoch   7 |    13.1s
[kd_a100.0_s42_top_3] epoch   8 |    13.2s
  [kd_a100.0_s42_top_3] epoch   8 | loss=4.578 (ce=3.220, kd=5.936) | tr_acc=0.2295 | val_acc=0.2300
[kd_a100.0_s42_top_3] epoch   9 |    13.2s
[kd_a100.0_s42_top_3] epoch  10 |    13.1s
  [kd_a100.0_s42_top_3] epoch  10 | loss=4.199 (ce=3.014, kd=5.384) | tr_acc=0.2741 | val_acc=0.2528
[kd_a100.0_s42_top_3] epoch  11 |    13.1s
[kd_a100.0_s42_top_3] epoch  12 |    13.1s
  [kd_a100.0_s42_top_3] epoch  12 | loss=3.889 (ce=2.838, kd=4.940) | tr_acc=0.3091 | val_acc=0.2760
[kd_a100.0_s42_top_3] epoch  13 |    13.3s
[kd_a100.0_s42_top_3] epoch  14 |    13.0s
  [kd_a100.0_s42_top_3] epoch  14 | loss=3.629 (ce=2.687, kd=4.571) | tr_acc=0.3417 | val_acc=0.2770
[kd_a100.0_s42_top_3] epoch  15 |    13.1s
[kd_a100.0_s42_top_3] epoch  16 |    13.1s
  [kd_a100.0_s42_top_3] epoch  16 | loss=3.363 (ce=2.540, kd=4.185) | tr_acc=0.3742 | val_acc=0.3246
[kd_a100.0_s42_top_3] epoch  17 |    13.1s
[kd_a100.0_s42_top_3] epoch  18 |    13.1s
  [kd_a100.0_s42_top_3] epoch  18 | loss=3.126 (ce=2.387, kd=3.865) | tr_acc=0.4031 | val_acc=0.3274
[kd_a100.0_s42_top_3] epoch  19 |    13.2s
[kd_a100.0_s42_top_3] epoch  20 |    13.2s
  [kd_a100.0_s42_top_3] epoch  20 | loss=2.913 (ce=2.270, kd=3.556) | tr_acc=0.4364 | val_acc=0.3452
[kd_a100.0_s42_top_3] epoch  21 |    13.1s
[kd_a100.0_s42_top_3] epoch  22 |    13.2s
  [kd_a100.0_s42_top_3] epoch  22 | loss=2.755 (ce=2.155, kd=3.355) | tr_acc=0.4574 | val_acc=0.3984
[kd_a100.0_s42_top_3] epoch  23 |    13.2s
[kd_a100.0_s42_top_3] epoch  24 |    13.1s
  [kd_a100.0_s42_top_3] epoch  24 | loss=2.616 (ce=2.057, kd=3.176) | tr_acc=0.4783 | val_acc=0.4278
[kd_a100.0_s42_top_3] epoch  25 |    13.2s
[kd_a100.0_s42_top_3] epoch  26 |    13.0s
  [kd_a100.0_s42_top_3] epoch  26 | loss=2.495 (ce=1.982, kd=3.007) | tr_acc=0.4914 | val_acc=0.4334
[kd_a100.0_s42_top_3] epoch  27 |    13.3s
[kd_a100.0_s42_top_3] epoch  28 |    13.2s
  [kd_a100.0_s42_top_3] epoch  28 | loss=2.363 (ce=1.871, kd=2.855) | tr_acc=0.5194 | val_acc=0.4370
[kd_a100.0_s42_top_3] epoch  29 |    13.1s
[kd_a100.0_s42_top_3] epoch  30 |    13.1s
  [kd_a100.0_s42_top_3] epoch  30 | loss=2.201 (ce=1.763, kd=2.640) | tr_acc=0.5428 | val_acc=0.4296
[kd_a100.0_s42_top_3] epoch  31 |    13.1s
[kd_a100.0_s42_top_3] epoch  32 |    13.2s
  [kd_a100.0_s42_top_3] epoch  32 | loss=2.113 (ce=1.694, kd=2.532) | tr_acc=0.5545 | val_acc=0.4844
[kd_a100.0_s42_top_3] epoch  33 |    13.1s
[kd_a100.0_s42_top_3] epoch  34 |    13.2s
  [kd_a100.0_s42_top_3] epoch  34 | loss=2.046 (ce=1.633, kd=2.459) | tr_acc=0.5757 | val_acc=0.4824
[kd_a100.0_s42_top_3] epoch  35 |    13.3s
[kd_a100.0_s42_top_3] epoch  36 |    13.0s
  [kd_a100.0_s42_top_3] epoch  36 | loss=1.927 (ce=1.531, kd=2.323) | tr_acc=0.5974 | val_acc=0.5042
[kd_a100.0_s42_top_3] epoch  37 |    13.2s
[kd_a100.0_s42_top_3] epoch  38 |    13.2s
  [kd_a100.0_s42_top_3] epoch  38 | loss=1.846 (ce=1.470, kd=2.223) | tr_acc=0.6077 | val_acc=0.5158
[kd_a100.0_s42_top_3] epoch  39 |    13.1s
[kd_a100.0_s42_top_3] epoch  40 |    13.2s
  [kd_a100.0_s42_top_3] epoch  40 | loss=1.787 (ce=1.406, kd=2.167) | tr_acc=0.6278 | val_acc=0.5188
[kd_a100.0_s42_top_3] epoch  41 |    13.3s
[kd_a100.0_s42_top_3] epoch  42 |    13.3s
  [kd_a100.0_s42_top_3] epoch  42 | loss=1.726 (ce=1.344, kd=2.108) | tr_acc=0.6451 | val_acc=0.5380
[kd_a100.0_s42_top_3] epoch  43 |    13.3s
[kd_a100.0_s42_top_3] epoch  44 |    13.2s
  [kd_a100.0_s42_top_3] epoch  44 | loss=1.639 (ce=1.279, kd=1.999) | tr_acc=0.6519 | val_acc=0.5260
[kd_a100.0_s42_top_3] epoch  45 |    13.1s
[kd_a100.0_s42_top_3] epoch  46 |    13.1s
  [kd_a100.0_s42_top_3] epoch  46 | loss=1.564 (ce=1.211, kd=1.918) | tr_acc=0.6762 | val_acc=0.5582
[kd_a100.0_s42_top_3] epoch  47 |    13.0s
[kd_a100.0_s42_top_3] epoch  48 |    13.2s
  [kd_a100.0_s42_top_3] epoch  48 | loss=1.505 (ce=1.128, kd=1.883) | tr_acc=0.6971 | val_acc=0.5478
[kd_a100.0_s42_top_3] epoch  49 |    13.1s
[kd_a100.0_s42_top_3] epoch  50 |    13.2s
  [kd_a100.0_s42_top_3] epoch  50 | loss=1.454 (ce=1.092, kd=1.817) | tr_acc=0.7132 | val_acc=0.5450
[kd_a100.0_s42_top_3] epoch  51 |    13.1s
[kd_a100.0_s42_top_3] epoch  52 |    13.4s
  [kd_a100.0_s42_top_3] epoch  52 | loss=1.403 (ce=1.026, kd=1.780) | tr_acc=0.7282 | val_acc=0.5618
[kd_a100.0_s42_top_3] epoch  53 |    13.2s
[kd_a100.0_s42_top_3] epoch  54 |    13.3s
  [kd_a100.0_s42_top_3] epoch  54 | loss=1.363 (ce=0.982, kd=1.744) | tr_acc=0.7373 | val_acc=0.5612
[kd_a100.0_s42_top_3] epoch  55 |    13.2s
[kd_a100.0_s42_top_3] epoch  56 |    13.2s
  [kd_a100.0_s42_top_3] epoch  56 | loss=1.270 (ce=0.919, kd=1.621) | tr_acc=0.7550 | val_acc=0.5918
[kd_a100.0_s42_top_3] epoch  57 |    13.2s
[kd_a100.0_s42_top_3] epoch  58 |    13.2s
  [kd_a100.0_s42_top_3] epoch  58 | loss=1.252 (ce=0.893, kd=1.611) | tr_acc=0.7657 | val_acc=0.5900
[kd_a100.0_s42_top_3] epoch  59 |    13.0s
[kd_a100.0_s42_top_3] epoch  60 |    13.1s
  [kd_a100.0_s42_top_3] epoch  60 | loss=1.191 (ce=0.834, kd=1.547) | tr_acc=0.7783 | val_acc=0.6034
[kd_a100.0_s42_top_3] epoch  61 |    13.1s
[kd_a100.0_s42_top_3] epoch  62 |    13.2s
  [kd_a100.0_s42_top_3] epoch  62 | loss=1.161 (ce=0.794, kd=1.528) | tr_acc=0.7958 | val_acc=0.6032
[kd_a100.0_s42_top_3] epoch  63 |    13.2s
[kd_a100.0_s42_top_3] epoch  64 |    13.2s
  [kd_a100.0_s42_top_3] epoch  64 | loss=1.085 (ce=0.733, kd=1.438) | tr_acc=0.8080 | val_acc=0.6122
[kd_a100.0_s42_top_3] epoch  65 |    13.1s
[kd_a100.0_s42_top_3] epoch  66 |    13.2s
  [kd_a100.0_s42_top_3] epoch  66 | loss=1.073 (ce=0.721, kd=1.426) | tr_acc=0.8173 | val_acc=0.6174
[kd_a100.0_s42_top_3] epoch  67 |    13.2s
[kd_a100.0_s42_top_3] epoch  68 |    13.3s
  [kd_a100.0_s42_top_3] epoch  68 | loss=1.029 (ce=0.683, kd=1.376) | tr_acc=0.8235 | val_acc=0.6176
[kd_a100.0_s42_top_3] epoch  69 |    13.3s
[kd_a100.0_s42_top_3] epoch  70 |    13.3s
  [kd_a100.0_s42_top_3] epoch  70 | loss=1.016 (ce=0.665, kd=1.367) | tr_acc=0.8366 | val_acc=0.6200
[kd_a100.0_s42_top_3] epoch  71 |    13.2s
  [kd_a100.0_s42_top_3] epoch  71 | loss=1.019 (ce=0.676, kd=1.363) | tr_acc=0.8318 | val_acc=0.6180
[kd_a100.0_s42_top_3] epoch  72 |    13.2s
  [kd_a100.0_s42_top_3] epoch  72 | loss=1.001 (ce=0.661, kd=1.341) | tr_acc=0.8368 | val_acc=0.6214
[kd_a100.0_s42_top_3] epoch  73 |    13.1s
  [kd_a100.0_s42_top_3] epoch  73 | loss=0.991 (ce=0.649, kd=1.333) | tr_acc=0.8383 | val_acc=0.6234
[kd_a100.0_s42_top_3] epoch  74 |    13.3s
  [kd_a100.0_s42_top_3] epoch  74 | loss=1.009 (ce=0.648, kd=1.370) | tr_acc=0.8378 | val_acc=0.6230
[kd_a100.0_s42_top_3] epoch  75 |    13.2s
  [kd_a100.0_s42_top_3] epoch  75 | loss=0.988 (ce=0.637, kd=1.339) | tr_acc=0.8434 | val_acc=0.6252
[kd_a100.0_s42_top_3] epoch  76 |    13.3s
  [kd_a100.0_s42_top_3] epoch  76 | loss=0.982 (ce=0.630, kd=1.334) | tr_acc=0.8438 | val_acc=0.6240
[kd_a100.0_s42_top_3] epoch  77 |    13.2s
  [kd_a100.0_s42_top_3] epoch  77 | loss=0.980 (ce=0.637, kd=1.324) | tr_acc=0.8361 | val_acc=0.6254
[kd_a100.0_s42_top_3] epoch  78 |    13.4s
  [kd_a100.0_s42_top_3] epoch  78 | loss=0.974 (ce=0.636, kd=1.312) | tr_acc=0.8432 | val_acc=0.6240
[kd_a100.0_s42_top_3] epoch  79 |    13.1s
  [kd_a100.0_s42_top_3] epoch  79 | loss=0.949 (ce=0.626, kd=1.271) | tr_acc=0.8447 | val_acc=0.6228
[kd_a100.0_s42_top_3] SUMMARY | n=80 total=1070s mean=13.4s (min=13.0, max=25.0)
[kd_a100.0_s42_top_3] SUMMARY | n=80 total=1070s mean=13.4s (min=13.0, max=25.0)

  Lower=0.5212, Upper=0.8448, Gap=0.3236
  Student=0.6254 → Gap Recovery = 32.2%

===== DONE =====
  Final acc    : 0.6254
  Best epoch   : 77
  Gap Recovery : 32.2%
  saved        → /home/ssm-user/efs/eacs_results/kd_runs/alpha100.0_seed42_top_3
/opt/pytorch/lib64/python3.13/site-packages/torch/cuda/__init__.py:65: FutureWarning: The pynvml package is deprecated. Please install nvidia-ml-py instead. If you did not install pynvml directly, please report this to the maintainers of the package that installed pynvml for you.
  import pynvml  # type: ignore[import]
/home/ssm-user/efs/eacs/run_kd.py:141: FutureWarning: `torch.cuda.amp.GradScaler(args...)` is deprecated. Please use `torch.amp.GradScaler('cuda', args...)` instead.
  scaler = torch.cuda.amp.GradScaler() if use_amp else None

===== α=100.0, seed=123, weighting=uniform =====
  Fused logit shape: (10000, 100)
  클래스당 기여 Teacher 수 분포: min=5, max=5, mean=5.00
  Loading parquet: /home/ssm-user/efs/workspace/extract_imagenet_100/data/imagenet100/train.parquet
  Loading parquet: /home/ssm-user/efs/workspace/extract_imagenet_100/data/imagenet100/validation.parquet
/home/ssm-user/efs/eacs/run_kd.py:166: FutureWarning: `torch.cuda.amp.autocast(args...)` is deprecated. Please use `torch.amp.autocast('cuda', args...)` instead.
  with torch.cuda.amp.autocast():
[kd_a100.0_s123_uniform] epoch   0 |    25.0s
  [kd_a100.0_s123_uniform] epoch   0 | loss=6.844 (ce=4.512, kd=9.176) | tr_acc=0.0369 | val_acc=0.0580
[kd_a100.0_s123_uniform] epoch   1 |    15.1s
[kd_a100.0_s123_uniform] epoch   2 |    15.2s
  [kd_a100.0_s123_uniform] epoch   2 | loss=5.885 (ce=3.949, kd=7.822) | tr_acc=0.0998 | val_acc=0.1160
[kd_a100.0_s123_uniform] epoch   3 |    13.7s
[kd_a100.0_s123_uniform] epoch   4 |    13.3s
  [kd_a100.0_s123_uniform] epoch   4 | loss=5.346 (ce=3.674, kd=7.017) | tr_acc=0.1430 | val_acc=0.1506
[kd_a100.0_s123_uniform] epoch   5 |    13.0s
[kd_a100.0_s123_uniform] epoch   6 |    13.2s
  [kd_a100.0_s123_uniform] epoch   6 | loss=4.926 (ce=3.448, kd=6.403) | tr_acc=0.1831 | val_acc=0.1908
[kd_a100.0_s123_uniform] epoch   7 |    13.3s
[kd_a100.0_s123_uniform] epoch   8 |    13.2s
  [kd_a100.0_s123_uniform] epoch   8 | loss=4.529 (ce=3.243, kd=5.816) | tr_acc=0.2317 | val_acc=0.2436
[kd_a100.0_s123_uniform] epoch   9 |    13.0s
[kd_a100.0_s123_uniform] epoch  10 |    13.1s
  [kd_a100.0_s123_uniform] epoch  10 | loss=4.220 (ce=3.065, kd=5.374) | tr_acc=0.2643 | val_acc=0.2670
[kd_a100.0_s123_uniform] epoch  11 |    13.2s
[kd_a100.0_s123_uniform] epoch  12 |    13.4s
  [kd_a100.0_s123_uniform] epoch  12 | loss=3.937 (ce=2.911, kd=4.963) | tr_acc=0.2973 | val_acc=0.2544
[kd_a100.0_s123_uniform] epoch  13 |    13.3s
[kd_a100.0_s123_uniform] epoch  14 |    13.1s
  [kd_a100.0_s123_uniform] epoch  14 | loss=3.590 (ce=2.720, kd=4.461) | tr_acc=0.3366 | val_acc=0.2408
[kd_a100.0_s123_uniform] epoch  15 |    13.3s
[kd_a100.0_s123_uniform] epoch  16 |    13.2s
  [kd_a100.0_s123_uniform] epoch  16 | loss=3.320 (ce=2.555, kd=4.084) | tr_acc=0.3711 | val_acc=0.2974
[kd_a100.0_s123_uniform] epoch  17 |    13.2s
[kd_a100.0_s123_uniform] epoch  18 |    13.2s
  [kd_a100.0_s123_uniform] epoch  18 | loss=3.117 (ce=2.440, kd=3.795) | tr_acc=0.3967 | val_acc=0.3234
[kd_a100.0_s123_uniform] epoch  19 |    13.2s
[kd_a100.0_s123_uniform] epoch  20 |    13.3s
  [kd_a100.0_s123_uniform] epoch  20 | loss=2.888 (ce=2.290, kd=3.485) | tr_acc=0.4311 | val_acc=0.3520
[kd_a100.0_s123_uniform] epoch  21 |    13.3s
[kd_a100.0_s123_uniform] epoch  22 |    13.0s
  [kd_a100.0_s123_uniform] epoch  22 | loss=2.729 (ce=2.191, kd=3.268) | tr_acc=0.4491 | val_acc=0.3840
[kd_a100.0_s123_uniform] epoch  23 |    13.2s
[kd_a100.0_s123_uniform] epoch  24 |    13.2s
  [kd_a100.0_s123_uniform] epoch  24 | loss=2.539 (ce=2.058, kd=3.019) | tr_acc=0.4734 | val_acc=0.4086
[kd_a100.0_s123_uniform] epoch  25 |    13.3s
[kd_a100.0_s123_uniform] epoch  26 |    13.3s
  [kd_a100.0_s123_uniform] epoch  26 | loss=2.399 (ce=1.959, kd=2.839) | tr_acc=0.4958 | val_acc=0.4196
[kd_a100.0_s123_uniform] epoch  27 |    13.2s
[kd_a100.0_s123_uniform] epoch  28 |    13.2s
  [kd_a100.0_s123_uniform] epoch  28 | loss=2.307 (ce=1.878, kd=2.736) | tr_acc=0.5152 | val_acc=0.4260
[kd_a100.0_s123_uniform] epoch  29 |    13.3s
[kd_a100.0_s123_uniform] epoch  30 |    13.2s
  [kd_a100.0_s123_uniform] epoch  30 | loss=2.157 (ce=1.765, kd=2.550) | tr_acc=0.5460 | val_acc=0.4040
[kd_a100.0_s123_uniform] epoch  31 |    13.2s
[kd_a100.0_s123_uniform] epoch  32 |    13.0s
  [kd_a100.0_s123_uniform] epoch  32 | loss=2.105 (ce=1.722, kd=2.488) | tr_acc=0.5494 | val_acc=0.4458
[kd_a100.0_s123_uniform] epoch  33 |    13.3s
[kd_a100.0_s123_uniform] epoch  34 |    13.1s
  [kd_a100.0_s123_uniform] epoch  34 | loss=1.995 (ce=1.639, kd=2.351) | tr_acc=0.5700 | val_acc=0.4690
[kd_a100.0_s123_uniform] epoch  35 |    13.3s
[kd_a100.0_s123_uniform] epoch  36 |    13.5s
  [kd_a100.0_s123_uniform] epoch  36 | loss=1.872 (ce=1.553, kd=2.191) | tr_acc=0.5898 | val_acc=0.5096
[kd_a100.0_s123_uniform] epoch  37 |    13.3s
[kd_a100.0_s123_uniform] epoch  38 |    13.1s
  [kd_a100.0_s123_uniform] epoch  38 | loss=1.792 (ce=1.463, kd=2.121) | tr_acc=0.6125 | val_acc=0.5240
[kd_a100.0_s123_uniform] epoch  39 |    13.2s
[kd_a100.0_s123_uniform] epoch  40 |    13.1s
  [kd_a100.0_s123_uniform] epoch  40 | loss=1.728 (ce=1.398, kd=2.058) | tr_acc=0.6306 | val_acc=0.5010
[kd_a100.0_s123_uniform] epoch  41 |    13.2s
[kd_a100.0_s123_uniform] epoch  42 |    13.3s
  [kd_a100.0_s123_uniform] epoch  42 | loss=1.666 (ce=1.346, kd=1.985) | tr_acc=0.6392 | val_acc=0.5254
[kd_a100.0_s123_uniform] epoch  43 |    13.3s
[kd_a100.0_s123_uniform] epoch  44 |    13.3s
  [kd_a100.0_s123_uniform] epoch  44 | loss=1.572 (ce=1.272, kd=1.873) | tr_acc=0.6665 | val_acc=0.5250
[kd_a100.0_s123_uniform] epoch  45 |    13.2s
[kd_a100.0_s123_uniform] epoch  46 |    13.2s
  [kd_a100.0_s123_uniform] epoch  46 | loss=1.496 (ce=1.191, kd=1.801) | tr_acc=0.6838 | val_acc=0.5410
[kd_a100.0_s123_uniform] epoch  47 |    13.0s
[kd_a100.0_s123_uniform] epoch  48 |    13.2s
  [kd_a100.0_s123_uniform] epoch  48 | loss=1.493 (ce=1.158, kd=1.827) | tr_acc=0.6866 | val_acc=0.5504
[kd_a100.0_s123_uniform] epoch  49 |    13.2s
[kd_a100.0_s123_uniform] epoch  50 |    13.1s
  [kd_a100.0_s123_uniform] epoch  50 | loss=1.382 (ce=1.084, kd=1.680) | tr_acc=0.7067 | val_acc=0.5674
[kd_a100.0_s123_uniform] epoch  51 |    13.3s
[kd_a100.0_s123_uniform] epoch  52 |    13.2s
  [kd_a100.0_s123_uniform] epoch  52 | loss=1.367 (ce=1.048, kd=1.686) | tr_acc=0.7196 | val_acc=0.5766
[kd_a100.0_s123_uniform] epoch  53 |    13.2s
[kd_a100.0_s123_uniform] epoch  54 |    13.1s
  [kd_a100.0_s123_uniform] epoch  54 | loss=1.288 (ce=0.975, kd=1.601) | tr_acc=0.7441 | val_acc=0.5766
[kd_a100.0_s123_uniform] epoch  55 |    13.1s
[kd_a100.0_s123_uniform] epoch  56 |    13.1s
  [kd_a100.0_s123_uniform] epoch  56 | loss=1.220 (ce=0.921, kd=1.520) | tr_acc=0.7565 | val_acc=0.5870
[kd_a100.0_s123_uniform] epoch  57 |    13.2s
[kd_a100.0_s123_uniform] epoch  58 |    13.3s
  [kd_a100.0_s123_uniform] epoch  58 | loss=1.172 (ce=0.877, kd=1.466) | tr_acc=0.7734 | val_acc=0.5892
[kd_a100.0_s123_uniform] epoch  59 |    13.2s
[kd_a100.0_s123_uniform] epoch  60 |    13.2s
  [kd_a100.0_s123_uniform] epoch  60 | loss=1.110 (ce=0.805, kd=1.415) | tr_acc=0.7913 | val_acc=0.5956
[kd_a100.0_s123_uniform] epoch  61 |    13.4s
[kd_a100.0_s123_uniform] epoch  62 |    13.1s
  [kd_a100.0_s123_uniform] epoch  62 | loss=1.066 (ce=0.780, kd=1.353) | tr_acc=0.7987 | val_acc=0.5986
[kd_a100.0_s123_uniform] epoch  63 |    13.2s
[kd_a100.0_s123_uniform] epoch  64 |    13.1s
  [kd_a100.0_s123_uniform] epoch  64 | loss=1.032 (ce=0.734, kd=1.330) | tr_acc=0.8115 | val_acc=0.6018
[kd_a100.0_s123_uniform] epoch  65 |    13.3s
[kd_a100.0_s123_uniform] epoch  66 |    13.0s
  [kd_a100.0_s123_uniform] epoch  66 | loss=1.040 (ce=0.733, kd=1.346) | tr_acc=0.8155 | val_acc=0.6054
[kd_a100.0_s123_uniform] epoch  67 |    13.0s
[kd_a100.0_s123_uniform] epoch  68 |    13.1s
  [kd_a100.0_s123_uniform] epoch  68 | loss=0.992 (ce=0.697, kd=1.288) | tr_acc=0.8259 | val_acc=0.6150
[kd_a100.0_s123_uniform] epoch  69 |    13.1s
[kd_a100.0_s123_uniform] epoch  70 |    13.1s
  [kd_a100.0_s123_uniform] epoch  70 | loss=0.964 (ce=0.667, kd=1.261) | tr_acc=0.8314 | val_acc=0.6170
[kd_a100.0_s123_uniform] epoch  71 |    13.3s
  [kd_a100.0_s123_uniform] epoch  71 | loss=0.973 (ce=0.665, kd=1.281) | tr_acc=0.8340 | val_acc=0.6112
[kd_a100.0_s123_uniform] epoch  72 |    13.2s
  [kd_a100.0_s123_uniform] epoch  72 | loss=0.950 (ce=0.646, kd=1.254) | tr_acc=0.8397 | val_acc=0.6146
[kd_a100.0_s123_uniform] epoch  73 |    13.1s
  [kd_a100.0_s123_uniform] epoch  73 | loss=0.938 (ce=0.636, kd=1.239) | tr_acc=0.8428 | val_acc=0.6168
[kd_a100.0_s123_uniform] epoch  74 |    13.2s
  [kd_a100.0_s123_uniform] epoch  74 | loss=0.933 (ce=0.637, kd=1.228) | tr_acc=0.8431 | val_acc=0.6150
[kd_a100.0_s123_uniform] epoch  75 |    13.2s
  [kd_a100.0_s123_uniform] epoch  75 | loss=0.951 (ce=0.636, kd=1.266) | tr_acc=0.8448 | val_acc=0.6178
[kd_a100.0_s123_uniform] epoch  76 |    13.2s
  [kd_a100.0_s123_uniform] epoch  76 | loss=0.908 (ce=0.616, kd=1.201) | tr_acc=0.8481 | val_acc=0.6154
[kd_a100.0_s123_uniform] epoch  77 |    13.2s
  [kd_a100.0_s123_uniform] epoch  77 | loss=0.943 (ce=0.628, kd=1.258) | tr_acc=0.8470 | val_acc=0.6146
[kd_a100.0_s123_uniform] epoch  78 |    13.1s
  [kd_a100.0_s123_uniform] epoch  78 | loss=0.925 (ce=0.632, kd=1.218) | tr_acc=0.8454 | val_acc=0.6160
[kd_a100.0_s123_uniform] epoch  79 |    13.1s
  [kd_a100.0_s123_uniform] epoch  79 | loss=0.924 (ce=0.634, kd=1.213) | tr_acc=0.8446 | val_acc=0.6176
[kd_a100.0_s123_uniform] SUMMARY | n=80 total=1071s mean=13.4s (min=13.0, max=25.0)
[kd_a100.0_s123_uniform] SUMMARY | n=80 total=1071s mean=13.4s (min=13.0, max=25.0)

  Lower=0.5292, Upper=0.8396, Gap=0.3104
  Student=0.6178 → Gap Recovery = 28.5%

===== DONE =====
  Final acc    : 0.6178
  Best epoch   : 75
  Gap Recovery : 28.5%
  saved        → /home/ssm-user/efs/eacs_results/kd_runs/alpha100.0_seed123_uniform
/opt/pytorch/lib64/python3.13/site-packages/torch/cuda/__init__.py:65: FutureWarning: The pynvml package is deprecated. Please install nvidia-ml-py instead. If you did not install pynvml directly, please report this to the maintainers of the package that installed pynvml for you.
  import pynvml  # type: ignore[import]
/home/ssm-user/efs/eacs/run_kd.py:141: FutureWarning: `torch.cuda.amp.GradScaler(args...)` is deprecated. Please use `torch.amp.GradScaler('cuda', args...)` instead.
  scaler = torch.cuda.amp.GradScaler() if use_amp else None

===== α=100.0, seed=123, weighting=top_1 =====
  Fused logit shape: (10000, 100)
  클래스당 기여 Teacher 수 분포: min=1, max=1, mean=1.00
  Loading parquet: /home/ssm-user/efs/workspace/extract_imagenet_100/data/imagenet100/train.parquet
  Loading parquet: /home/ssm-user/efs/workspace/extract_imagenet_100/data/imagenet100/validation.parquet
/home/ssm-user/efs/eacs/run_kd.py:166: FutureWarning: `torch.cuda.amp.autocast(args...)` is deprecated. Please use `torch.amp.autocast('cuda', args...)` instead.
  with torch.cuda.amp.autocast():
[kd_a100.0_s123_top_1] epoch   0 |    25.0s
  [kd_a100.0_s123_top_1] epoch   0 | loss=7.334 (ce=4.508, kd=10.160) | tr_acc=0.0392 | val_acc=0.0574
[kd_a100.0_s123_top_1] epoch   1 |    15.5s
[kd_a100.0_s123_top_1] epoch   2 |    15.4s
  [kd_a100.0_s123_top_1] epoch   2 | loss=6.371 (ce=3.952, kd=8.790) | tr_acc=0.0995 | val_acc=0.1120
[kd_a100.0_s123_top_1] epoch   3 |    13.7s
[kd_a100.0_s123_top_1] epoch   4 |    13.3s
  [kd_a100.0_s123_top_1] epoch   4 | loss=5.860 (ce=3.698, kd=8.022) | tr_acc=0.1451 | val_acc=0.1300
[kd_a100.0_s123_top_1] epoch   5 |    13.2s
[kd_a100.0_s123_top_1] epoch   6 |    13.2s
  [kd_a100.0_s123_top_1] epoch   6 | loss=5.430 (ce=3.473, kd=7.386) | tr_acc=0.1848 | val_acc=0.1758
[kd_a100.0_s123_top_1] epoch   7 |    13.3s
[kd_a100.0_s123_top_1] epoch   8 |    13.1s
  [kd_a100.0_s123_top_1] epoch   8 | loss=5.019 (ce=3.254, kd=6.783) | tr_acc=0.2231 | val_acc=0.2080
[kd_a100.0_s123_top_1] epoch   9 |    13.1s
[kd_a100.0_s123_top_1] epoch  10 |    13.2s
  [kd_a100.0_s123_top_1] epoch  10 | loss=4.709 (ce=3.072, kd=6.346) | tr_acc=0.2634 | val_acc=0.2510
[kd_a100.0_s123_top_1] epoch  11 |    13.2s
[kd_a100.0_s123_top_1] epoch  12 |    13.2s
  [kd_a100.0_s123_top_1] epoch  12 | loss=4.431 (ce=2.933, kd=5.930) | tr_acc=0.2976 | val_acc=0.2630
[kd_a100.0_s123_top_1] epoch  13 |    13.2s
[kd_a100.0_s123_top_1] epoch  14 |    13.4s
  [kd_a100.0_s123_top_1] epoch  14 | loss=4.074 (ce=2.737, kd=5.411) | tr_acc=0.3373 | val_acc=0.2780
[kd_a100.0_s123_top_1] epoch  15 |    13.1s
[kd_a100.0_s123_top_1] epoch  16 |    13.3s
  [kd_a100.0_s123_top_1] epoch  16 | loss=3.809 (ce=2.589, kd=5.029) | tr_acc=0.3667 | val_acc=0.3144
[kd_a100.0_s123_top_1] epoch  17 |    13.3s
[kd_a100.0_s123_top_1] epoch  18 |    13.3s
  [kd_a100.0_s123_top_1] epoch  18 | loss=3.597 (ce=2.471, kd=4.723) | tr_acc=0.3891 | val_acc=0.3506
[kd_a100.0_s123_top_1] epoch  19 |    13.3s
[kd_a100.0_s123_top_1] epoch  20 |    13.2s
  [kd_a100.0_s123_top_1] epoch  20 | loss=3.376 (ce=2.334, kd=4.417) | tr_acc=0.4220 | val_acc=0.3546
[kd_a100.0_s123_top_1] epoch  21 |    13.1s
[kd_a100.0_s123_top_1] epoch  22 |    13.3s
  [kd_a100.0_s123_top_1] epoch  22 | loss=3.209 (ce=2.243, kd=4.176) | tr_acc=0.4382 | val_acc=0.3584
[kd_a100.0_s123_top_1] epoch  23 |    13.2s
[kd_a100.0_s123_top_1] epoch  24 |    13.2s
  [kd_a100.0_s123_top_1] epoch  24 | loss=2.994 (ce=2.091, kd=3.898) | tr_acc=0.4689 | val_acc=0.3776
[kd_a100.0_s123_top_1] epoch  25 |    13.1s
[kd_a100.0_s123_top_1] epoch  26 |    13.2s
  [kd_a100.0_s123_top_1] epoch  26 | loss=2.884 (ce=2.015, kd=3.754) | tr_acc=0.4850 | val_acc=0.4186
[kd_a100.0_s123_top_1] epoch  27 |    13.2s
[kd_a100.0_s123_top_1] epoch  28 |    13.3s
  [kd_a100.0_s123_top_1] epoch  28 | loss=2.746 (ce=1.913, kd=3.579) | tr_acc=0.5142 | val_acc=0.4374
[kd_a100.0_s123_top_1] epoch  29 |    13.2s
[kd_a100.0_s123_top_1] epoch  30 |    13.2s
  [kd_a100.0_s123_top_1] epoch  30 | loss=2.619 (ce=1.829, kd=3.409) | tr_acc=0.5299 | val_acc=0.4212
[kd_a100.0_s123_top_1] epoch  31 |    13.1s
[kd_a100.0_s123_top_1] epoch  32 |    13.1s
  [kd_a100.0_s123_top_1] epoch  32 | loss=2.540 (ce=1.768, kd=3.312) | tr_acc=0.5407 | val_acc=0.4538
[kd_a100.0_s123_top_1] epoch  33 |    13.2s
[kd_a100.0_s123_top_1] epoch  34 |    13.4s
  [kd_a100.0_s123_top_1] epoch  34 | loss=2.425 (ce=1.683, kd=3.166) | tr_acc=0.5570 | val_acc=0.4598
[kd_a100.0_s123_top_1] epoch  35 |    13.2s
[kd_a100.0_s123_top_1] epoch  36 |    13.3s
  [kd_a100.0_s123_top_1] epoch  36 | loss=2.301 (ce=1.601, kd=3.001) | tr_acc=0.5775 | val_acc=0.4842
[kd_a100.0_s123_top_1] epoch  37 |    13.0s
[kd_a100.0_s123_top_1] epoch  38 |    13.0s
  [kd_a100.0_s123_top_1] epoch  38 | loss=2.209 (ce=1.520, kd=2.897) | tr_acc=0.5939 | val_acc=0.5004
[kd_a100.0_s123_top_1] epoch  39 |    13.2s
[kd_a100.0_s123_top_1] epoch  40 |    13.2s
  [kd_a100.0_s123_top_1] epoch  40 | loss=2.132 (ce=1.449, kd=2.815) | tr_acc=0.6155 | val_acc=0.5054
[kd_a100.0_s123_top_1] epoch  41 |    13.2s
[kd_a100.0_s123_top_1] epoch  42 |    13.2s
  [kd_a100.0_s123_top_1] epoch  42 | loss=2.072 (ce=1.400, kd=2.744) | tr_acc=0.6284 | val_acc=0.5056
[kd_a100.0_s123_top_1] epoch  43 |    13.3s
[kd_a100.0_s123_top_1] epoch  44 |    13.3s
  [kd_a100.0_s123_top_1] epoch  44 | loss=1.959 (ce=1.328, kd=2.591) | tr_acc=0.6486 | val_acc=0.5236
[kd_a100.0_s123_top_1] epoch  45 |    13.2s
[kd_a100.0_s123_top_1] epoch  46 |    13.2s
  [kd_a100.0_s123_top_1] epoch  46 | loss=1.908 (ce=1.262, kd=2.553) | tr_acc=0.6610 | val_acc=0.5378
[kd_a100.0_s123_top_1] epoch  47 |    13.3s
[kd_a100.0_s123_top_1] epoch  48 |    13.0s
  [kd_a100.0_s123_top_1] epoch  48 | loss=1.879 (ce=1.210, kd=2.548) | tr_acc=0.6704 | val_acc=0.5446
[kd_a100.0_s123_top_1] epoch  49 |    13.2s
[kd_a100.0_s123_top_1] epoch  50 |    13.2s
  [kd_a100.0_s123_top_1] epoch  50 | loss=1.761 (ce=1.135, kd=2.387) | tr_acc=0.6959 | val_acc=0.5492
[kd_a100.0_s123_top_1] epoch  51 |    13.4s
[kd_a100.0_s123_top_1] epoch  52 |    13.2s
  [kd_a100.0_s123_top_1] epoch  52 | loss=1.730 (ce=1.092, kd=2.368) | tr_acc=0.7106 | val_acc=0.5622
[kd_a100.0_s123_top_1] epoch  53 |    13.2s
[kd_a100.0_s123_top_1] epoch  54 |    13.0s
  [kd_a100.0_s123_top_1] epoch  54 | loss=1.650 (ce=1.020, kd=2.279) | tr_acc=0.7262 | val_acc=0.5596
[kd_a100.0_s123_top_1] epoch  55 |    13.2s
[kd_a100.0_s123_top_1] epoch  56 |    13.2s
  [kd_a100.0_s123_top_1] epoch  56 | loss=1.582 (ce=0.962, kd=2.202) | tr_acc=0.7463 | val_acc=0.5654
[kd_a100.0_s123_top_1] epoch  57 |    13.4s
[kd_a100.0_s123_top_1] epoch  58 |    13.3s
  [kd_a100.0_s123_top_1] epoch  58 | loss=1.527 (ce=0.915, kd=2.138) | tr_acc=0.7626 | val_acc=0.5818
[kd_a100.0_s123_top_1] epoch  59 |    13.2s
[kd_a100.0_s123_top_1] epoch  60 |    13.2s
  [kd_a100.0_s123_top_1] epoch  60 | loss=1.443 (ce=0.848, kd=2.038) | tr_acc=0.7757 | val_acc=0.5852
[kd_a100.0_s123_top_1] epoch  61 |    13.1s
[kd_a100.0_s123_top_1] epoch  62 |    13.0s
  [kd_a100.0_s123_top_1] epoch  62 | loss=1.398 (ce=0.813, kd=1.982) | tr_acc=0.7848 | val_acc=0.5854
[kd_a100.0_s123_top_1] epoch  63 |    13.2s
[kd_a100.0_s123_top_1] epoch  64 |    13.2s
  [kd_a100.0_s123_top_1] epoch  64 | loss=1.356 (ce=0.772, kd=1.941) | tr_acc=0.7993 | val_acc=0.5898
[kd_a100.0_s123_top_1] epoch  65 |    13.2s
[kd_a100.0_s123_top_1] epoch  66 |    13.1s
  [kd_a100.0_s123_top_1] epoch  66 | loss=1.370 (ce=0.769, kd=1.971) | tr_acc=0.8017 | val_acc=0.5928
[kd_a100.0_s123_top_1] epoch  67 |    13.2s
[kd_a100.0_s123_top_1] epoch  68 |    13.3s
  [kd_a100.0_s123_top_1] epoch  68 | loss=1.317 (ce=0.727, kd=1.906) | tr_acc=0.8149 | val_acc=0.5930
[kd_a100.0_s123_top_1] epoch  69 |    13.1s
[kd_a100.0_s123_top_1] epoch  70 |    13.3s
  [kd_a100.0_s123_top_1] epoch  70 | loss=1.284 (ce=0.702, kd=1.866) | tr_acc=0.8199 | val_acc=0.5956
[kd_a100.0_s123_top_1] epoch  71 |    13.2s
  [kd_a100.0_s123_top_1] epoch  71 | loss=1.300 (ce=0.706, kd=1.893) | tr_acc=0.8175 | val_acc=0.5964
[kd_a100.0_s123_top_1] epoch  72 |    13.0s
  [kd_a100.0_s123_top_1] epoch  72 | loss=1.265 (ce=0.688, kd=1.842) | tr_acc=0.8257 | val_acc=0.5966
[kd_a100.0_s123_top_1] epoch  73 |    13.1s
  [kd_a100.0_s123_top_1] epoch  73 | loss=1.248 (ce=0.667, kd=1.829) | tr_acc=0.8296 | val_acc=0.6004
[kd_a100.0_s123_top_1] epoch  74 |    13.2s
  [kd_a100.0_s123_top_1] epoch  74 | loss=1.246 (ce=0.665, kd=1.826) | tr_acc=0.8322 | val_acc=0.6002
[kd_a100.0_s123_top_1] epoch  75 |    13.2s
  [kd_a100.0_s123_top_1] epoch  75 | loss=1.253 (ce=0.660, kd=1.847) | tr_acc=0.8344 | val_acc=0.6002
[kd_a100.0_s123_top_1] epoch  76 |    13.3s
  [kd_a100.0_s123_top_1] epoch  76 | loss=1.215 (ce=0.640, kd=1.790) | tr_acc=0.8418 | val_acc=0.6030
[kd_a100.0_s123_top_1] epoch  77 |    13.1s
  [kd_a100.0_s123_top_1] epoch  77 | loss=1.259 (ce=0.654, kd=1.864) | tr_acc=0.8388 | val_acc=0.6016
[kd_a100.0_s123_top_1] epoch  78 |    13.1s
  [kd_a100.0_s123_top_1] epoch  78 | loss=1.238 (ce=0.663, kd=1.812) | tr_acc=0.8324 | val_acc=0.6026
[kd_a100.0_s123_top_1] epoch  79 |    13.3s
  [kd_a100.0_s123_top_1] epoch  79 | loss=1.242 (ce=0.664, kd=1.821) | tr_acc=0.8325 | val_acc=0.6018
[kd_a100.0_s123_top_1] SUMMARY | n=80 total=1073s mean=13.4s (min=13.0, max=25.0)
[kd_a100.0_s123_top_1] SUMMARY | n=80 total=1073s mean=13.4s (min=13.0, max=25.0)

  Lower=0.5292, Upper=0.8396, Gap=0.3104
  Student=0.6030 → Gap Recovery = 23.8%

===== DONE =====
  Final acc    : 0.6030
  Best epoch   : 76
  Gap Recovery : 23.8%
  saved        → /home/ssm-user/efs/eacs_results/kd_runs/alpha100.0_seed123_top_1
/opt/pytorch/lib64/python3.13/site-packages/torch/cuda/__init__.py:65: FutureWarning: The pynvml package is deprecated. Please install nvidia-ml-py instead. If you did not install pynvml directly, please report this to the maintainers of the package that installed pynvml for you.
  import pynvml  # type: ignore[import]
/home/ssm-user/efs/eacs/run_kd.py:141: FutureWarning: `torch.cuda.amp.GradScaler(args...)` is deprecated. Please use `torch.amp.GradScaler('cuda', args...)` instead.
  scaler = torch.cuda.amp.GradScaler() if use_amp else None

===== α=100.0, seed=123, weighting=top_3 =====
  Fused logit shape: (10000, 100)
  클래스당 기여 Teacher 수 분포: min=3, max=3, mean=3.00
  Loading parquet: /home/ssm-user/efs/workspace/extract_imagenet_100/data/imagenet100/train.parquet
  Loading parquet: /home/ssm-user/efs/workspace/extract_imagenet_100/data/imagenet100/validation.parquet
/home/ssm-user/efs/eacs/run_kd.py:166: FutureWarning: `torch.cuda.amp.autocast(args...)` is deprecated. Please use `torch.amp.autocast('cuda', args...)` instead.
  with torch.cuda.amp.autocast():
[kd_a100.0_s123_top_3] epoch   0 |    24.8s
  [kd_a100.0_s123_top_3] epoch   0 | loss=6.886 (ce=4.483, kd=9.290) | tr_acc=0.0398 | val_acc=0.0614
[kd_a100.0_s123_top_3] epoch   1 |    15.2s
[kd_a100.0_s123_top_3] epoch   2 |    15.3s
  [kd_a100.0_s123_top_3] epoch   2 | loss=5.948 (ce=3.933, kd=7.963) | tr_acc=0.1010 | val_acc=0.1230
[kd_a100.0_s123_top_3] epoch   3 |    13.8s
[kd_a100.0_s123_top_3] epoch   4 |    13.2s
  [kd_a100.0_s123_top_3] epoch   4 | loss=5.380 (ce=3.646, kd=7.115) | tr_acc=0.1512 | val_acc=0.1318
[kd_a100.0_s123_top_3] epoch   5 |    13.2s
[kd_a100.0_s123_top_3] epoch   6 |    13.4s
  [kd_a100.0_s123_top_3] epoch   6 | loss=4.965 (ce=3.422, kd=6.509) | tr_acc=0.1903 | val_acc=0.1930
[kd_a100.0_s123_top_3] epoch   7 |    13.3s
[kd_a100.0_s123_top_3] epoch   8 |    13.4s
  [kd_a100.0_s123_top_3] epoch   8 | loss=4.564 (ce=3.213, kd=5.915) | tr_acc=0.2344 | val_acc=0.2410
[kd_a100.0_s123_top_3] epoch   9 |    13.2s
[kd_a100.0_s123_top_3] epoch  10 |    13.1s
  [kd_a100.0_s123_top_3] epoch  10 | loss=4.261 (ce=3.042, kd=5.479) | tr_acc=0.2697 | val_acc=0.2494
[kd_a100.0_s123_top_3] epoch  11 |    13.1s
[kd_a100.0_s123_top_3] epoch  12 |    13.2s
  [kd_a100.0_s123_top_3] epoch  12 | loss=3.990 (ce=2.901, kd=5.079) | tr_acc=0.2986 | val_acc=0.2532
[kd_a100.0_s123_top_3] epoch  13 |    13.5s
[kd_a100.0_s123_top_3] epoch  14 |    13.4s
  [kd_a100.0_s123_top_3] epoch  14 | loss=3.629 (ce=2.690, kd=4.568) | tr_acc=0.3443 | val_acc=0.2828
[kd_a100.0_s123_top_3] epoch  15 |    13.1s
[kd_a100.0_s123_top_3] epoch  16 |    13.1s
  [kd_a100.0_s123_top_3] epoch  16 | loss=3.333 (ce=2.514, kd=4.151) | tr_acc=0.3802 | val_acc=0.2708
[kd_a100.0_s123_top_3] epoch  17 |    13.2s
[kd_a100.0_s123_top_3] epoch  18 |    13.2s
  [kd_a100.0_s123_top_3] epoch  18 | loss=3.116 (ce=2.389, kd=3.843) | tr_acc=0.4009 | val_acc=0.3278
[kd_a100.0_s123_top_3] epoch  19 |    13.3s
[kd_a100.0_s123_top_3] epoch  20 |    13.1s
  [kd_a100.0_s123_top_3] epoch  20 | loss=2.891 (ce=2.244, kd=3.539) | tr_acc=0.4383 | val_acc=0.3574
[kd_a100.0_s123_top_3] epoch  21 |    13.2s
[kd_a100.0_s123_top_3] epoch  22 |    13.2s
  [kd_a100.0_s123_top_3] epoch  22 | loss=2.768 (ce=2.168, kd=3.368) | tr_acc=0.4589 | val_acc=0.3810
[kd_a100.0_s123_top_3] epoch  23 |    13.3s
[kd_a100.0_s123_top_3] epoch  24 |    13.2s
  [kd_a100.0_s123_top_3] epoch  24 | loss=2.577 (ce=2.037, kd=3.117) | tr_acc=0.4791 | val_acc=0.4026
[kd_a100.0_s123_top_3] epoch  25 |    13.1s
[kd_a100.0_s123_top_3] epoch  26 |    13.3s
  [kd_a100.0_s123_top_3] epoch  26 | loss=2.458 (ce=1.953, kd=2.962) | tr_acc=0.4937 | val_acc=0.4288
[kd_a100.0_s123_top_3] epoch  27 |    13.2s
[kd_a100.0_s123_top_3] epoch  28 |    13.1s
  [kd_a100.0_s123_top_3] epoch  28 | loss=2.336 (ce=1.850, kd=2.821) | tr_acc=0.5204 | val_acc=0.4312
[kd_a100.0_s123_top_3] epoch  29 |    13.3s
[kd_a100.0_s123_top_3] epoch  30 |    13.1s
  [kd_a100.0_s123_top_3] epoch  30 | loss=2.230 (ce=1.764, kd=2.697) | tr_acc=0.5434 | val_acc=0.4340
[kd_a100.0_s123_top_3] epoch  31 |    13.3s
[kd_a100.0_s123_top_3] epoch  32 |    13.3s
  [kd_a100.0_s123_top_3] epoch  32 | loss=2.142 (ce=1.699, kd=2.586) | tr_acc=0.5517 | val_acc=0.4598
[kd_a100.0_s123_top_3] epoch  33 |    13.3s
[kd_a100.0_s123_top_3] epoch  34 |    13.4s
  [kd_a100.0_s123_top_3] epoch  34 | loss=2.020 (ce=1.602, kd=2.438) | tr_acc=0.5786 | val_acc=0.4678
[kd_a100.0_s123_top_3] epoch  35 |    13.2s
[kd_a100.0_s123_top_3] epoch  36 |    13.5s
  [kd_a100.0_s123_top_3] epoch  36 | loss=1.916 (ce=1.533, kd=2.299) | tr_acc=0.5926 | val_acc=0.4912
[kd_a100.0_s123_top_3] epoch  37 |    13.2s
[kd_a100.0_s123_top_3] epoch  38 |    13.1s
  [kd_a100.0_s123_top_3] epoch  38 | loss=1.832 (ce=1.451, kd=2.213) | tr_acc=0.6130 | val_acc=0.5240
[kd_a100.0_s123_top_3] epoch  39 |    13.2s
[kd_a100.0_s123_top_3] epoch  40 |    13.3s
  [kd_a100.0_s123_top_3] epoch  40 | loss=1.788 (ce=1.405, kd=2.172) | tr_acc=0.6303 | val_acc=0.5330
[kd_a100.0_s123_top_3] epoch  41 |    13.3s
[kd_a100.0_s123_top_3] epoch  42 |    13.2s
  [kd_a100.0_s123_top_3] epoch  42 | loss=1.716 (ce=1.345, kd=2.086) | tr_acc=0.6423 | val_acc=0.5184
[kd_a100.0_s123_top_3] epoch  43 |    13.2s
[kd_a100.0_s123_top_3] epoch  44 |    13.3s
  [kd_a100.0_s123_top_3] epoch  44 | loss=1.625 (ce=1.269, kd=1.981) | tr_acc=0.6651 | val_acc=0.5372
[kd_a100.0_s123_top_3] epoch  45 |    13.4s
[kd_a100.0_s123_top_3] epoch  46 |    13.2s
  [kd_a100.0_s123_top_3] epoch  46 | loss=1.555 (ce=1.192, kd=1.919) | tr_acc=0.6801 | val_acc=0.5532
[kd_a100.0_s123_top_3] epoch  47 |    13.2s
[kd_a100.0_s123_top_3] epoch  48 |    13.1s
  [kd_a100.0_s123_top_3] epoch  48 | loss=1.551 (ce=1.159, kd=1.943) | tr_acc=0.6897 | val_acc=0.5510
[kd_a100.0_s123_top_3] epoch  49 |    13.1s
[kd_a100.0_s123_top_3] epoch  50 |    13.2s
  [kd_a100.0_s123_top_3] epoch  50 | loss=1.441 (ce=1.091, kd=1.791) | tr_acc=0.7027 | val_acc=0.5622
[kd_a100.0_s123_top_3] epoch  51 |    13.2s
[kd_a100.0_s123_top_3] epoch  52 |    13.3s
  [kd_a100.0_s123_top_3] epoch  52 | loss=1.427 (ce=1.056, kd=1.799) | tr_acc=0.7193 | val_acc=0.5800
[kd_a100.0_s123_top_3] epoch  53 |    13.2s
[kd_a100.0_s123_top_3] epoch  54 |    13.2s
  [kd_a100.0_s123_top_3] epoch  54 | loss=1.345 (ce=0.981, kd=1.709) | tr_acc=0.7410 | val_acc=0.5792
[kd_a100.0_s123_top_3] epoch  55 |    13.1s
[kd_a100.0_s123_top_3] epoch  56 |    13.2s
  [kd_a100.0_s123_top_3] epoch  56 | loss=1.266 (ce=0.919, kd=1.613) | tr_acc=0.7593 | val_acc=0.5914
[kd_a100.0_s123_top_3] epoch  57 |    13.3s
[kd_a100.0_s123_top_3] epoch  58 |    13.2s
  [kd_a100.0_s123_top_3] epoch  58 | loss=1.228 (ce=0.876, kd=1.580) | tr_acc=0.7737 | val_acc=0.5870
[kd_a100.0_s123_top_3] epoch  59 |    13.4s
[kd_a100.0_s123_top_3] epoch  60 |    13.1s
  [kd_a100.0_s123_top_3] epoch  60 | loss=1.161 (ce=0.814, kd=1.509) | tr_acc=0.7869 | val_acc=0.5982
[kd_a100.0_s123_top_3] epoch  61 |    13.3s
[kd_a100.0_s123_top_3] epoch  62 |    13.2s
  [kd_a100.0_s123_top_3] epoch  62 | loss=1.110 (ce=0.778, kd=1.442) | tr_acc=0.7972 | val_acc=0.6016
[kd_a100.0_s123_top_3] epoch  63 |    13.2s
[kd_a100.0_s123_top_3] epoch  64 |    13.2s
  [kd_a100.0_s123_top_3] epoch  64 | loss=1.081 (ce=0.741, kd=1.421) | tr_acc=0.8094 | val_acc=0.6116
[kd_a100.0_s123_top_3] epoch  65 |    13.2s
[kd_a100.0_s123_top_3] epoch  66 |    13.3s
  [kd_a100.0_s123_top_3] epoch  66 | loss=1.099 (ce=0.742, kd=1.457) | tr_acc=0.8118 | val_acc=0.6128
[kd_a100.0_s123_top_3] epoch  67 |    13.1s
[kd_a100.0_s123_top_3] epoch  68 |    13.1s
  [kd_a100.0_s123_top_3] epoch  68 | loss=1.039 (ce=0.699, kd=1.379) | tr_acc=0.8260 | val_acc=0.6192
[kd_a100.0_s123_top_3] epoch  69 |    13.1s
[kd_a100.0_s123_top_3] epoch  70 |    13.4s
  [kd_a100.0_s123_top_3] epoch  70 | loss=1.010 (ce=0.671, kd=1.349) | tr_acc=0.8313 | val_acc=0.6176
[kd_a100.0_s123_top_3] epoch  71 |    13.2s
  [kd_a100.0_s123_top_3] epoch  71 | loss=1.023 (ce=0.669, kd=1.376) | tr_acc=0.8311 | val_acc=0.6130
[kd_a100.0_s123_top_3] epoch  72 |    13.2s
  [kd_a100.0_s123_top_3] epoch  72 | loss=0.998 (ce=0.658, kd=1.338) | tr_acc=0.8353 | val_acc=0.6176
[kd_a100.0_s123_top_3] epoch  73 |    13.1s
  [kd_a100.0_s123_top_3] epoch  73 | loss=0.989 (ce=0.643, kd=1.336) | tr_acc=0.8403 | val_acc=0.6220
[kd_a100.0_s123_top_3] epoch  74 |    13.1s
  [kd_a100.0_s123_top_3] epoch  74 | loss=0.977 (ce=0.633, kd=1.322) | tr_acc=0.8476 | val_acc=0.6220
[kd_a100.0_s123_top_3] epoch  75 |    13.1s
  [kd_a100.0_s123_top_3] epoch  75 | loss=0.996 (ce=0.636, kd=1.356) | tr_acc=0.8427 | val_acc=0.6222
[kd_a100.0_s123_top_3] epoch  76 |    13.4s
  [kd_a100.0_s123_top_3] epoch  76 | loss=0.958 (ce=0.614, kd=1.301) | tr_acc=0.8485 | val_acc=0.6216
[kd_a100.0_s123_top_3] epoch  77 |    13.2s
  [kd_a100.0_s123_top_3] epoch  77 | loss=0.991 (ce=0.627, kd=1.354) | tr_acc=0.8465 | val_acc=0.6232
[kd_a100.0_s123_top_3] epoch  78 |    13.3s
  [kd_a100.0_s123_top_3] epoch  78 | loss=0.975 (ce=0.631, kd=1.319) | tr_acc=0.8411 | val_acc=0.6234
[kd_a100.0_s123_top_3] epoch  79 |    13.3s
  [kd_a100.0_s123_top_3] epoch  79 | loss=0.973 (ce=0.633, kd=1.313) | tr_acc=0.8412 | val_acc=0.6224
[kd_a100.0_s123_top_3] SUMMARY | n=80 total=1074s mean=13.4s (min=13.1, max=24.8)
[kd_a100.0_s123_top_3] SUMMARY | n=80 total=1074s mean=13.4s (min=13.1, max=24.8)

  Lower=0.5292, Upper=0.8396, Gap=0.3104
  Student=0.6234 → Gap Recovery = 30.3%

===== DONE =====
  Final acc    : 0.6234
  Best epoch   : 78
  Gap Recovery : 30.3%
  saved        → /home/ssm-user/efs/eacs_results/kd_runs/alpha100.0_seed123_top_3
